{"E:\\ANDELA\\ecommerce-app-legends-bn\\src\\database\\models\\index.js":{"path":"E:\\ANDELA\\ecommerce-app-legends-bn\\src\\database\\models\\index.js","statementMap":{"0":{"start":{"line":3,"column":0},"end":{"line":5,"column":3}},"1":{"start":{"line":6,"column":0},"end":{"line":6,"column":30}},"2":{"start":{"line":7,"column":10},"end":{"line":7,"column":47}},"3":{"start":{"line":8,"column":12},"end":{"line":8,"column":51}},"4":{"start":{"line":9,"column":17},"end":{"line":9,"column":61}},"5":{"start":{"line":10,"column":39},"end":{"line":10,"column":93}},"6":{"start":{"line":11,"column":17},"end":{"line":11,"column":51}},"7":{"start":{"line":12,"column":15},"end":{"line":12,"column":48}},"8":{"start":{"line":13,"column":12},"end":{"line":13,"column":32}},"9":{"start":{"line":14,"column":11},"end":{"line":14,"column":13}},"10":{"start":{"line":16,"column":0},"end":{"line":20,"column":1}},"11":{"start":{"line":17,"column":2},"end":{"line":17,"column":54}},"12":{"start":{"line":19,"column":2},"end":{"line":19,"column":67}},"13":{"start":{"line":21,"column":0},"end":{"line":26,"column":3}},"14":{"start":{"line":22,"column":2},"end":{"line":22,"column":82}},"15":{"start":{"line":24,"column":16},"end":{"line":24,"column":101}},"16":{"start":{"line":25,"column":2},"end":{"line":25,"column":25}},"17":{"start":{"line":27,"column":0},"end":{"line":31,"column":3}},"18":{"start":{"line":28,"column":2},"end":{"line":30,"column":3}},"19":{"start":{"line":29,"column":4},"end":{"line":29,"column":32}},"20":{"start":{"line":32,"column":21},"end":{"line":32,"column":177}},"21":{"start":{"line":32,"column":57},"end":{"line":32,"column":108}},"22":{"start":{"line":32,"column":123},"end":{"line":32,"column":176}},"23":{"start":{"line":33,"column":0},"end":{"line":33,"column":36}},"24":{"start":{"line":34,"column":0},"end":{"line":34,"column":25}},"25":{"start":{"line":35,"column":0},"end":{"line":35,"column":34}},"26":{"start":{"line":36,"column":0},"end":{"line":36,"column":20}}},"fnMap":{"0":{"name":"_interopRequireDefault","decl":{"start":{"line":10,"column":9},"end":{"line":10,"column":31}},"loc":{"start":{"line":10,"column":37},"end":{"line":10,"column":95}},"line":10},"1":{"name":"(anonymous_1)","decl":{"start":{"line":21,"column":42},"end":{"line":21,"column":43}},"loc":{"start":{"line":21,"column":50},"end":{"line":23,"column":1}},"line":21},"2":{"name":"(anonymous_2)","decl":{"start":{"line":23,"column":11},"end":{"line":23,"column":12}},"loc":{"start":{"line":23,"column":19},"end":{"line":26,"column":1}},"line":23},"3":{"name":"(anonymous_3)","decl":{"start":{"line":27,"column":24},"end":{"line":27,"column":25}},"loc":{"start":{"line":27,"column":37},"end":{"line":31,"column":1}},"line":27},"4":{"name":"(anonymous_4)","decl":{"start":{"line":32,"column":51},"end":{"line":32,"column":52}},"loc":{"start":{"line":32,"column":57},"end":{"line":32,"column":108}},"line":32},"5":{"name":"(anonymous_5)","decl":{"start":{"line":32,"column":116},"end":{"line":32,"column":117}},"loc":{"start":{"line":32,"column":123},"end":{"line":32,"column":176}},"line":32}},"branchMap":{"0":{"loc":{"start":{"line":10,"column":46},"end":{"line":10,"column":92}},"type":"cond-expr","locations":[{"start":{"line":10,"column":70},"end":{"line":10,"column":73}},{"start":{"line":10,"column":76},"end":{"line":10,"column":92}}],"line":10},"1":{"loc":{"start":{"line":10,"column":46},"end":{"line":10,"column":67}},"type":"binary-expr","locations":[{"start":{"line":10,"column":46},"end":{"line":10,"column":49}},{"start":{"line":10,"column":53},"end":{"line":10,"column":67}}],"line":10},"2":{"loc":{"start":{"line":16,"column":0},"end":{"line":20,"column":1}},"type":"if","locations":[{"start":{"line":16,"column":0},"end":{"line":20,"column":1}},{"start":{"line":16,"column":0},"end":{"line":20,"column":1}}],"line":16},"3":{"loc":{"start":{"line":22,"column":9},"end":{"line":22,"column":81}},"type":"binary-expr","locations":[{"start":{"line":22,"column":9},"end":{"line":22,"column":32}},{"start":{"line":22,"column":36},"end":{"line":22,"column":53}},{"start":{"line":22,"column":57},"end":{"line":22,"column":81}}],"line":22},"4":{"loc":{"start":{"line":28,"column":2},"end":{"line":30,"column":3}},"type":"if","locations":[{"start":{"line":28,"column":2},"end":{"line":30,"column":3}},{"start":{"line":28,"column":2},"end":{"line":30,"column":3}}],"line":28}},"s":{"0":1,"1":1,"2":1,"3":1,"4":1,"5":3,"6":1,"7":1,"8":1,"9":1,"10":1,"11":1,"12":0,"13":1,"14":17,"15":16,"16":16,"17":1,"18":16,"19":15,"20":1,"21":1,"22":0,"23":1,"24":1,"25":1,"26":1},"f":{"0":3,"1":17,"2":16,"3":16,"4":1,"5":0},"b":{"0":[0,3],"1":[3,3],"2":[1,0],"3":[17,17,16],"4":[15,1]},"inputSourceMap":{"version":3,"names":["Object","defineProperty","exports","value","dbConnection","_fs","_interopRequireDefault","require","_path","_sequelize","obj","__esModule","default","basename","path","__filename","config","env","process","NODE_ENV","db","sequelize","url","Sequelize","DEV_DATABASE_URL","fs","readdirSync","__dirname","filter","file","indexOf","slice","forEach","model","join","DataTypes","name","keys","modelName","associate","authenticate","then","console","log","catch","err","module"],"sourceRoot":"E:\\ANDELA\\ecommerce-app-legends-bn\\src\\database\\models\\","sources":["index.js"],"sourcesContent":["'use strict';\r\n\r\nimport fs from 'fs';\r\nimport path from 'path';\r\nimport Sequelize from 'sequelize';\r\nconst basename = path.basename(__filename);\r\nconst config = require('../../config/config.js');\r\nconst env = process.env.NODE_ENV;\r\nconst db = {};\r\nlet sequelize;\r\nif (config[env].url) {\r\n  sequelize = new Sequelize(config[env].url);\r\n} else {\r\n  sequelize = new Sequelize(process.env.DEV_DATABASE_URL);\r\n}\r\n\r\nfs.readdirSync(__dirname)\r\n  .filter((file) => {\r\n    return (\r\n      file.indexOf('.') !== 0 && file !== basename && file.slice(-3) === '.js'\r\n    );\r\n  })\r\n  .forEach((file) => {\r\n    const model = require(path.join(__dirname, file))(\r\n      sequelize,\r\n      Sequelize.DataTypes\r\n    );\r\n    db[model.name] = model;\r\n  });\r\n\r\nObject.keys(db).forEach((modelName) => {\r\n  if (db[modelName].associate) {\r\n    db[modelName].associate(db);\r\n  }\r\n});\r\nexport const dbConnection=sequelize.authenticate().then(\r\n  ()=>console.log(env,'database connection established')\r\n).catch(err=>console.log('unable to connect to the database',err))\r\ndb.sequelize = sequelize;\r\ndb.Sequelize = Sequelize;\r\n\r\nmodule.exports = db;\r\n"],"mappings":"AAAA,YAAY;;AAACA,MAAA,CAAAC,cAAA,CAAAC,OAAA;EAAAC,KAAA;AAAA;AAAAD,OAAA,CAAAE,YAAA;AAEb,IAAAC,GAAA,GAAAC,sBAAA,CAAAC,OAAA;AACA,IAAAC,KAAA,GAAAF,sBAAA,CAAAC,OAAA;AACA,IAAAE,UAAA,GAAAH,sBAAA,CAAAC,OAAA;AAAkC,SAAAD,uBAAAI,GAAA,WAAAA,GAAA,IAAAA,GAAA,CAAAC,UAAA,GAAAD,GAAA,KAAAE,OAAA,EAAAF,GAAA;AAClC,MAAMG,QAAQ,GAAGC,aAAI,CAACD,QAAQ,CAACE,UAAU,CAAC;AAC1C,MAAMC,MAAM,GAAGT,OAAO,CAAC,wBAAwB,CAAC;AAChD,MAAMU,GAAG,GAAGC,OAAO,CAACD,GAAG,CAACE,QAAQ;AAChC,MAAMC,EAAE,GAAG,CAAC,CAAC;AACb,IAAIC,SAAS;AACb,IAAIL,MAAM,CAACC,GAAG,CAAC,CAACK,GAAG,EAAE;EACnBD,SAAS,GAAG,IAAIE,kBAAS,CAACP,MAAM,CAACC,GAAG,CAAC,CAACK,GAAG,CAAC;AAC5C,CAAC,MAAM;EACLD,SAAS,GAAG,IAAIE,kBAAS,CAACL,OAAO,CAACD,GAAG,CAACO,gBAAgB,CAAC;AACzD;AAEAC,WAAE,CAACC,WAAW,CAACC,SAAS,CAAC,CACtBC,MAAM,CAAEC,IAAI,IAAK;EAChB,OACEA,IAAI,CAACC,OAAO,CAAC,GAAG,CAAC,KAAK,CAAC,IAAID,IAAI,KAAKhB,QAAQ,IAAIgB,IAAI,CAACE,KAAK,CAAC,CAAC,CAAC,CAAC,KAAK,KAAK;AAE5E,CAAC,CAAC,CACDC,OAAO,CAAEH,IAAI,IAAK;EACjB,MAAMI,KAAK,GAAG1B,OAAO,CAACO,aAAI,CAACoB,IAAI,CAACP,SAAS,EAAEE,IAAI,CAAC,CAAC,CAC/CR,SAAS,EACTE,kBAAS,CAACY,SAAS,CACpB;EACDf,EAAE,CAACa,KAAK,CAACG,IAAI,CAAC,GAAGH,KAAK;AACxB,CAAC,CAAC;AAEJjC,MAAM,CAACqC,IAAI,CAACjB,EAAE,CAAC,CAACY,OAAO,CAAEM,SAAS,IAAK;EACrC,IAAIlB,EAAE,CAACkB,SAAS,CAAC,CAACC,SAAS,EAAE;IAC3BnB,EAAE,CAACkB,SAAS,CAAC,CAACC,SAAS,CAACnB,EAAE,CAAC;EAC7B;AACF,CAAC,CAAC;AACK,MAAMhB,YAAY,GAACiB,SAAS,CAACmB,YAAY,EAAE,CAACC,IAAI,CACrD,MAAIC,OAAO,CAACC,GAAG,CAAC1B,GAAG,EAAC,iCAAiC,CAAC,CACvD,CAAC2B,KAAK,CAACC,GAAG,IAAEH,OAAO,CAACC,GAAG,CAAC,mCAAmC,EAACE,GAAG,CAAC,CAAC;AAAA3C,OAAA,CAAAE,YAAA,GAAAA,YAAA;AAClEgB,EAAE,CAACC,SAAS,GAAGA,SAAS;AACxBD,EAAE,CAACG,SAAS,GAAGA,kBAAS;AAExBuB,MAAM,CAAC5C,OAAO,GAAGkB,EAAE"},"_coverageSchema":"1a1c01bbd47fc00a2c39e90264f33305004495a9","hash":"9e6931363f495abc6fed9321116029ac8c36aaf9","contentHash":"b140fd1c004f01449b5fd25503f238faed58b4941f73eeb5472c83dfd039ba43"},"E:\\ANDELA\\ecommerce-app-legends-bn\\src\\config\\config.js":{"path":"E:\\ANDELA\\ecommerce-app-legends-bn\\src\\config\\config.js","statementMap":{"0":{"start":{"line":3,"column":0},"end":{"line":3,"column":27}},"1":{"start":{"line":4,"column":0},"end":{"line":17,"column":2}}},"fnMap":{},"branchMap":{},"s":{"0":1,"1":1},"f":{},"b":{},"inputSourceMap":{"version":3,"names":["require","config","module","exports","development","url","process","env","DEV_DATABASE_URL","dialect","test","TEST_DATABASE_URL","production","DATABASE_URL"],"sourceRoot":"E:\\ANDELA\\ecommerce-app-legends-bn\\src\\config\\","sources":["config.js"],"sourcesContent":["require('dotenv').config()\r\nmodule.exports = {\r\n  development: {\r\n    url: process.env.DEV_DATABASE_URL,\r\n    dialect: 'postgres',\r\n  },\r\n  test: {\r\n    url: process.env.TEST_DATABASE_URL,\r\n    dialect: 'postgres',\r\n  },\r\n  production: {\r\n    url: process.env.DATABASE_URL,\r\n    dialect: 'postgres',\r\n  },\r\n}\r\n"],"mappings":";;AAAAA,OAAO,CAAC,QAAQ,CAAC,CAACC,MAAM,EAAE;AAC1BC,MAAM,CAACC,OAAO,GAAG;EACfC,WAAW,EAAE;IACXC,GAAG,EAAEC,OAAO,CAACC,GAAG,CAACC,gBAAgB;IACjCC,OAAO,EAAE;EACX,CAAC;EACDC,IAAI,EAAE;IACJL,GAAG,EAAEC,OAAO,CAACC,GAAG,CAACI,iBAAiB;IAClCF,OAAO,EAAE;EACX,CAAC;EACDG,UAAU,EAAE;IACVP,GAAG,EAAEC,OAAO,CAACC,GAAG,CAACM,YAAY;IAC7BJ,OAAO,EAAE;EACX;AACF,CAAC"},"_coverageSchema":"1a1c01bbd47fc00a2c39e90264f33305004495a9","hash":"9c731c894894d38cd27b0deafea2958fc6c7a606","contentHash":"251a6045f92b157c60fbff0c906d44ebfaa427ec8f6a1a8bd1c3713d3b3bda0c"},"E:\\ANDELA\\ecommerce-app-legends-bn\\src\\database\\models\\category.js":{"path":"E:\\ANDELA\\ecommerce-app-legends-bn\\src\\database\\models\\category.js","statementMap":{"0":{"start":{"line":5,"column":4},"end":{"line":5,"column":24}},"1":{"start":{"line":6,"column":0},"end":{"line":29,"column":2}},"2":{"start":{"line":15,"column":6},"end":{"line":17,"column":9}},"3":{"start":{"line":20,"column":2},"end":{"line":27,"column":5}},"4":{"start":{"line":28,"column":2},"end":{"line":28,"column":18}}},"fnMap":{"0":{"name":"(anonymous_0)","decl":{"start":{"line":6,"column":17},"end":{"line":6,"column":18}},"loc":{"start":{"line":6,"column":43},"end":{"line":29,"column":1}},"line":6},"1":{"name":"(anonymous_1)","decl":{"start":{"line":13,"column":4},"end":{"line":13,"column":5}},"loc":{"start":{"line":13,"column":29},"end":{"line":18,"column":5}},"line":13}},"branchMap":{},"s":{"0":1,"1":1,"2":1,"3":1,"4":1},"f":{"0":1,"1":1},"b":{},"inputSourceMap":{"version":3,"names":["Model","require","module","exports","sequelize","DataTypes","Category","associate","models","hasMany","Product","foreignKey","init","name","STRING","status","modelName","tableName"],"sourceRoot":"E:\\ANDELA\\ecommerce-app-legends-bn\\src\\database\\models\\","sources":["category.js"],"sourcesContent":["'use strict';\r\nconst {\r\n  Model\r\n} = require('sequelize');\r\nmodule.exports = (sequelize, DataTypes) => {\r\n  class Category extends Model {\r\n    /**\r\n     * Helper method for defining associations.\r\n     * This method is not a part of Sequelize lifecycle.\r\n     * The `models/index` file will call this method automatically.\r\n     */\r\n    static associate(models) {\r\n      // define association here\r\n      this.hasMany(models.Product, { foreignKey: 'categoryId'})\r\n    }\r\n  }\r\n  Category.init({\r\n    name: DataTypes.STRING,\r\n    status: DataTypes.STRING\r\n  }, {\r\n    sequelize,\r\n    modelName: 'Category',\r\n    tableName: 'Categories'\r\n  });\r\n  return Category;\r\n};"],"mappings":"AAAA,YAAY;;AACZ,MAAM;EACJA;AACF,CAAC,GAAGC,OAAO,CAAC,WAAW,CAAC;AACxBC,MAAM,CAACC,OAAO,GAAG,CAACC,SAAS,EAAEC,SAAS,KAAK;EACzC,MAAMC,QAAQ,SAASN,KAAK,CAAC;IAC3B;AACJ;AACA;AACA;AACA;IACI,OAAOO,SAASA,CAACC,MAAM,EAAE;MACvB;MACA,IAAI,CAACC,OAAO,CAACD,MAAM,CAACE,OAAO,EAAE;QAAEC,UAAU,EAAE;MAAY,CAAC,CAAC;IAC3D;EACF;EACAL,QAAQ,CAACM,IAAI,CAAC;IACZC,IAAI,EAAER,SAAS,CAACS,MAAM;IACtBC,MAAM,EAAEV,SAAS,CAACS;EACpB,CAAC,EAAE;IACDV,SAAS;IACTY,SAAS,EAAE,UAAU;IACrBC,SAAS,EAAE;EACb,CAAC,CAAC;EACF,OAAOX,QAAQ;AACjB,CAAC"},"_coverageSchema":"1a1c01bbd47fc00a2c39e90264f33305004495a9","hash":"8175003bf2a1aefb1f88d6a4865744f6e5e5d122","contentHash":"665ede4b4f8f20850e51ff463b7b5f67c8416f7aceaefa09befb929fc897277f"},"E:\\ANDELA\\ecommerce-app-legends-bn\\src\\database\\models\\coupon.js":{"path":"E:\\ANDELA\\ecommerce-app-legends-bn\\src\\database\\models\\coupon.js","statementMap":{"0":{"start":{"line":5,"column":4},"end":{"line":5,"column":24}},"1":{"start":{"line":6,"column":0},"end":{"line":36,"column":2}},"2":{"start":{"line":15,"column":6},"end":{"line":17,"column":9}},"3":{"start":{"line":18,"column":6},"end":{"line":20,"column":9}},"4":{"start":{"line":23,"column":2},"end":{"line":34,"column":5}},"5":{"start":{"line":35,"column":2},"end":{"line":35,"column":16}}},"fnMap":{"0":{"name":"(anonymous_0)","decl":{"start":{"line":6,"column":17},"end":{"line":6,"column":18}},"loc":{"start":{"line":6,"column":43},"end":{"line":36,"column":1}},"line":6},"1":{"name":"(anonymous_1)","decl":{"start":{"line":13,"column":4},"end":{"line":13,"column":5}},"loc":{"start":{"line":13,"column":29},"end":{"line":21,"column":5}},"line":13}},"branchMap":{},"s":{"0":1,"1":1,"2":1,"3":1,"4":1,"5":1},"f":{"0":1,"1":1},"b":{},"inputSourceMap":{"version":3,"names":["Model","require","module","exports","sequelize","DataTypes","Coupon","associate","models","belongsTo","user","foreignKey","hasMany","CouponProduct","init","code","STRING","discount_rate","INTEGER","expire_at","DATE","max_usage","usage","status","vendorId","UUID","modelName"],"sourceRoot":"E:\\ANDELA\\ecommerce-app-legends-bn\\src\\database\\models\\","sources":["coupon.js"],"sourcesContent":["'use strict';\r\nconst {\r\n  Model\r\n} = require('sequelize');\r\nmodule.exports = (sequelize, DataTypes) => {\r\n  class Coupon extends Model {\r\n    /**\r\n     * Helper method for defining associations.\r\n     * This method is not a part of Sequelize lifecycle.\r\n     * The `models/index` file will call this method automatically.\r\n     */\r\n    static associate(models) {\r\n      // define association here\r\n      this.belongsTo(models.user, { foreignKey: 'vendorId' })\r\n      this.hasMany(models.CouponProduct, { foreignKey: 'couponId' })\r\n    }\r\n  }\r\n  Coupon.init({\r\n    code: DataTypes.STRING,\r\n    discount_rate: DataTypes.INTEGER,\r\n    expire_at: DataTypes.DATE,\r\n    max_usage: DataTypes.INTEGER,\r\n    usage: DataTypes.INTEGER,\r\n    status: DataTypes.STRING,\r\n    vendorId: DataTypes.UUID,\r\n  }, {\r\n    sequelize,\r\n    modelName: 'Coupon',\r\n  });\r\n  return Coupon;\r\n};"],"mappings":"AAAA,YAAY;;AACZ,MAAM;EACJA;AACF,CAAC,GAAGC,OAAO,CAAC,WAAW,CAAC;AACxBC,MAAM,CAACC,OAAO,GAAG,CAACC,SAAS,EAAEC,SAAS,KAAK;EACzC,MAAMC,MAAM,SAASN,KAAK,CAAC;IACzB;AACJ;AACA;AACA;AACA;IACI,OAAOO,SAASA,CAACC,MAAM,EAAE;MACvB;MACA,IAAI,CAACC,SAAS,CAACD,MAAM,CAACE,IAAI,EAAE;QAAEC,UAAU,EAAE;MAAW,CAAC,CAAC;MACvD,IAAI,CAACC,OAAO,CAACJ,MAAM,CAACK,aAAa,EAAE;QAAEF,UAAU,EAAE;MAAW,CAAC,CAAC;IAChE;EACF;EACAL,MAAM,CAACQ,IAAI,CAAC;IACVC,IAAI,EAAEV,SAAS,CAACW,MAAM;IACtBC,aAAa,EAAEZ,SAAS,CAACa,OAAO;IAChCC,SAAS,EAAEd,SAAS,CAACe,IAAI;IACzBC,SAAS,EAAEhB,SAAS,CAACa,OAAO;IAC5BI,KAAK,EAAEjB,SAAS,CAACa,OAAO;IACxBK,MAAM,EAAElB,SAAS,CAACW,MAAM;IACxBQ,QAAQ,EAAEnB,SAAS,CAACoB;EACtB,CAAC,EAAE;IACDrB,SAAS;IACTsB,SAAS,EAAE;EACb,CAAC,CAAC;EACF,OAAOpB,MAAM;AACf,CAAC"},"_coverageSchema":"1a1c01bbd47fc00a2c39e90264f33305004495a9","hash":"5b3977059b674c51c83b3039cc9e30541c4b524a","contentHash":"3045dc11d84970a26708d3019d7e58c9d754cd07e2be89551c57dc65d044b825"},"E:\\ANDELA\\ecommerce-app-legends-bn\\src\\database\\models\\couponproduct.js":{"path":"E:\\ANDELA\\ecommerce-app-legends-bn\\src\\database\\models\\couponproduct.js","statementMap":{"0":{"start":{"line":5,"column":4},"end":{"line":5,"column":24}},"1":{"start":{"line":6,"column":0},"end":{"line":31,"column":2}},"2":{"start":{"line":15,"column":6},"end":{"line":17,"column":9}},"3":{"start":{"line":18,"column":6},"end":{"line":20,"column":9}},"4":{"start":{"line":23,"column":2},"end":{"line":29,"column":5}},"5":{"start":{"line":30,"column":2},"end":{"line":30,"column":23}}},"fnMap":{"0":{"name":"(anonymous_0)","decl":{"start":{"line":6,"column":17},"end":{"line":6,"column":18}},"loc":{"start":{"line":6,"column":43},"end":{"line":31,"column":1}},"line":6},"1":{"name":"(anonymous_1)","decl":{"start":{"line":13,"column":4},"end":{"line":13,"column":5}},"loc":{"start":{"line":13,"column":29},"end":{"line":21,"column":5}},"line":13}},"branchMap":{},"s":{"0":1,"1":1,"2":1,"3":1,"4":1,"5":1},"f":{"0":1,"1":1},"b":{},"inputSourceMap":{"version":3,"names":["Model","require","module","exports","sequelize","DataTypes","CouponProduct","associate","models","belongsTo","Coupon","foreignKey","ProductAttribute","init","couponId","INTEGER","prodcutAttributeId","modelName"],"sourceRoot":"E:\\ANDELA\\ecommerce-app-legends-bn\\src\\database\\models\\","sources":["couponproduct.js"],"sourcesContent":["'use strict';\r\nconst {\r\n  Model\r\n} = require('sequelize');\r\nmodule.exports = (sequelize, DataTypes) => {\r\n  class CouponProduct extends Model {\r\n    /**\r\n     * Helper method for defining associations.\r\n     * This method is not a part of Sequelize lifecycle.\r\n     * The `models/index` file will call this method automatically.\r\n     */\r\n    static associate(models) {\r\n      // define association here\r\n      this.belongsTo(models.Coupon, {foreignKey: 'couponId' })\r\n      this.belongsTo(models.ProductAttribute, {foreignKey: 'prodcutAttributeId' })\r\n    }\r\n  }\r\n  CouponProduct.init({\r\n    couponId: DataTypes.INTEGER,\r\n    prodcutAttributeId: DataTypes.INTEGER\r\n  }, {\r\n    sequelize,\r\n    modelName: 'CouponProduct',\r\n  });\r\n  return CouponProduct;\r\n};"],"mappings":"AAAA,YAAY;;AACZ,MAAM;EACJA;AACF,CAAC,GAAGC,OAAO,CAAC,WAAW,CAAC;AACxBC,MAAM,CAACC,OAAO,GAAG,CAACC,SAAS,EAAEC,SAAS,KAAK;EACzC,MAAMC,aAAa,SAASN,KAAK,CAAC;IAChC;AACJ;AACA;AACA;AACA;IACI,OAAOO,SAASA,CAACC,MAAM,EAAE;MACvB;MACA,IAAI,CAACC,SAAS,CAACD,MAAM,CAACE,MAAM,EAAE;QAACC,UAAU,EAAE;MAAW,CAAC,CAAC;MACxD,IAAI,CAACF,SAAS,CAACD,MAAM,CAACI,gBAAgB,EAAE;QAACD,UAAU,EAAE;MAAqB,CAAC,CAAC;IAC9E;EACF;EACAL,aAAa,CAACO,IAAI,CAAC;IACjBC,QAAQ,EAAET,SAAS,CAACU,OAAO;IAC3BC,kBAAkB,EAAEX,SAAS,CAACU;EAChC,CAAC,EAAE;IACDX,SAAS;IACTa,SAAS,EAAE;EACb,CAAC,CAAC;EACF,OAAOX,aAAa;AACtB,CAAC"},"_coverageSchema":"1a1c01bbd47fc00a2c39e90264f33305004495a9","hash":"f81a647d0b9cb4dccc0d213276deac05fdb2abf4","contentHash":"6e357a4bc20a1d2101e7ce33371c2296665711b69fac21a182866c91e223b941"},"E:\\ANDELA\\ecommerce-app-legends-bn\\src\\database\\models\\notification.js":{"path":"E:\\ANDELA\\ecommerce-app-legends-bn\\src\\database\\models\\notification.js","statementMap":{"0":{"start":{"line":5,"column":4},"end":{"line":5,"column":24}},"1":{"start":{"line":6,"column":0},"end":{"line":28,"column":2}},"2":{"start":{"line":17,"column":2},"end":{"line":26,"column":5}},"3":{"start":{"line":27,"column":2},"end":{"line":27,"column":22}}},"fnMap":{"0":{"name":"(anonymous_0)","decl":{"start":{"line":6,"column":17},"end":{"line":6,"column":18}},"loc":{"start":{"line":6,"column":43},"end":{"line":28,"column":1}},"line":6},"1":{"name":"(anonymous_1)","decl":{"start":{"line":13,"column":4},"end":{"line":13,"column":5}},"loc":{"start":{"line":13,"column":29},"end":{"line":15,"column":5}},"line":13}},"branchMap":{},"s":{"0":1,"1":1,"2":1,"3":1},"f":{"0":1,"1":1},"b":{},"inputSourceMap":{"version":3,"names":["Model","require","module","exports","sequelize","DataTypes","notification","associate","models","init","subject","STRING","message","type","isRead","BOOLEAN","userId","UUID","modelName"],"sourceRoot":"E:\\ANDELA\\ecommerce-app-legends-bn\\src\\database\\models\\","sources":["notification.js"],"sourcesContent":["'use strict';\r\nconst {\r\n  Model\r\n} = require('sequelize');\r\nmodule.exports = (sequelize, DataTypes) => {\r\n  class notification extends Model {\r\n    /**\r\n     * Helper method for defining associations.\r\n     * This method is not a part of Sequelize lifecycle.\r\n     * The `models/index` file will call this method automatically.\r\n     */\r\n    static associate(models) {\r\n      // define association here\r\n    }\r\n  }\r\n  notification.init({\r\n    subject: DataTypes.STRING,\r\n    message: DataTypes.STRING,\r\n    type: DataTypes.STRING,\r\n    isRead: DataTypes.BOOLEAN,\r\n    userId: DataTypes.UUID\r\n  }, {\r\n    sequelize,\r\n    modelName: 'notification',\r\n  });\r\n  return notification;\r\n};"],"mappings":"AAAA,YAAY;;AACZ,MAAM;EACJA;AACF,CAAC,GAAGC,OAAO,CAAC,WAAW,CAAC;AACxBC,MAAM,CAACC,OAAO,GAAG,CAACC,SAAS,EAAEC,SAAS,KAAK;EACzC,MAAMC,YAAY,SAASN,KAAK,CAAC;IAC/B;AACJ;AACA;AACA;AACA;IACI,OAAOO,SAASA,CAACC,MAAM,EAAE;MACvB;IAAA;EAEJ;EACAF,YAAY,CAACG,IAAI,CAAC;IAChBC,OAAO,EAAEL,SAAS,CAACM,MAAM;IACzBC,OAAO,EAAEP,SAAS,CAACM,MAAM;IACzBE,IAAI,EAAER,SAAS,CAACM,MAAM;IACtBG,MAAM,EAAET,SAAS,CAACU,OAAO;IACzBC,MAAM,EAAEX,SAAS,CAACY;EACpB,CAAC,EAAE;IACDb,SAAS;IACTc,SAAS,EAAE;EACb,CAAC,CAAC;EACF,OAAOZ,YAAY;AACrB,CAAC"},"_coverageSchema":"1a1c01bbd47fc00a2c39e90264f33305004495a9","hash":"fc8467511cd7772dddb0946f51e5b8bcbb962738","contentHash":"d6284691a3560637782636088fe400297364f4d3fab7f94abc87b1cc7d2d3878"},"E:\\ANDELA\\ecommerce-app-legends-bn\\src\\database\\models\\orderDetails.js":{"path":"E:\\ANDELA\\ecommerce-app-legends-bn\\src\\database\\models\\orderDetails.js","statementMap":{"0":{"start":{"line":5,"column":4},"end":{"line":5,"column":24}},"1":{"start":{"line":6,"column":0},"end":{"line":31,"column":2}},"2":{"start":{"line":14,"column":2},"end":{"line":29,"column":5}},"3":{"start":{"line":30,"column":2},"end":{"line":30,"column":22}}},"fnMap":{"0":{"name":"(anonymous_0)","decl":{"start":{"line":6,"column":17},"end":{"line":6,"column":18}},"loc":{"start":{"line":6,"column":43},"end":{"line":31,"column":1}},"line":6}},"branchMap":{},"s":{"0":1,"1":1,"2":1,"3":1},"f":{"0":1},"b":{},"inputSourceMap":{"version":3,"names":["Model","require","module","exports","sequelize","DataTypes","OrderDetails","init","id","type","UUID","primaryKey","allowNull","defaultValue","UUIDV4","name","STRING","color","size","quantity","price","modelName"],"sourceRoot":"E:\\ANDELA\\ecommerce-app-legends-bn\\src\\database\\models\\","sources":["orderDetails.js"],"sourcesContent":["'use strict';\r\nconst { Model } = require('sequelize');\r\nmodule.exports = (sequelize, DataTypes) => {\r\n  class OrderDetails extends Model {\r\n    /**\r\n     * Helper method for defining associations.\r\n     * This method is not a part of Sequelize lifecycle.\r\n     * The `models/index` file will call this method automatically.\r\n     */\r\n   \r\n  }\r\n  OrderDetails.init(\r\n    {\r\n      id: {\r\n        type: DataTypes.UUID,\r\n        primaryKey: true,\r\n        allowNull: false,\r\n        defaultValue: require('sequelize').UUIDV4,\r\n      },\r\n      name: DataTypes.STRING,\r\n      color:  DataTypes.STRING,\r\n      size:  DataTypes.STRING,\r\n      quantity:  DataTypes.STRING,\r\n      price:  DataTypes.STRING,\r\n    },\r\n    {\r\n      sequelize,\r\n      modelName: 'OrderDetails',\r\n    }\r\n  );\r\n  return OrderDetails;\r\n};\r\n"],"mappings":"AAAA,YAAY;;AACZ,MAAM;EAAEA;AAAM,CAAC,GAAGC,OAAO,CAAC,WAAW,CAAC;AACtCC,MAAM,CAACC,OAAO,GAAG,CAACC,SAAS,EAAEC,SAAS,KAAK;EACzC,MAAMC,YAAY,SAASN,KAAK,CAAC;IAC/B;AACJ;AACA;AACA;AACA;EAJI;EAOFM,YAAY,CAACC,IAAI,CACf;IACEC,EAAE,EAAE;MACFC,IAAI,EAAEJ,SAAS,CAACK,IAAI;MACpBC,UAAU,EAAE,IAAI;MAChBC,SAAS,EAAE,KAAK;MAChBC,YAAY,EAAEZ,OAAO,CAAC,WAAW,CAAC,CAACa;IACrC,CAAC;IACDC,IAAI,EAAEV,SAAS,CAACW,MAAM;IACtBC,KAAK,EAAGZ,SAAS,CAACW,MAAM;IACxBE,IAAI,EAAGb,SAAS,CAACW,MAAM;IACvBG,QAAQ,EAAGd,SAAS,CAACW,MAAM;IAC3BI,KAAK,EAAGf,SAAS,CAACW;EACpB,CAAC,EACD;IACEZ,SAAS;IACTiB,SAAS,EAAE;EACb,CAAC,CACF;EACD,OAAOf,YAAY;AACrB,CAAC"},"_coverageSchema":"1a1c01bbd47fc00a2c39e90264f33305004495a9","hash":"6ae7ce8896ec413ed7eb33b2b76d653aac2cb4f0","contentHash":"57499ae679c2b147ffed3934895c1363dc85b58ecd27e2c191accb4e0af85004"},"E:\\ANDELA\\ecommerce-app-legends-bn\\src\\database\\models\\orders.js":{"path":"E:\\ANDELA\\ecommerce-app-legends-bn\\src\\database\\models\\orders.js","statementMap":{"0":{"start":{"line":5,"column":4},"end":{"line":5,"column":24}},"1":{"start":{"line":6,"column":0},"end":{"line":38,"column":2}},"2":{"start":{"line":15,"column":6},"end":{"line":17,"column":9}},"3":{"start":{"line":20,"column":2},"end":{"line":36,"column":5}},"4":{"start":{"line":37,"column":2},"end":{"line":37,"column":15}}},"fnMap":{"0":{"name":"(anonymous_0)","decl":{"start":{"line":6,"column":17},"end":{"line":6,"column":18}},"loc":{"start":{"line":6,"column":43},"end":{"line":38,"column":1}},"line":6},"1":{"name":"(anonymous_1)","decl":{"start":{"line":13,"column":4},"end":{"line":13,"column":5}},"loc":{"start":{"line":13,"column":29},"end":{"line":18,"column":5}},"line":13}},"branchMap":{},"s":{"0":1,"1":1,"2":1,"3":1,"4":1},"f":{"0":1,"1":1},"b":{},"inputSourceMap":{"version":3,"names":["Model","require","module","exports","sequelize","DataTypes","Order","associate","models","belongsTo","user","foreignKey","init","id","type","UUID","primaryKey","allowNull","defaultValue","UUIDV4","amount","STRING","products","ARRAY","status","location","userId","trackingNumber","modelName"],"sourceRoot":"E:\\ANDELA\\ecommerce-app-legends-bn\\src\\database\\models\\","sources":["orders.js"],"sourcesContent":["'use strict';\r\nconst { Model } = require('sequelize');\r\nmodule.exports = (sequelize, DataTypes) => {\r\n  class Order extends Model {\r\n    /**\r\n     * Helper method for defining associations.\r\n     * This method is not a part of Sequelize lifecycle.\r\n     * The `models/index` file will call this method automatically.\r\n     */\r\n    static associate(models) {\r\n      // define association here\r\n      this.belongsTo(models.user, { foreignKey: 'userId' });\r\n    \r\n    }\r\n  }\r\n  Order.init(\r\n    {\r\n      id: {\r\n        type: DataTypes.UUID,\r\n        primaryKey: true,\r\n        allowNull: false,\r\n        defaultValue: require('sequelize').UUIDV4,\r\n      },\r\n      amount: DataTypes.STRING,\r\n      products: DataTypes.ARRAY(DataTypes.STRING),\r\n      status:  DataTypes.STRING,\r\n      location:  DataTypes.STRING,\r\n      userId: DataTypes.UUID,\r\n      trackingNumber: DataTypes.STRING\r\n    },\r\n    {\r\n      sequelize,\r\n      modelName: 'Order',\r\n    }\r\n  );\r\n  return Order;\r\n};\r\n"],"mappings":"AAAA,YAAY;;AACZ,MAAM;EAAEA;AAAM,CAAC,GAAGC,OAAO,CAAC,WAAW,CAAC;AACtCC,MAAM,CAACC,OAAO,GAAG,CAACC,SAAS,EAAEC,SAAS,KAAK;EACzC,MAAMC,KAAK,SAASN,KAAK,CAAC;IACxB;AACJ;AACA;AACA;AACA;IACI,OAAOO,SAASA,CAACC,MAAM,EAAE;MACvB;MACA,IAAI,CAACC,SAAS,CAACD,MAAM,CAACE,IAAI,EAAE;QAAEC,UAAU,EAAE;MAAS,CAAC,CAAC;IAEvD;EACF;EACAL,KAAK,CAACM,IAAI,CACR;IACEC,EAAE,EAAE;MACFC,IAAI,EAAET,SAAS,CAACU,IAAI;MACpBC,UAAU,EAAE,IAAI;MAChBC,SAAS,EAAE,KAAK;MAChBC,YAAY,EAAEjB,OAAO,CAAC,WAAW,CAAC,CAACkB;IACrC,CAAC;IACDC,MAAM,EAAEf,SAAS,CAACgB,MAAM;IACxBC,QAAQ,EAAEjB,SAAS,CAACkB,KAAK,CAAClB,SAAS,CAACgB,MAAM,CAAC;IAC3CG,MAAM,EAAGnB,SAAS,CAACgB,MAAM;IACzBI,QAAQ,EAAGpB,SAAS,CAACgB,MAAM;IAC3BK,MAAM,EAAErB,SAAS,CAACU,IAAI;IACtBY,cAAc,EAAEtB,SAAS,CAACgB;EAC5B,CAAC,EACD;IACEjB,SAAS;IACTwB,SAAS,EAAE;EACb,CAAC,CACF;EACD,OAAOtB,KAAK;AACd,CAAC"},"_coverageSchema":"1a1c01bbd47fc00a2c39e90264f33305004495a9","hash":"1576f70b311fccf089e47b32a27bfa99e738a710","contentHash":"be15c68e8574f6e1477da3f6ff97d7d74eaa4e30b92380d23b331e7e906f4e9b"},"E:\\ANDELA\\ecommerce-app-legends-bn\\src\\database\\models\\permission.js":{"path":"E:\\ANDELA\\ecommerce-app-legends-bn\\src\\database\\models\\permission.js","statementMap":{"0":{"start":{"line":5,"column":4},"end":{"line":5,"column":24}},"1":{"start":{"line":6,"column":0},"end":{"line":33,"column":2}},"2":{"start":{"line":14,"column":6},"end":{"line":16,"column":9}},"3":{"start":{"line":22,"column":2},"end":{"line":31,"column":5}},"4":{"start":{"line":32,"column":2},"end":{"line":32,"column":20}}},"fnMap":{"0":{"name":"(anonymous_0)","decl":{"start":{"line":6,"column":17},"end":{"line":6,"column":18}},"loc":{"start":{"line":6,"column":43},"end":{"line":33,"column":1}},"line":6},"1":{"name":"(anonymous_1)","decl":{"start":{"line":13,"column":4},"end":{"line":13,"column":5}},"loc":{"start":{"line":13,"column":29},"end":{"line":19,"column":5}},"line":13}},"branchMap":{},"s":{"0":1,"1":1,"2":1,"3":1,"4":1},"f":{"0":1,"1":1},"b":{},"inputSourceMap":{"version":3,"names":["Model","require","module","exports","sequelize","DataTypes","permission","associate","models","belongsToMany","role","through","rolePermission","init","name","type","ARRAY","STRING","modelName","tableName","timestamps"],"sourceRoot":"E:\\ANDELA\\ecommerce-app-legends-bn\\src\\database\\models\\","sources":["permission.js"],"sourcesContent":["'use strict';\r\nconst { Model } = require('sequelize');\r\nmodule.exports = (sequelize, DataTypes) => {\r\n  class permission extends Model {\r\n    /**\r\n     * Helper method for defining associations.\r\n     * This method is not a part of Sequelize lifecycle.\r\n     * The `models/index` file will call this method automatically.\r\n     */\r\n    static associate(models) {\r\n        permission.belongsToMany(models.role, {\r\n          through: models.rolePermission,\r\n        });\r\n        \r\n      // define association here\r\n    }\r\n  }\r\n  permission.init(\r\n    {\r\n      name: { type: DataTypes.ARRAY(DataTypes.STRING)},\r\n    },\r\n    {\r\n      sequelize,\r\n      modelName: 'permission',\r\n      tableName: 'permissions',\r\n      timestamps: false,\r\n    }\r\n  );\r\n  return permission;\r\n};\r\n"],"mappings":"AAAA,YAAY;;AACZ,MAAM;EAAEA;AAAM,CAAC,GAAGC,OAAO,CAAC,WAAW,CAAC;AACtCC,MAAM,CAACC,OAAO,GAAG,CAACC,SAAS,EAAEC,SAAS,KAAK;EACzC,MAAMC,UAAU,SAASN,KAAK,CAAC;IAC7B;AACJ;AACA;AACA;AACA;IACI,OAAOO,SAASA,CAACC,MAAM,EAAE;MACrBF,UAAU,CAACG,aAAa,CAACD,MAAM,CAACE,IAAI,EAAE;QACpCC,OAAO,EAAEH,MAAM,CAACI;MAClB,CAAC,CAAC;;MAEJ;IACF;EACF;;EACAN,UAAU,CAACO,IAAI,CACb;IACEC,IAAI,EAAE;MAAEC,IAAI,EAAEV,SAAS,CAACW,KAAK,CAACX,SAAS,CAACY,MAAM;IAAC;EACjD,CAAC,EACD;IACEb,SAAS;IACTc,SAAS,EAAE,YAAY;IACvBC,SAAS,EAAE,aAAa;IACxBC,UAAU,EAAE;EACd,CAAC,CACF;EACD,OAAOd,UAAU;AACnB,CAAC"},"_coverageSchema":"1a1c01bbd47fc00a2c39e90264f33305004495a9","hash":"67335d550feeadc006af212d4311e026741843bd","contentHash":"ad319579a5a83f86ed49ed1c3a4a767a4623ce09fb1b7bdc8b4d6725be74ec29"},"E:\\ANDELA\\ecommerce-app-legends-bn\\src\\database\\models\\product.js":{"path":"E:\\ANDELA\\ecommerce-app-legends-bn\\src\\database\\models\\product.js","statementMap":{"0":{"start":{"line":5,"column":4},"end":{"line":5,"column":24}},"1":{"start":{"line":6,"column":0},"end":{"line":57,"column":2}},"2":{"start":{"line":15,"column":6},"end":{"line":17,"column":9}},"3":{"start":{"line":18,"column":6},"end":{"line":20,"column":9}},"4":{"start":{"line":21,"column":6},"end":{"line":23,"column":9}},"5":{"start":{"line":24,"column":6},"end":{"line":26,"column":9}},"6":{"start":{"line":29,"column":2},"end":{"line":55,"column":5}},"7":{"start":{"line":56,"column":2},"end":{"line":56,"column":17}}},"fnMap":{"0":{"name":"(anonymous_0)","decl":{"start":{"line":6,"column":17},"end":{"line":6,"column":18}},"loc":{"start":{"line":6,"column":43},"end":{"line":57,"column":1}},"line":6},"1":{"name":"(anonymous_1)","decl":{"start":{"line":13,"column":4},"end":{"line":13,"column":5}},"loc":{"start":{"line":13,"column":29},"end":{"line":27,"column":5}},"line":13}},"branchMap":{},"s":{"0":1,"1":1,"2":1,"3":1,"4":1,"5":1,"6":1,"7":1},"f":{"0":1,"1":1},"b":{},"inputSourceMap":{"version":3,"names":["Model","require","module","exports","sequelize","DataTypes","Product","associate","models","belongsTo","Category","foreignKey","user","hasMany","ProductAttribute","ProductImage","init","id","type","UUID","primaryKey","allowNull","defaultValue","UUIDV4","name","STRING","slug","description","TEXT","model","image","keyword","status","ENUM","categoryId","INTEGER","userId","expiredAt","DATE","avgRating","cloudinaryId","modelName"],"sourceRoot":"E:\\ANDELA\\ecommerce-app-legends-bn\\src\\database\\models\\","sources":["product.js"],"sourcesContent":["'use strict';\r\nconst { Model } = require('sequelize');\r\nmodule.exports = (sequelize, DataTypes) => {\r\n  class Product extends Model {\r\n    /**\r\n     * Helper method for defining associations.\r\n     * This method is not a part of Sequelize lifecycle.\r\n     * The `models/index` file will call this method automatically.\r\n     */\r\n    static associate(models) {\r\n      // define association here\r\n      this.belongsTo(models.Category, { foreignKey: 'categoryId' });\r\n      this.belongsTo(models.user, { foreignKey: 'userId' });\r\n      this.hasMany(models.ProductAttribute, { foreignKey: 'productId' });\r\n      this.hasMany(models.ProductImage, { foreignKey: 'productId' });\r\n    }\r\n  }\r\n  Product.init(\r\n    {\r\n      id: {\r\n        type: DataTypes.UUID,\r\n        primaryKey: true,\r\n        allowNull: false,\r\n        defaultValue: require('sequelize').UUIDV4,\r\n      },\r\n      name: DataTypes.STRING,\r\n      slug: DataTypes.STRING,\r\n      description: DataTypes.TEXT,\r\n      model: DataTypes.STRING,\r\n      image: DataTypes.STRING,\r\n      keyword: DataTypes.STRING,\r\n      status: DataTypes.ENUM('AVAILABLE', 'UNAVAILABLE'),\r\n      categoryId: DataTypes.INTEGER,\r\n      userId: DataTypes.UUID,\r\n      expiredAt: DataTypes.DATE,\r\n      avgRating: {\r\n        type: DataTypes.INTEGER,\r\n        defaultValue: 0,\r\n        allowNull: false\r\n      },\r\n      cloudinaryId: DataTypes.STRING\r\n    },\r\n    {\r\n      sequelize,\r\n      modelName: 'Product',\r\n    }\r\n  );\r\n  return Product;\r\n};\r\n"],"mappings":"AAAA,YAAY;;AACZ,MAAM;EAAEA;AAAM,CAAC,GAAGC,OAAO,CAAC,WAAW,CAAC;AACtCC,MAAM,CAACC,OAAO,GAAG,CAACC,SAAS,EAAEC,SAAS,KAAK;EACzC,MAAMC,OAAO,SAASN,KAAK,CAAC;IAC1B;AACJ;AACA;AACA;AACA;IACI,OAAOO,SAASA,CAACC,MAAM,EAAE;MACvB;MACA,IAAI,CAACC,SAAS,CAACD,MAAM,CAACE,QAAQ,EAAE;QAAEC,UAAU,EAAE;MAAa,CAAC,CAAC;MAC7D,IAAI,CAACF,SAAS,CAACD,MAAM,CAACI,IAAI,EAAE;QAAED,UAAU,EAAE;MAAS,CAAC,CAAC;MACrD,IAAI,CAACE,OAAO,CAACL,MAAM,CAACM,gBAAgB,EAAE;QAAEH,UAAU,EAAE;MAAY,CAAC,CAAC;MAClE,IAAI,CAACE,OAAO,CAACL,MAAM,CAACO,YAAY,EAAE;QAAEJ,UAAU,EAAE;MAAY,CAAC,CAAC;IAChE;EACF;EACAL,OAAO,CAACU,IAAI,CACV;IACEC,EAAE,EAAE;MACFC,IAAI,EAAEb,SAAS,CAACc,IAAI;MACpBC,UAAU,EAAE,IAAI;MAChBC,SAAS,EAAE,KAAK;MAChBC,YAAY,EAAErB,OAAO,CAAC,WAAW,CAAC,CAACsB;IACrC,CAAC;IACDC,IAAI,EAAEnB,SAAS,CAACoB,MAAM;IACtBC,IAAI,EAAErB,SAAS,CAACoB,MAAM;IACtBE,WAAW,EAAEtB,SAAS,CAACuB,IAAI;IAC3BC,KAAK,EAAExB,SAAS,CAACoB,MAAM;IACvBK,KAAK,EAAEzB,SAAS,CAACoB,MAAM;IACvBM,OAAO,EAAE1B,SAAS,CAACoB,MAAM;IACzBO,MAAM,EAAE3B,SAAS,CAAC4B,IAAI,CAAC,WAAW,EAAE,aAAa,CAAC;IAClDC,UAAU,EAAE7B,SAAS,CAAC8B,OAAO;IAC7BC,MAAM,EAAE/B,SAAS,CAACc,IAAI;IACtBkB,SAAS,EAAEhC,SAAS,CAACiC,IAAI;IACzBC,SAAS,EAAE;MACTrB,IAAI,EAAEb,SAAS,CAAC8B,OAAO;MACvBb,YAAY,EAAE,CAAC;MACfD,SAAS,EAAE;IACb,CAAC;IACDmB,YAAY,EAAEnC,SAAS,CAACoB;EAC1B,CAAC,EACD;IACErB,SAAS;IACTqC,SAAS,EAAE;EACb,CAAC,CACF;EACD,OAAOnC,OAAO;AAChB,CAAC"},"_coverageSchema":"1a1c01bbd47fc00a2c39e90264f33305004495a9","hash":"df485e5a5bf8d4c8c5c1fd029052b0ab636e5341","contentHash":"ee59d369ac842a16f7934223a4166de30760d6721c75fede1fdd1dccd17092ae"},"E:\\ANDELA\\ecommerce-app-legends-bn\\src\\database\\models\\productattribute.js":{"path":"E:\\ANDELA\\ecommerce-app-legends-bn\\src\\database\\models\\productattribute.js","statementMap":{"0":{"start":{"line":5,"column":4},"end":{"line":5,"column":24}},"1":{"start":{"line":6,"column":0},"end":{"line":36,"column":2}},"2":{"start":{"line":15,"column":6},"end":{"line":17,"column":9}},"3":{"start":{"line":18,"column":6},"end":{"line":20,"column":9}},"4":{"start":{"line":23,"column":2},"end":{"line":34,"column":5}},"5":{"start":{"line":35,"column":2},"end":{"line":35,"column":26}}},"fnMap":{"0":{"name":"(anonymous_0)","decl":{"start":{"line":6,"column":17},"end":{"line":6,"column":18}},"loc":{"start":{"line":6,"column":43},"end":{"line":36,"column":1}},"line":6},"1":{"name":"(anonymous_1)","decl":{"start":{"line":13,"column":4},"end":{"line":13,"column":5}},"loc":{"start":{"line":13,"column":29},"end":{"line":21,"column":5}},"line":13}},"branchMap":{},"s":{"0":1,"1":1,"2":1,"3":1,"4":1,"5":1},"f":{"0":1,"1":1},"b":{},"inputSourceMap":{"version":3,"names":["Model","require","module","exports","sequelize","DataTypes","ProductAttribute","associate","models","belongsTo","Product","foreignKey","hasMany","shoppingCarts","init","price","INTEGER","size","STRING","color","productId","UUID","attrImage","quantity","cloudinaryId","modelName"],"sourceRoot":"E:\\ANDELA\\ecommerce-app-legends-bn\\src\\database\\models\\","sources":["productattribute.js"],"sourcesContent":["'use strict';\r\nconst {\r\n  Model\r\n} = require('sequelize');\r\nmodule.exports = (sequelize, DataTypes) => {\r\n  class ProductAttribute extends Model {\r\n    /**\r\n     * Helper method for defining associations.\r\n     * This method is not a part of Sequelize lifecycle.\r\n     * The `models/index` file will call this method automatically.\r\n     */\r\n    static associate(models) {\r\n      // define association here\r\n      this.belongsTo(models.Product, { foreignKey : 'productId' })\r\n      this.hasMany(models.shoppingCarts, { foreignKey : 'product' })\r\n    }\r\n  }\r\n  ProductAttribute.init({\r\n    price: DataTypes.INTEGER,\r\n    size: DataTypes.STRING,\r\n    color: DataTypes.STRING,\r\n    productId: DataTypes.UUID,\r\n    attrImage: DataTypes.STRING,\r\n    quantity: DataTypes.INTEGER,\r\n    cloudinaryId: DataTypes.STRING\r\n  }, {\r\n    sequelize,\r\n    modelName: 'ProductAttribute',\r\n  });\r\n  return ProductAttribute;\r\n};"],"mappings":"AAAA,YAAY;;AACZ,MAAM;EACJA;AACF,CAAC,GAAGC,OAAO,CAAC,WAAW,CAAC;AACxBC,MAAM,CAACC,OAAO,GAAG,CAACC,SAAS,EAAEC,SAAS,KAAK;EACzC,MAAMC,gBAAgB,SAASN,KAAK,CAAC;IACnC;AACJ;AACA;AACA;AACA;IACI,OAAOO,SAASA,CAACC,MAAM,EAAE;MACvB;MACA,IAAI,CAACC,SAAS,CAACD,MAAM,CAACE,OAAO,EAAE;QAAEC,UAAU,EAAG;MAAY,CAAC,CAAC;MAC5D,IAAI,CAACC,OAAO,CAACJ,MAAM,CAACK,aAAa,EAAE;QAAEF,UAAU,EAAG;MAAU,CAAC,CAAC;IAChE;EACF;EACAL,gBAAgB,CAACQ,IAAI,CAAC;IACpBC,KAAK,EAAEV,SAAS,CAACW,OAAO;IACxBC,IAAI,EAAEZ,SAAS,CAACa,MAAM;IACtBC,KAAK,EAAEd,SAAS,CAACa,MAAM;IACvBE,SAAS,EAAEf,SAAS,CAACgB,IAAI;IACzBC,SAAS,EAAEjB,SAAS,CAACa,MAAM;IAC3BK,QAAQ,EAAElB,SAAS,CAACW,OAAO;IAC3BQ,YAAY,EAAEnB,SAAS,CAACa;EAC1B,CAAC,EAAE;IACDd,SAAS;IACTqB,SAAS,EAAE;EACb,CAAC,CAAC;EACF,OAAOnB,gBAAgB;AACzB,CAAC"},"_coverageSchema":"1a1c01bbd47fc00a2c39e90264f33305004495a9","hash":"78f52c1c3edd46522a82943ad69433b2ae1c237e","contentHash":"207481044556c07641073e6548d163c60f0ea50e005b9666a3b4e37c5e1ca5d7"},"E:\\ANDELA\\ecommerce-app-legends-bn\\src\\database\\models\\productimage.js":{"path":"E:\\ANDELA\\ecommerce-app-legends-bn\\src\\database\\models\\productimage.js","statementMap":{"0":{"start":{"line":5,"column":4},"end":{"line":5,"column":24}},"1":{"start":{"line":6,"column":0},"end":{"line":30,"column":2}},"2":{"start":{"line":15,"column":6},"end":{"line":17,"column":9}},"3":{"start":{"line":20,"column":2},"end":{"line":28,"column":5}},"4":{"start":{"line":29,"column":2},"end":{"line":29,"column":22}}},"fnMap":{"0":{"name":"(anonymous_0)","decl":{"start":{"line":6,"column":17},"end":{"line":6,"column":18}},"loc":{"start":{"line":6,"column":43},"end":{"line":30,"column":1}},"line":6},"1":{"name":"(anonymous_1)","decl":{"start":{"line":13,"column":4},"end":{"line":13,"column":5}},"loc":{"start":{"line":13,"column":29},"end":{"line":18,"column":5}},"line":13}},"branchMap":{},"s":{"0":1,"1":1,"2":1,"3":1,"4":1},"f":{"0":1,"1":1},"b":{},"inputSourceMap":{"version":3,"names":["Model","require","module","exports","sequelize","DataTypes","ProductImage","associate","models","belongsTo","Product","foreignKey","init","prodImage","STRING","productId","UUID","status","cloudinaryId","modelName"],"sourceRoot":"E:\\ANDELA\\ecommerce-app-legends-bn\\src\\database\\models\\","sources":["productimage.js"],"sourcesContent":["'use strict';\r\nconst {\r\n  Model\r\n} = require('sequelize');\r\nmodule.exports = (sequelize, DataTypes) => {\r\n  class ProductImage extends Model {\r\n    /**\r\n     * Helper method for defining associations.\r\n     * This method is not a part of Sequelize lifecycle.\r\n     * The `models/index` file will call this method automatically.\r\n     */\r\n    static associate(models) {\r\n      // define association here\r\n      this.belongsTo(models.Product, {foreignKey: 'productId'})\r\n    }\r\n  }\r\n  ProductImage.init({\r\n    prodImage: DataTypes.STRING,\r\n    productId:  DataTypes.UUID,\r\n    status: DataTypes.STRING,\r\n    cloudinaryId: DataTypes.STRING\r\n  }, {\r\n    sequelize,\r\n    modelName: 'ProductImage',\r\n  });\r\n  return ProductImage;\r\n};"],"mappings":"AAAA,YAAY;;AACZ,MAAM;EACJA;AACF,CAAC,GAAGC,OAAO,CAAC,WAAW,CAAC;AACxBC,MAAM,CAACC,OAAO,GAAG,CAACC,SAAS,EAAEC,SAAS,KAAK;EACzC,MAAMC,YAAY,SAASN,KAAK,CAAC;IAC/B;AACJ;AACA;AACA;AACA;IACI,OAAOO,SAASA,CAACC,MAAM,EAAE;MACvB;MACA,IAAI,CAACC,SAAS,CAACD,MAAM,CAACE,OAAO,EAAE;QAACC,UAAU,EAAE;MAAW,CAAC,CAAC;IAC3D;EACF;EACAL,YAAY,CAACM,IAAI,CAAC;IAChBC,SAAS,EAAER,SAAS,CAACS,MAAM;IAC3BC,SAAS,EAAGV,SAAS,CAACW,IAAI;IAC1BC,MAAM,EAAEZ,SAAS,CAACS,MAAM;IACxBI,YAAY,EAAEb,SAAS,CAACS;EAC1B,CAAC,EAAE;IACDV,SAAS;IACTe,SAAS,EAAE;EACb,CAAC,CAAC;EACF,OAAOb,YAAY;AACrB,CAAC"},"_coverageSchema":"1a1c01bbd47fc00a2c39e90264f33305004495a9","hash":"f7f52ec7b129c76753e578c673798d487d855f38","contentHash":"225314f22be31f3953cb6d4eeda7422e65fa46c117ed6f92f21987d5d2666f63"},"E:\\ANDELA\\ecommerce-app-legends-bn\\src\\database\\models\\productrating.js":{"path":"E:\\ANDELA\\ecommerce-app-legends-bn\\src\\database\\models\\productrating.js","statementMap":{"0":{"start":{"line":5,"column":4},"end":{"line":5,"column":24}},"1":{"start":{"line":6,"column":0},"end":{"line":27,"column":2}},"2":{"start":{"line":17,"column":2},"end":{"line":25,"column":5}},"3":{"start":{"line":26,"column":2},"end":{"line":26,"column":23}}},"fnMap":{"0":{"name":"(anonymous_0)","decl":{"start":{"line":6,"column":17},"end":{"line":6,"column":18}},"loc":{"start":{"line":6,"column":43},"end":{"line":27,"column":1}},"line":6},"1":{"name":"(anonymous_1)","decl":{"start":{"line":13,"column":4},"end":{"line":13,"column":5}},"loc":{"start":{"line":13,"column":29},"end":{"line":15,"column":5}},"line":13}},"branchMap":{},"s":{"0":1,"1":1,"2":1,"3":1},"f":{"0":1,"1":1},"b":{},"inputSourceMap":{"version":3,"names":["Model","require","module","exports","sequelize","DataTypes","ProductRating","associate","models","init","rating","INTEGER","comment","TEXT","productId","UUID","userId","modelName"],"sourceRoot":"E:\\ANDELA\\ecommerce-app-legends-bn\\src\\database\\models\\","sources":["productrating.js"],"sourcesContent":["'use strict';\r\nconst {\r\n  Model\r\n} = require('sequelize');\r\nmodule.exports = (sequelize, DataTypes) => {\r\n  class ProductRating extends Model {\r\n    /**\r\n     * Helper method for defining associations.\r\n     * This method is not a part of Sequelize lifecycle.\r\n     * The `models/index` file will call this method automatically.\r\n     */\r\n    static associate(models) {\r\n      // define association here\r\n    }\r\n  }\r\n  ProductRating.init({\r\n    rating: DataTypes.INTEGER,\r\n    comment: DataTypes.TEXT,\r\n    productId: DataTypes.UUID,\r\n    userId: DataTypes.UUID\r\n  }, {\r\n    sequelize,\r\n    modelName: 'ProductRating',\r\n  });\r\n  return ProductRating;\r\n};"],"mappings":"AAAA,YAAY;;AACZ,MAAM;EACJA;AACF,CAAC,GAAGC,OAAO,CAAC,WAAW,CAAC;AACxBC,MAAM,CAACC,OAAO,GAAG,CAACC,SAAS,EAAEC,SAAS,KAAK;EACzC,MAAMC,aAAa,SAASN,KAAK,CAAC;IAChC;AACJ;AACA;AACA;AACA;IACI,OAAOO,SAASA,CAACC,MAAM,EAAE;MACvB;IAAA;EAEJ;EACAF,aAAa,CAACG,IAAI,CAAC;IACjBC,MAAM,EAAEL,SAAS,CAACM,OAAO;IACzBC,OAAO,EAAEP,SAAS,CAACQ,IAAI;IACvBC,SAAS,EAAET,SAAS,CAACU,IAAI;IACzBC,MAAM,EAAEX,SAAS,CAACU;EACpB,CAAC,EAAE;IACDX,SAAS;IACTa,SAAS,EAAE;EACb,CAAC,CAAC;EACF,OAAOX,aAAa;AACtB,CAAC"},"_coverageSchema":"1a1c01bbd47fc00a2c39e90264f33305004495a9","hash":"12036ae1e43f5a394df7e7bc99cf75120aa1438e","contentHash":"aae2e22f5796b5a7b9a924210ed48f7859b76a9be1f16481c0f38a3487b1b123"},"E:\\ANDELA\\ecommerce-app-legends-bn\\src\\database\\models\\role.js":{"path":"E:\\ANDELA\\ecommerce-app-legends-bn\\src\\database\\models\\role.js","statementMap":{"0":{"start":{"line":5,"column":4},"end":{"line":5,"column":24}},"1":{"start":{"line":6,"column":0},"end":{"line":35,"column":2}},"2":{"start":{"line":15,"column":6},"end":{"line":17,"column":9}},"3":{"start":{"line":18,"column":6},"end":{"line":20,"column":9}},"4":{"start":{"line":23,"column":2},"end":{"line":33,"column":5}},"5":{"start":{"line":34,"column":2},"end":{"line":34,"column":14}}},"fnMap":{"0":{"name":"(anonymous_0)","decl":{"start":{"line":6,"column":17},"end":{"line":6,"column":18}},"loc":{"start":{"line":6,"column":43},"end":{"line":35,"column":1}},"line":6},"1":{"name":"(anonymous_1)","decl":{"start":{"line":13,"column":4},"end":{"line":13,"column":5}},"loc":{"start":{"line":13,"column":29},"end":{"line":21,"column":5}},"line":13}},"branchMap":{},"s":{"0":1,"1":1,"2":1,"3":1,"4":1,"5":1},"f":{"0":1,"1":1},"b":{},"inputSourceMap":{"version":3,"names":["Model","require","module","exports","sequelize","DataTypes","role","associate","models","hasMany","user","foreignKey","belongsToMany","permission","through","rolePermission","init","name","allowNull","type","STRING","modelName","tableName","timestamps"],"sourceRoot":"E:\\ANDELA\\ecommerce-app-legends-bn\\src\\database\\models\\","sources":["role.js"],"sourcesContent":["'use strict';\r\nconst { Model } = require('sequelize');\r\nmodule.exports = (sequelize, DataTypes) => {\r\n  class role extends Model {\r\n    /**\r\n     * Helper method for defining associations.\r\n     * This method is not a part of Sequelize lifecycle.\r\n     * The `models/index` file will call this method automatically.\r\n     */\r\n    static associate(models) {\r\n      // define association here\r\n      role.hasMany(models.user, { foreignKey: 'roleId'});\r\n          role.belongsToMany(models.permission, {\r\n            through: models.rolePermission,\r\n          });\r\n    }\r\n  }\r\n  role.init(\r\n    {\r\n      name: { allowNull: false, type: DataTypes.STRING },\r\n    },\r\n    {\r\n      sequelize,\r\n      modelName: 'role',\r\n      tableName: 'roles',\r\n      timestamps: false,\r\n    }\r\n  );\r\n  return role;\r\n};\r\n"],"mappings":"AAAA,YAAY;;AACZ,MAAM;EAAEA;AAAM,CAAC,GAAGC,OAAO,CAAC,WAAW,CAAC;AACtCC,MAAM,CAACC,OAAO,GAAG,CAACC,SAAS,EAAEC,SAAS,KAAK;EACzC,MAAMC,IAAI,SAASN,KAAK,CAAC;IACvB;AACJ;AACA;AACA;AACA;IACI,OAAOO,SAASA,CAACC,MAAM,EAAE;MACvB;MACAF,IAAI,CAACG,OAAO,CAACD,MAAM,CAACE,IAAI,EAAE;QAAEC,UAAU,EAAE;MAAQ,CAAC,CAAC;MAC9CL,IAAI,CAACM,aAAa,CAACJ,MAAM,CAACK,UAAU,EAAE;QACpCC,OAAO,EAAEN,MAAM,CAACO;MAClB,CAAC,CAAC;IACR;EACF;EACAT,IAAI,CAACU,IAAI,CACP;IACEC,IAAI,EAAE;MAAEC,SAAS,EAAE,KAAK;MAAEC,IAAI,EAAEd,SAAS,CAACe;IAAO;EACnD,CAAC,EACD;IACEhB,SAAS;IACTiB,SAAS,EAAE,MAAM;IACjBC,SAAS,EAAE,OAAO;IAClBC,UAAU,EAAE;EACd,CAAC,CACF;EACD,OAAOjB,IAAI;AACb,CAAC"},"_coverageSchema":"1a1c01bbd47fc00a2c39e90264f33305004495a9","hash":"b30acbbcce7cdc933d7e8a315ad4911e8a0a7258","contentHash":"8bca6f40263e8cac0c8ffa85e2f68c46c93f2b49458eeea185319a7cf788c318"},"E:\\ANDELA\\ecommerce-app-legends-bn\\src\\database\\models\\rolepermission.js":{"path":"E:\\ANDELA\\ecommerce-app-legends-bn\\src\\database\\models\\rolepermission.js","statementMap":{"0":{"start":{"line":5,"column":4},"end":{"line":5,"column":24}},"1":{"start":{"line":6,"column":13},"end":{"line":6,"column":30}},"2":{"start":{"line":7,"column":0},"end":{"line":25,"column":2}},"3":{"start":{"line":18,"column":2},"end":{"line":23,"column":5}},"4":{"start":{"line":24,"column":2},"end":{"line":24,"column":24}}},"fnMap":{"0":{"name":"(anonymous_0)","decl":{"start":{"line":7,"column":17},"end":{"line":7,"column":18}},"loc":{"start":{"line":7,"column":43},"end":{"line":25,"column":1}},"line":7},"1":{"name":"(anonymous_1)","decl":{"start":{"line":14,"column":4},"end":{"line":14,"column":5}},"loc":{"start":{"line":14,"column":29},"end":{"line":16,"column":5}},"line":14}},"branchMap":{},"s":{"0":1,"1":1,"2":1,"3":1,"4":1},"f":{"0":1,"1":1},"b":{},"inputSourceMap":{"version":3,"names":["Model","require","role","module","exports","sequelize","DataTypes","rolePermission","associate","models","init","modelName","tableName","timestamps"],"sourceRoot":"E:\\ANDELA\\ecommerce-app-legends-bn\\src\\database\\models\\","sources":["rolepermission.js"],"sourcesContent":["'use strict';\r\nconst { Model } = require('sequelize');\r\nconst role = require('./role');\r\nmodule.exports = (sequelize, DataTypes) => {\r\n  class rolePermission extends Model {\r\n    /**\r\n     * Helper method for defining associations.\r\n     * This method is not a part of Sequelize lifecycle.\r\n     * The `models/index` file will call this method automatically.\r\n     */\r\n    static associate(models) {\r\n      // define association here\r\n\r\n    }\r\n  }\r\n  rolePermission.init(\r\n    {\r\n      \r\n    },\r\n    {\r\n      sequelize,\r\n      modelName: 'rolePermission',\r\n      tableName: 'rolePermissions',\r\n      timestamps: false,\r\n    }\r\n  );\r\n  return rolePermission;\r\n};\r\n"],"mappings":"AAAA,YAAY;;AACZ,MAAM;EAAEA;AAAM,CAAC,GAAGC,OAAO,CAAC,WAAW,CAAC;AACtC,MAAMC,IAAI,GAAGD,OAAO,CAAC,QAAQ,CAAC;AAC9BE,MAAM,CAACC,OAAO,GAAG,CAACC,SAAS,EAAEC,SAAS,KAAK;EACzC,MAAMC,cAAc,SAASP,KAAK,CAAC;IACjC;AACJ;AACA;AACA;AACA;IACI,OAAOQ,SAASA,CAACC,MAAM,EAAE;MACvB;IAAA;EAGJ;EACAF,cAAc,CAACG,IAAI,CACjB,CAEA,CAAC,EACD;IACEL,SAAS;IACTM,SAAS,EAAE,gBAAgB;IAC3BC,SAAS,EAAE,iBAAiB;IAC5BC,UAAU,EAAE;EACd,CAAC,CACF;EACD,OAAON,cAAc;AACvB,CAAC"},"_coverageSchema":"1a1c01bbd47fc00a2c39e90264f33305004495a9","hash":"876c11d744059959107fccec27423d96f93942f7","contentHash":"4f154b37390a21f8de142b9dd623e9357264b633e98e5fa461e9958024207cf9"},"E:\\ANDELA\\ecommerce-app-legends-bn\\src\\database\\models\\shoppingcarts.js":{"path":"E:\\ANDELA\\ecommerce-app-legends-bn\\src\\database\\models\\shoppingcarts.js","statementMap":{"0":{"start":{"line":5,"column":4},"end":{"line":5,"column":24}},"1":{"start":{"line":6,"column":0},"end":{"line":34,"column":2}},"2":{"start":{"line":15,"column":6},"end":{"line":17,"column":9}},"3":{"start":{"line":18,"column":6},"end":{"line":20,"column":9}},"4":{"start":{"line":23,"column":2},"end":{"line":32,"column":5}},"5":{"start":{"line":33,"column":2},"end":{"line":33,"column":23}}},"fnMap":{"0":{"name":"(anonymous_0)","decl":{"start":{"line":6,"column":17},"end":{"line":6,"column":18}},"loc":{"start":{"line":6,"column":43},"end":{"line":34,"column":1}},"line":6},"1":{"name":"(anonymous_1)","decl":{"start":{"line":13,"column":4},"end":{"line":13,"column":5}},"loc":{"start":{"line":13,"column":29},"end":{"line":21,"column":5}},"line":13}},"branchMap":{},"s":{"0":1,"1":1,"2":1,"3":1,"4":1,"5":1},"f":{"0":1,"1":1},"b":{},"inputSourceMap":{"version":3,"names":["Model","require","module","exports","sequelize","DataTypes","shoppingCarts","associate","models","belongsTo","user","foreignKey","ProductAttribute","init","buyer","UUID","product","INTEGER","quantity","totalpricePerProduct","cartStatus","modelName"],"sourceRoot":"E:\\ANDELA\\ecommerce-app-legends-bn\\src\\database\\models\\","sources":["shoppingcarts.js"],"sourcesContent":["'use strict';\r\nconst {\r\n  Model\r\n} = require('sequelize');\r\nmodule.exports = (sequelize, DataTypes) => {\r\n  class shoppingCarts extends Model {\r\n    /**\r\n     * Helper method for defining associations.\r\n     * This method is not a part of Sequelize lifecycle.\r\n     * The `models/index` file will call this method automatically.\r\n     */\r\n    static associate(models) {\r\n      // define association here\r\n      this.belongsTo(models.user, { foreignKey: 'buyer' });\r\n      this.belongsTo(models.ProductAttribute, { foreignKey: 'product' });\r\n    }\r\n  }\r\n  shoppingCarts.init({\r\n    buyer: DataTypes.UUID,\r\n    product: DataTypes.INTEGER,\r\n    quantity: DataTypes.INTEGER,\r\n    totalpricePerProduct:DataTypes.INTEGER,\r\n    cartStatus:DataTypes.INTEGER\r\n  }, {\r\n    sequelize,\r\n    modelName: 'shoppingCarts',\r\n  });\r\n  return shoppingCarts;\r\n};"],"mappings":"AAAA,YAAY;;AACZ,MAAM;EACJA;AACF,CAAC,GAAGC,OAAO,CAAC,WAAW,CAAC;AACxBC,MAAM,CAACC,OAAO,GAAG,CAACC,SAAS,EAAEC,SAAS,KAAK;EACzC,MAAMC,aAAa,SAASN,KAAK,CAAC;IAChC;AACJ;AACA;AACA;AACA;IACI,OAAOO,SAASA,CAACC,MAAM,EAAE;MACvB;MACA,IAAI,CAACC,SAAS,CAACD,MAAM,CAACE,IAAI,EAAE;QAAEC,UAAU,EAAE;MAAQ,CAAC,CAAC;MACpD,IAAI,CAACF,SAAS,CAACD,MAAM,CAACI,gBAAgB,EAAE;QAAED,UAAU,EAAE;MAAU,CAAC,CAAC;IACpE;EACF;EACAL,aAAa,CAACO,IAAI,CAAC;IACjBC,KAAK,EAAET,SAAS,CAACU,IAAI;IACrBC,OAAO,EAAEX,SAAS,CAACY,OAAO;IAC1BC,QAAQ,EAAEb,SAAS,CAACY,OAAO;IAC3BE,oBAAoB,EAACd,SAAS,CAACY,OAAO;IACtCG,UAAU,EAACf,SAAS,CAACY;EACvB,CAAC,EAAE;IACDb,SAAS;IACTiB,SAAS,EAAE;EACb,CAAC,CAAC;EACF,OAAOf,aAAa;AACtB,CAAC"},"_coverageSchema":"1a1c01bbd47fc00a2c39e90264f33305004495a9","hash":"e94533713c1ee0971254a4376ef92a35e62ce604","contentHash":"69c114d3d1fb8b26f748b1790b732d9e5822e9e17680af640df97d874f15dfa1"},"E:\\ANDELA\\ecommerce-app-legends-bn\\src\\database\\models\\user.js":{"path":"E:\\ANDELA\\ecommerce-app-legends-bn\\src\\database\\models\\user.js","statementMap":{"0":{"start":{"line":5,"column":4},"end":{"line":5,"column":24}},"1":{"start":{"line":6,"column":0},"end":{"line":84,"column":2}},"2":{"start":{"line":15,"column":6},"end":{"line":17,"column":9}},"3":{"start":{"line":20,"column":2},"end":{"line":82,"column":5}},"4":{"start":{"line":83,"column":2},"end":{"line":83,"column":14}}},"fnMap":{"0":{"name":"(anonymous_0)","decl":{"start":{"line":6,"column":17},"end":{"line":6,"column":18}},"loc":{"start":{"line":6,"column":43},"end":{"line":84,"column":1}},"line":6},"1":{"name":"(anonymous_1)","decl":{"start":{"line":13,"column":4},"end":{"line":13,"column":5}},"loc":{"start":{"line":13,"column":29},"end":{"line":18,"column":5}},"line":13}},"branchMap":{},"s":{"0":1,"1":1,"2":1,"3":1,"4":1},"f":{"0":1,"1":1},"b":{},"inputSourceMap":{"version":3,"names":["Model","require","module","exports","sequelize","DataTypes","user","associate","models","belongsTo","role","foreignKey","init","id","type","UUID","primaryKey","allowNull","defaultValue","UUIDV4","firstname","STRING","validate","isAlpha","lastname","email","unique","isEmail","password","lastPasswordUpdate","DATE","NOW","phone","adress","dateofbirth","gender","status","roleId","INTEGER","modelName","tableName"],"sourceRoot":"E:\\ANDELA\\ecommerce-app-legends-bn\\src\\database\\models\\","sources":["user.js"],"sourcesContent":["'use strict';\r\nconst { Model } = require('sequelize');\r\nmodule.exports = (sequelize, DataTypes) => {\r\n  class user extends Model {\r\n    /**\r\n     * Helper method for defining associations.\r\n     * This method is not a part of Sequelize lifecycle.\r\n     * The `models/index` file will call this method automatically.\r\n     */\r\n    static associate(models) {\r\n      // define association here\r\n      user.belongsTo(models.role, { foreignKey: 'roleId' });\r\n    }\r\n  }\r\n  user.init(\r\n    {\r\n      id: {\r\n        type: DataTypes.UUID,\r\n        primaryKey: true,\r\n        allowNull: false,\r\n        defaultValue: require('sequelize').UUIDV4,\r\n      },\r\n      firstname: {\r\n        type: DataTypes.STRING,\r\n        allowNull: false,\r\n        validate: {\r\n          isAlpha: true,\r\n        },\r\n      },\r\n      lastname: {\r\n        type: DataTypes.STRING,\r\n        allowNull: false,\r\n        validate: {\r\n          isAlpha: true,\r\n        },\r\n      },\r\n      email: {\r\n        type: DataTypes.STRING,\r\n        allowNull: false,\r\n        unique: true,\r\n        validate: {\r\n          isEmail: true,\r\n        },\r\n      },\r\n      password: {\r\n        type: DataTypes.STRING,\r\n      },\r\n      lastPasswordUpdate: {\r\n        type: DataTypes.DATE,\r\n        defaultValue: DataTypes.NOW,\r\n      },\r\n      phone: {\r\n        type: DataTypes.STRING,\r\n        allowNull: false,\r\n      },\r\n      adress: {\r\n        type: DataTypes.STRING,\r\n      },\r\n      dateofbirth: {\r\n         type: DataTypes.STRING,\r\n      },\r\n      gender: {\r\n         type: DataTypes.STRING,\r\n      },\r\n      status: {\r\n        type: DataTypes.STRING,\r\n        allowNull: false,\r\n        defaultValue: 'active',\r\n      },\r\n      roleId: {\r\n        type: DataTypes.INTEGER,\r\n        allowNull: false,\r\n      },\r\n    },\r\n    {\r\n      sequelize,\r\n      modelName: 'user',\r\n      tableName: 'users',\r\n    }\r\n  );\r\n\r\n  return user;\r\n};\r\n"],"mappings":"AAAA,YAAY;;AACZ,MAAM;EAAEA;AAAM,CAAC,GAAGC,OAAO,CAAC,WAAW,CAAC;AACtCC,MAAM,CAACC,OAAO,GAAG,CAACC,SAAS,EAAEC,SAAS,KAAK;EACzC,MAAMC,IAAI,SAASN,KAAK,CAAC;IACvB;AACJ;AACA;AACA;AACA;IACI,OAAOO,SAASA,CAACC,MAAM,EAAE;MACvB;MACAF,IAAI,CAACG,SAAS,CAACD,MAAM,CAACE,IAAI,EAAE;QAAEC,UAAU,EAAE;MAAS,CAAC,CAAC;IACvD;EACF;EACAL,IAAI,CAACM,IAAI,CACP;IACEC,EAAE,EAAE;MACFC,IAAI,EAAET,SAAS,CAACU,IAAI;MACpBC,UAAU,EAAE,IAAI;MAChBC,SAAS,EAAE,KAAK;MAChBC,YAAY,EAAEjB,OAAO,CAAC,WAAW,CAAC,CAACkB;IACrC,CAAC;IACDC,SAAS,EAAE;MACTN,IAAI,EAAET,SAAS,CAACgB,MAAM;MACtBJ,SAAS,EAAE,KAAK;MAChBK,QAAQ,EAAE;QACRC,OAAO,EAAE;MACX;IACF,CAAC;IACDC,QAAQ,EAAE;MACRV,IAAI,EAAET,SAAS,CAACgB,MAAM;MACtBJ,SAAS,EAAE,KAAK;MAChBK,QAAQ,EAAE;QACRC,OAAO,EAAE;MACX;IACF,CAAC;IACDE,KAAK,EAAE;MACLX,IAAI,EAAET,SAAS,CAACgB,MAAM;MACtBJ,SAAS,EAAE,KAAK;MAChBS,MAAM,EAAE,IAAI;MACZJ,QAAQ,EAAE;QACRK,OAAO,EAAE;MACX;IACF,CAAC;IACDC,QAAQ,EAAE;MACRd,IAAI,EAAET,SAAS,CAACgB;IAClB,CAAC;IACDQ,kBAAkB,EAAE;MAClBf,IAAI,EAAET,SAAS,CAACyB,IAAI;MACpBZ,YAAY,EAAEb,SAAS,CAAC0B;IAC1B,CAAC;IACDC,KAAK,EAAE;MACLlB,IAAI,EAAET,SAAS,CAACgB,MAAM;MACtBJ,SAAS,EAAE;IACb,CAAC;IACDgB,MAAM,EAAE;MACNnB,IAAI,EAAET,SAAS,CAACgB;IAClB,CAAC;IACDa,WAAW,EAAE;MACVpB,IAAI,EAAET,SAAS,CAACgB;IACnB,CAAC;IACDc,MAAM,EAAE;MACLrB,IAAI,EAAET,SAAS,CAACgB;IACnB,CAAC;IACDe,MAAM,EAAE;MACNtB,IAAI,EAAET,SAAS,CAACgB,MAAM;MACtBJ,SAAS,EAAE,KAAK;MAChBC,YAAY,EAAE;IAChB,CAAC;IACDmB,MAAM,EAAE;MACNvB,IAAI,EAAET,SAAS,CAACiC,OAAO;MACvBrB,SAAS,EAAE;IACb;EACF,CAAC,EACD;IACEb,SAAS;IACTmC,SAAS,EAAE,MAAM;IACjBC,SAAS,EAAE;EACb,CAAC,CACF;EAED,OAAOlC,IAAI;AACb,CAAC"},"_coverageSchema":"1a1c01bbd47fc00a2c39e90264f33305004495a9","hash":"ef1d7ff5300e2e608d0f905031b18f42d5fa4e8d","contentHash":"00b2aaabc5a8fddcbd2244fb435ea410be4c1d1af54b68c5f78f4a9abdfb2928"},"E:\\ANDELA\\ecommerce-app-legends-bn\\src\\database\\models\\wishlist.js":{"path":"E:\\ANDELA\\ecommerce-app-legends-bn\\src\\database\\models\\wishlist.js","statementMap":{"0":{"start":{"line":5,"column":4},"end":{"line":5,"column":24}},"1":{"start":{"line":6,"column":0},"end":{"line":25,"column":2}},"2":{"start":{"line":17,"column":2},"end":{"line":23,"column":5}},"3":{"start":{"line":24,"column":2},"end":{"line":24,"column":18}}},"fnMap":{"0":{"name":"(anonymous_0)","decl":{"start":{"line":6,"column":17},"end":{"line":6,"column":18}},"loc":{"start":{"line":6,"column":43},"end":{"line":25,"column":1}},"line":6},"1":{"name":"(anonymous_1)","decl":{"start":{"line":13,"column":4},"end":{"line":13,"column":5}},"loc":{"start":{"line":13,"column":29},"end":{"line":15,"column":5}},"line":13}},"branchMap":{},"s":{"0":1,"1":1,"2":1,"3":1},"f":{"0":1,"1":1},"b":{},"inputSourceMap":{"version":3,"names":["Model","require","module","exports","sequelize","DataTypes","wishlist","associate","models","init","userId","STRING","productId","ARRAY","modelName"],"sourceRoot":"E:\\ANDELA\\ecommerce-app-legends-bn\\src\\database\\models\\","sources":["wishlist.js"],"sourcesContent":["'use strict';\r\nconst { Model } = require('sequelize');\r\nmodule.exports = (sequelize, DataTypes) => {\r\n  class wishlist extends Model {\r\n    /**\r\n     * Helper method for defining associations.\r\n     * This method is not a part of Sequelize lifecycle.\r\n     * The `models/index` file will call this method automatically.\r\n     */\r\n    static associate(models) {\r\n      // define association here\r\n    }\r\n  }\r\n  wishlist.init(\r\n    {\r\n      userId: DataTypes.STRING,\r\n      productId: DataTypes.ARRAY(DataTypes.STRING),\r\n    },\r\n    {\r\n      sequelize,\r\n      modelName: 'wishlist',\r\n    }\r\n  );\r\n  return wishlist;\r\n};\r\n"],"mappings":"AAAA,YAAY;;AACZ,MAAM;EAAEA;AAAM,CAAC,GAAGC,OAAO,CAAC,WAAW,CAAC;AACtCC,MAAM,CAACC,OAAO,GAAG,CAACC,SAAS,EAAEC,SAAS,KAAK;EACzC,MAAMC,QAAQ,SAASN,KAAK,CAAC;IAC3B;AACJ;AACA;AACA;AACA;IACI,OAAOO,SAASA,CAACC,MAAM,EAAE;MACvB;IAAA;EAEJ;EACAF,QAAQ,CAACG,IAAI,CACX;IACEC,MAAM,EAAEL,SAAS,CAACM,MAAM;IACxBC,SAAS,EAAEP,SAAS,CAACQ,KAAK,CAACR,SAAS,CAACM,MAAM;EAC7C,CAAC,EACD;IACEP,SAAS;IACTU,SAAS,EAAE;EACb,CAAC,CACF;EACD,OAAOR,QAAQ;AACjB,CAAC"},"_coverageSchema":"1a1c01bbd47fc00a2c39e90264f33305004495a9","hash":"e2d3c4f7be5d4482ae474a1257727d8057b73af3","contentHash":"f978049f7ab369db4155f86647fadbef41a2faab536e402a7a12173421a1b308"},"E:\\ANDELA\\ecommerce-app-legends-bn\\src\\index.js":{"path":"E:\\ANDELA\\ecommerce-app-legends-bn\\src\\index.js","statementMap":{"0":{"start":{"line":3,"column":0},"end":{"line":5,"column":3}},"1":{"start":{"line":6,"column":0},"end":{"line":6,"column":25}},"2":{"start":{"line":7,"column":15},"end":{"line":7,"column":57}},"3":{"start":{"line":8,"column":12},"end":{"line":8,"column":60}},"4":{"start":{"line":9,"column":19},"end":{"line":9,"column":80}},"5":{"start":{"line":10,"column":18},"end":{"line":10,"column":78}},"6":{"start":{"line":11,"column":20},"end":{"line":11,"column":89}},"7":{"start":{"line":12,"column":20},"end":{"line":12,"column":82}},"8":{"start":{"line":13,"column":16},"end":{"line":13,"column":77}},"9":{"start":{"line":14,"column":22},"end":{"line":14,"column":89}},"10":{"start":{"line":15,"column":16},"end":{"line":15,"column":77}},"11":{"start":{"line":16,"column":13},"end":{"line":16,"column":78}},"12":{"start":{"line":17,"column":20},"end":{"line":17,"column":83}},"13":{"start":{"line":18,"column":13},"end":{"line":18,"column":60}},"14":{"start":{"line":19,"column":15},"end":{"line":19,"column":57}},"15":{"start":{"line":20,"column":24},"end":{"line":20,"column":77}},"16":{"start":{"line":21,"column":29},"end":{"line":21,"column":87}},"17":{"start":{"line":22,"column":14},"end":{"line":22,"column":72}},"18":{"start":{"line":23,"column":26},"end":{"line":23,"column":101}},"19":{"start":{"line":24,"column":14},"end":{"line":24,"column":34}},"20":{"start":{"line":25,"column":12},"end":{"line":25,"column":51}},"21":{"start":{"line":26,"column":12},"end":{"line":26,"column":51}},"22":{"start":{"line":27,"column":39},"end":{"line":27,"column":93}},"23":{"start":{"line":28,"column":0},"end":{"line":38,"column":3}},"24":{"start":{"line":39,"column":12},"end":{"line":39,"column":35}},"25":{"start":{"line":40,"column":0},"end":{"line":40,"column":30}},"26":{"start":{"line":41,"column":0},"end":{"line":41,"column":33}},"27":{"start":{"line":42,"column":0},"end":{"line":42,"column":65}},"28":{"start":{"line":45,"column":0},"end":{"line":45,"column":28}},"29":{"start":{"line":46,"column":0},"end":{"line":46,"column":24}},"30":{"start":{"line":47,"column":0},"end":{"line":47,"column":37}},"31":{"start":{"line":48,"column":0},"end":{"line":48,"column":30}},"32":{"start":{"line":49,"column":0},"end":{"line":49,"column":31}},"33":{"start":{"line":50,"column":0},"end":{"line":50,"column":40}},"34":{"start":{"line":51,"column":0},"end":{"line":51,"column":47}},"35":{"start":{"line":52,"column":0},"end":{"line":52,"column":50}},"36":{"start":{"line":53,"column":0},"end":{"line":53,"column":33}},"37":{"start":{"line":54,"column":0},"end":{"line":54,"column":31}},"38":{"start":{"line":55,"column":0},"end":{"line":55,"column":27}},"39":{"start":{"line":56,"column":0},"end":{"line":56,"column":44}},"40":{"start":{"line":57,"column":0},"end":{"line":61,"column":3}},"41":{"start":{"line":58,"column":2},"end":{"line":60,"column":5}},"42":{"start":{"line":62,"column":13},"end":{"line":62,"column":37}},"43":{"start":{"line":63,"column":15},"end":{"line":63,"column":46}},"44":{"start":{"line":64,"column":11},"end":{"line":66,"column":2}},"45":{"start":{"line":67,"column":0},"end":{"line":72,"column":3}},"46":{"start":{"line":68,"column":2},"end":{"line":68,"column":40}},"47":{"start":{"line":69,"column":2},"end":{"line":71,"column":5}},"48":{"start":{"line":70,"column":4},"end":{"line":70,"column":34}},"49":{"start":{"line":73,"column":0},"end":{"line":73,"column":29}},"50":{"start":{"line":74,"column":0},"end":{"line":79,"column":3}},"51":{"start":{"line":77,"column":2},"end":{"line":77,"column":27}},"52":{"start":{"line":78,"column":2},"end":{"line":78,"column":75}},"53":{"start":{"line":78,"column":28},"end":{"line":78,"column":73}},"54":{"start":{"line":80,"column":15},"end":{"line":80,"column":18}},"55":{"start":{"line":81,"column":0},"end":{"line":81,"column":27}}},"fnMap":{"0":{"name":"_interopRequireDefault","decl":{"start":{"line":27,"column":9},"end":{"line":27,"column":31}},"loc":{"start":{"line":27,"column":37},"end":{"line":27,"column":95}},"line":27},"1":{"name":"(anonymous_1)","decl":{"start":{"line":57,"column":13},"end":{"line":57,"column":14}},"loc":{"start":{"line":57,"column":27},"end":{"line":61,"column":1}},"line":57},"2":{"name":"(anonymous_2)","decl":{"start":{"line":67,"column":20},"end":{"line":67,"column":21}},"loc":{"start":{"line":67,"column":30},"end":{"line":72,"column":1}},"line":67},"3":{"name":"(anonymous_3)","decl":{"start":{"line":69,"column":28},"end":{"line":69,"column":29}},"loc":{"start":{"line":69,"column":36},"end":{"line":71,"column":3}},"line":69},"4":{"name":"(anonymous_4)","decl":{"start":{"line":76,"column":8},"end":{"line":76,"column":9}},"loc":{"start":{"line":76,"column":20},"end":{"line":79,"column":1}},"line":76},"5":{"name":"(anonymous_5)","decl":{"start":{"line":78,"column":22},"end":{"line":78,"column":23}},"loc":{"start":{"line":78,"column":28},"end":{"line":78,"column":73}},"line":78}},"branchMap":{"0":{"loc":{"start":{"line":27,"column":46},"end":{"line":27,"column":92}},"type":"cond-expr","locations":[{"start":{"line":27,"column":70},"end":{"line":27,"column":73}},{"start":{"line":27,"column":76},"end":{"line":27,"column":92}}],"line":27},"1":{"loc":{"start":{"line":27,"column":46},"end":{"line":27,"column":67}},"type":"binary-expr","locations":[{"start":{"line":27,"column":46},"end":{"line":27,"column":49}},{"start":{"line":27,"column":53},"end":{"line":27,"column":67}}],"line":27},"2":{"loc":{"start":{"line":62,"column":13},"end":{"line":62,"column":37}},"type":"binary-expr","locations":[{"start":{"line":62,"column":13},"end":{"line":62,"column":29}},{"start":{"line":62,"column":33},"end":{"line":62,"column":37}}],"line":62}},"s":{"0":1,"1":1,"2":1,"3":1,"4":1,"5":1,"6":1,"7":1,"8":1,"9":1,"10":1,"11":1,"12":1,"13":1,"14":1,"15":1,"16":1,"17":1,"18":1,"19":1,"20":1,"21":1,"22":19,"23":1,"24":1,"25":1,"26":1,"27":1,"28":1,"29":1,"30":1,"31":1,"32":1,"33":1,"34":1,"35":1,"36":1,"37":1,"38":1,"39":1,"40":1,"41":1,"42":1,"43":1,"44":1,"45":1,"46":0,"47":0,"48":0,"49":1,"50":1,"51":0,"52":0,"53":0,"54":1,"55":1},"f":{"0":19,"1":1,"2":0,"3":0,"4":0,"5":0},"b":{"0":[13,6],"1":[19,19],"2":[1,1]},"inputSourceMap":{"version":3,"names":["_express","_interopRequireDefault","require","_root","_adminRoutes","_userRoutes","_google_oauth","_vendorRoutes","_category","_productsRoutes","_wishlist","_buyer","_couponRoutes","_index","_i18next","_i18nextFsBackend","_i18nextHttpMiddleware","_index2","_shoppingCartRoutes","_socket","_http","_cors","obj","__esModule","default","i18next","use","Backend","middleware","LanguageDetector","init","fallbackLng","backend","loadPath","interpolation","escapeValue","prefix","suffix","app","express","cors","json","handle","rootRouter","docs","CartRoutes","adminRouter","vendorRouter","userAuthRoutes","categoryRoutes","couponRoutes","productRoutes","google_auth","wishlistRoutes","buyerRoutes","all","req","res","status","error","t","PORT","process","env","server","http","createServer","io","Server","on","socket","console","log","data","emit","db","dbConnection","sequelize","sync","force","then","listen","_default","exports"],"sourceRoot":"E:\\ANDELA\\ecommerce-app-legends-bn\\src\\","sources":["index.js"],"sourcesContent":["import express from 'express';\r\nimport rootRouter from './routes/root';\r\nimport adminRouter from './routes/users/adminRoutes';\r\nimport userAuthRoutes from './routes/users/userRoutes';\r\nimport google_auth from './routes/users/google_oauth.routes'\r\nimport vendorRouter from './routes/users/vendorRoutes';\r\nimport categoryRoutes from './routes/products/category'\r\nimport productRoutes from './routes/products/productsRoutes'\r\nimport wishlistRoutes from './routes/products/wishlist';\r\nimport buyerRoutes from './routes/products/buyer.routes'\r\nimport couponRoutes from './routes/coupon/couponRoutes';\r\nimport docs from './docs/index';\r\nimport i18next from 'i18next';\r\nimport Backend from 'i18next-fs-backend';\r\nimport middleware from 'i18next-http-middleware';\r\nimport db from './database/models/index';\r\nimport CartRoutes from './routes/shoppingCart/shoppingCartRoutes';\r\nimport { Server } from \"socket.io\";\r\nimport http from \"http\";\r\nimport cors from \"cors\";\r\n\r\ni18next\r\n  .use(Backend)\r\n  .use(middleware.LanguageDetector)\r\n  .init({\r\n    fallbackLng: 'en',\r\n    backend: {\r\n      loadPath: './src/locales/{{lng}}/translation.json',\r\n    },\r\n    interpolation: {\r\n      escapeValue: false,\r\n      prefix: '{{',\r\n      suffix: '}}'\r\n    }\r\n  });\r\nconst app = express();\r\napp.use(cors());\r\napp.use(express.json());\r\napp.use(middleware.handle(i18next));\r\n\r\n// routes\r\napp.use('/', rootRouter);\r\napp.use(docs);\r\napp.use(CartRoutes);\r\napp.use(adminRouter);\r\napp.use(vendorRouter);\r\napp.use('/api/v1', userAuthRoutes);\r\napp.use('/api/v1/category', categoryRoutes);\r\napp.use('/api/v1/coupons', couponRoutes);\r\napp.use(productRoutes);\r\napp.use(google_auth)\r\napp.use(wishlistRoutes)\r\napp.use('/api/v1/products',buyerRoutes)\r\n\r\n\r\napp.all('*', (req, res) => {\r\n  res.status(404).json({ error: req.t('404_error') });\r\n});\r\n\r\nconst PORT = process.env.PORT || 4000;\r\nconst server = http.createServer(app);\r\n\r\nconst io = new Server(server, {\r\n  cors: true\r\n});\r\nio.on(\"connection\", (socket) => {\r\n  console.log(\"A client has connected\");\r\n  socket.on(\"notification\", (data) => {\r\n    io.emit(\"notification\", data);\r\n  });\r\n});\r\n\r\ndb.dbConnection;\r\ndb.sequelize.sync({ force: false }).then(async () => {\r\n  console.log('DB synced');\r\n  server.listen(PORT, () => console.log(`Server running on port ${PORT}`));\r\n});\r\n\r\nexport default app;\r\n"],"mappings":";;;;;;AAAA,IAAAA,QAAA,GAAAC,sBAAA,CAAAC,OAAA;AACA,IAAAC,KAAA,GAAAF,sBAAA,CAAAC,OAAA;AACA,IAAAE,YAAA,GAAAH,sBAAA,CAAAC,OAAA;AACA,IAAAG,WAAA,GAAAJ,sBAAA,CAAAC,OAAA;AACA,IAAAI,aAAA,GAAAL,sBAAA,CAAAC,OAAA;AACA,IAAAK,aAAA,GAAAN,sBAAA,CAAAC,OAAA;AACA,IAAAM,SAAA,GAAAP,sBAAA,CAAAC,OAAA;AACA,IAAAO,eAAA,GAAAR,sBAAA,CAAAC,OAAA;AACA,IAAAQ,SAAA,GAAAT,sBAAA,CAAAC,OAAA;AACA,IAAAS,MAAA,GAAAV,sBAAA,CAAAC,OAAA;AACA,IAAAU,aAAA,GAAAX,sBAAA,CAAAC,OAAA;AACA,IAAAW,MAAA,GAAAZ,sBAAA,CAAAC,OAAA;AACA,IAAAY,QAAA,GAAAb,sBAAA,CAAAC,OAAA;AACA,IAAAa,iBAAA,GAAAd,sBAAA,CAAAC,OAAA;AACA,IAAAc,sBAAA,GAAAf,sBAAA,CAAAC,OAAA;AACA,IAAAe,OAAA,GAAAhB,sBAAA,CAAAC,OAAA;AACA,IAAAgB,mBAAA,GAAAjB,sBAAA,CAAAC,OAAA;AACA,IAAAiB,OAAA,GAAAjB,OAAA;AACA,IAAAkB,KAAA,GAAAnB,sBAAA,CAAAC,OAAA;AACA,IAAAmB,KAAA,GAAApB,sBAAA,CAAAC,OAAA;AAAwB,SAAAD,uBAAAqB,GAAA,WAAAA,GAAA,IAAAA,GAAA,CAAAC,UAAA,GAAAD,GAAA,KAAAE,OAAA,EAAAF,GAAA;AAExBG,gBAAO,CACJC,GAAG,CAACC,yBAAO,CAAC,CACZD,GAAG,CAACE,8BAAU,CAACC,gBAAgB,CAAC,CAChCC,IAAI,CAAC;EACJC,WAAW,EAAE,IAAI;EACjBC,OAAO,EAAE;IACPC,QAAQ,EAAE;EACZ,CAAC;EACDC,aAAa,EAAE;IACbC,WAAW,EAAE,KAAK;IAClBC,MAAM,EAAE,IAAI;IACZC,MAAM,EAAE;EACV;AACF,CAAC,CAAC;AACJ,MAAMC,GAAG,GAAG,IAAAC,gBAAO,GAAE;AACrBD,GAAG,CAACZ,GAAG,CAAC,IAAAc,aAAI,GAAE,CAAC;AACfF,GAAG,CAACZ,GAAG,CAACa,gBAAO,CAACE,IAAI,EAAE,CAAC;AACvBH,GAAG,CAACZ,GAAG,CAACE,8BAAU,CAACc,MAAM,CAACjB,gBAAO,CAAC,CAAC;;AAEnC;AACAa,GAAG,CAACZ,GAAG,CAAC,GAAG,EAAEiB,aAAU,CAAC;AACxBL,GAAG,CAACZ,GAAG,CAACkB,cAAI,CAAC;AACbN,GAAG,CAACZ,GAAG,CAACmB,2BAAU,CAAC;AACnBP,GAAG,CAACZ,GAAG,CAACoB,oBAAW,CAAC;AACpBR,GAAG,CAACZ,GAAG,CAACqB,qBAAY,CAAC;AACrBT,GAAG,CAACZ,GAAG,CAAC,SAAS,EAAEsB,mBAAc,CAAC;AAClCV,GAAG,CAACZ,GAAG,CAAC,kBAAkB,EAAEuB,iBAAc,CAAC;AAC3CX,GAAG,CAACZ,GAAG,CAAC,iBAAiB,EAAEwB,qBAAY,CAAC;AACxCZ,GAAG,CAACZ,GAAG,CAACyB,uBAAa,CAAC;AACtBb,GAAG,CAACZ,GAAG,CAAC0B,qBAAW,CAAC;AACpBd,GAAG,CAACZ,GAAG,CAAC2B,iBAAc,CAAC;AACvBf,GAAG,CAACZ,GAAG,CAAC,kBAAkB,EAAC4B,cAAW,CAAC;AAGvChB,GAAG,CAACiB,GAAG,CAAC,GAAG,EAAE,CAACC,GAAG,EAAEC,GAAG,KAAK;EACzBA,GAAG,CAACC,MAAM,CAAC,GAAG,CAAC,CAACjB,IAAI,CAAC;IAAEkB,KAAK,EAAEH,GAAG,CAACI,CAAC,CAAC,WAAW;EAAE,CAAC,CAAC;AACrD,CAAC,CAAC;AAEF,MAAMC,IAAI,GAAGC,OAAO,CAACC,GAAG,CAACF,IAAI,IAAI,IAAI;AACrC,MAAMG,MAAM,GAAGC,aAAI,CAACC,YAAY,CAAC5B,GAAG,CAAC;AAErC,MAAM6B,EAAE,GAAG,IAAIC,cAAM,CAACJ,MAAM,EAAE;EAC5BxB,IAAI,EAAE;AACR,CAAC,CAAC;AACF2B,EAAE,CAACE,EAAE,CAAC,YAAY,EAAGC,MAAM,IAAK;EAC9BC,OAAO,CAACC,GAAG,CAAC,wBAAwB,CAAC;EACrCF,MAAM,CAACD,EAAE,CAAC,cAAc,EAAGI,IAAI,IAAK;IAClCN,EAAE,CAACO,IAAI,CAAC,cAAc,EAAED,IAAI,CAAC;EAC/B,CAAC,CAAC;AACJ,CAAC,CAAC;AAEFE,eAAE,CAACC,YAAY;AACfD,eAAE,CAACE,SAAS,CAACC,IAAI,CAAC;EAAEC,KAAK,EAAE;AAAM,CAAC,CAAC,CAACC,IAAI,CAAC,YAAY;EACnDT,OAAO,CAACC,GAAG,CAAC,WAAW,CAAC;EACxBR,MAAM,CAACiB,MAAM,CAACpB,IAAI,EAAE,MAAMU,OAAO,CAACC,GAAG,CAAE,0BAAyBX,IAAK,EAAC,CAAC,CAAC;AAC1E,CAAC,CAAC;AAAC,IAAAqB,QAAA,GAEY5C,GAAG;AAAA6C,OAAA,CAAA3D,OAAA,GAAA0D,QAAA"},"_coverageSchema":"1a1c01bbd47fc00a2c39e90264f33305004495a9","hash":"81e8f4a58e553256034a26c7171830d572a9fba1","contentHash":"3b6fb06771dd67ab58d8a50477a0719c017336f399ee33066e01ac6c50fe09c5"},"E:\\ANDELA\\ecommerce-app-legends-bn\\src\\routes\\root.js":{"path":"E:\\ANDELA\\ecommerce-app-legends-bn\\src\\routes\\root.js","statementMap":{"0":{"start":{"line":3,"column":0},"end":{"line":5,"column":3}},"1":{"start":{"line":6,"column":0},"end":{"line":6,"column":25}},"2":{"start":{"line":7,"column":15},"end":{"line":7,"column":57}},"3":{"start":{"line":8,"column":22},"end":{"line":8,"column":86}},"4":{"start":{"line":9,"column":39},"end":{"line":9,"column":93}},"5":{"start":{"line":10,"column":15},"end":{"line":10,"column":40}},"6":{"start":{"line":11,"column":0},"end":{"line":11,"column":46}},"7":{"start":{"line":12,"column":15},"end":{"line":12,"column":21}},"8":{"start":{"line":13,"column":0},"end":{"line":13,"column":27}}},"fnMap":{"0":{"name":"_interopRequireDefault","decl":{"start":{"line":9,"column":9},"end":{"line":9,"column":31}},"loc":{"start":{"line":9,"column":37},"end":{"line":9,"column":95}},"line":9}},"branchMap":{"0":{"loc":{"start":{"line":9,"column":46},"end":{"line":9,"column":92}},"type":"cond-expr","locations":[{"start":{"line":9,"column":70},"end":{"line":9,"column":73}},{"start":{"line":9,"column":76},"end":{"line":9,"column":92}}],"line":9},"1":{"loc":{"start":{"line":9,"column":46},"end":{"line":9,"column":67}},"type":"binary-expr","locations":[{"start":{"line":9,"column":46},"end":{"line":9,"column":49}},{"start":{"line":9,"column":53},"end":{"line":9,"column":67}}],"line":9}},"s":{"0":1,"1":1,"2":1,"3":1,"4":2,"5":1,"6":1,"7":1,"8":1},"f":{"0":2},"b":{"0":[1,1],"1":[2,2]},"inputSourceMap":{"version":3,"names":["_express","_interopRequireDefault","require","_rootController","obj","__esModule","default","router","express","Router","get","rootController","root","_default","exports"],"sourceRoot":"E:\\ANDELA\\ecommerce-app-legends-bn\\src\\routes\\","sources":["root.js"],"sourcesContent":["import express from 'express';\r\nimport rootController from '../controllers/rootController';\r\n\r\nconst router = express.Router();\r\n\r\nrouter.get('/', rootController.root);\r\n\r\nexport default router;\r\n"],"mappings":";;;;;;AAAA,IAAAA,QAAA,GAAAC,sBAAA,CAAAC,OAAA;AACA,IAAAC,eAAA,GAAAF,sBAAA,CAAAC,OAAA;AAA2D,SAAAD,uBAAAG,GAAA,WAAAA,GAAA,IAAAA,GAAA,CAAAC,UAAA,GAAAD,GAAA,KAAAE,OAAA,EAAAF,GAAA;AAE3D,MAAMG,MAAM,GAAGC,gBAAO,CAACC,MAAM,EAAE;AAE/BF,MAAM,CAACG,GAAG,CAAC,GAAG,EAAEC,uBAAc,CAACC,IAAI,CAAC;AAAC,IAAAC,QAAA,GAEtBN,MAAM;AAAAO,OAAA,CAAAR,OAAA,GAAAO,QAAA"},"_coverageSchema":"1a1c01bbd47fc00a2c39e90264f33305004495a9","hash":"8cd1276b3e4947b68386db97340992ee13738661","contentHash":"f45c7076f574ad7a964d9662bb598a1788ecc538a1866f9c46d1f30c329a8178"},"E:\\ANDELA\\ecommerce-app-legends-bn\\src\\controllers\\rootController.js":{"path":"E:\\ANDELA\\ecommerce-app-legends-bn\\src\\controllers\\rootController.js","statementMap":{"0":{"start":{"line":3,"column":0},"end":{"line":5,"column":3}},"1":{"start":{"line":6,"column":0},"end":{"line":6,"column":25}},"2":{"start":{"line":7,"column":15},"end":{"line":11,"column":1}},"3":{"start":{"line":8,"column":22},"end":{"line":10,"column":4}},"4":{"start":{"line":12,"column":0},"end":{"line":12,"column":27}}},"fnMap":{"0":{"name":"(anonymous_0)","decl":{"start":{"line":8,"column":8},"end":{"line":8,"column":9}},"loc":{"start":{"line":8,"column":22},"end":{"line":10,"column":4}},"line":8}},"branchMap":{},"s":{"0":1,"1":1,"2":1,"3":1,"4":1},"f":{"0":1},"b":{},"inputSourceMap":{"version":3,"names":["root","req","res","status","json","message","t","exports","default","_default"],"sourceRoot":"E:\\ANDELA\\ecommerce-app-legends-bn\\src\\controllers\\","sources":["rootController.js"],"sourcesContent":["export default {\r\n  root: (req, res) => res.status(200).json({ message: req.t('hello_message') }),\r\n};\r\n"],"mappings":";;;;;;eAAe;EACbA,IAAI,EAAEA,CAACC,GAAG,EAAEC,GAAG,KAAKA,GAAG,CAACC,MAAM,CAAC,GAAG,CAAC,CAACC,IAAI,CAAC;IAAEC,OAAO,EAAEJ,GAAG,CAACK,CAAC,CAAC,eAAe;EAAE,CAAC;AAC9E,CAAC;AAAAC,OAAA,CAAAC,OAAA,GAAAC,QAAA"},"_coverageSchema":"1a1c01bbd47fc00a2c39e90264f33305004495a9","hash":"8cc1a358d434ec8b0e54954b6e52cceaaca92fb8","contentHash":"b5db5e8823782ed5caa5ce826c49190df81e1b9156b43757ba58d78684d35a94"},"E:\\ANDELA\\ecommerce-app-legends-bn\\src\\routes\\users\\adminRoutes.js":{"path":"E:\\ANDELA\\ecommerce-app-legends-bn\\src\\routes\\users\\adminRoutes.js","statementMap":{"0":{"start":{"line":3,"column":0},"end":{"line":5,"column":3}},"1":{"start":{"line":6,"column":0},"end":{"line":6,"column":25}},"2":{"start":{"line":7,"column":15},"end":{"line":7,"column":57}},"3":{"start":{"line":8,"column":24},"end":{"line":8,"column":74}},"4":{"start":{"line":9,"column":12},"end":{"line":9,"column":44}},"5":{"start":{"line":10,"column":24},"end":{"line":10,"column":75}},"6":{"start":{"line":11,"column":19},"end":{"line":11,"column":64}},"7":{"start":{"line":12,"column":39},"end":{"line":12,"column":93}},"8":{"start":{"line":13,"column":15},"end":{"line":13,"column":40}},"9":{"start":{"line":14,"column":0},"end":{"line":14,"column":60}},"10":{"start":{"line":15,"column":0},"end":{"line":15,"column":63}},"11":{"start":{"line":16,"column":0},"end":{"line":16,"column":109}},"12":{"start":{"line":17,"column":0},"end":{"line":17,"column":115}},"13":{"start":{"line":18,"column":0},"end":{"line":18,"column":63}},"14":{"start":{"line":19,"column":0},"end":{"line":19,"column":116}},"15":{"start":{"line":20,"column":0},"end":{"line":20,"column":113}},"16":{"start":{"line":21,"column":0},"end":{"line":21,"column":111}},"17":{"start":{"line":22,"column":15},"end":{"line":22,"column":21}},"18":{"start":{"line":23,"column":0},"end":{"line":23,"column":27}}},"fnMap":{"0":{"name":"_interopRequireDefault","decl":{"start":{"line":12,"column":9},"end":{"line":12,"column":31}},"loc":{"start":{"line":12,"column":37},"end":{"line":12,"column":95}},"line":12}},"branchMap":{"0":{"loc":{"start":{"line":12,"column":46},"end"
[...]
AI,CAAC/E,SAAS,CAAC;EACzC,MAAMgF,WAAW,GAAG,IAAID,IAAI,EAAE;EAC9B,MAAME,YAAY,GAAGD,WAAW,CAACE,OAAO,EAAE,GAAGJ,aAAa,CAACI,OAAO,EAAE;EACpE,MAAMC,cAAc,GAAGF,YAAY,IAAI,EAAE,GAAG,EAAE,GAAG,EAAE,GAAG,IAAI,CAAC;EAC3D,MAAMG,wBAAwB,GAAGD,cAAc,IAAI,EAAE;EACrD,OAAOC,wBAAwB;AACjC,CAAC;AACD,MAAMjD,YAAY,GAAG,MAAAA,CAAOhF,GAAG,EAAEC,GAAG,KAAK;EACvC,MAAMI,IAAI,GAAGL,GAAG,CAACK,IAAI,CAACC,EAAE;EACxB,MAAM8B,IAAI,GAAG,MAAMC,YAAY,CAAChC,IAAI,CAAC;EACrC,IAAI,CAAC+B,IAAI,EAAE;IACTnC,GAAG,CAACc,MAAM,CAAC,GAAG,CAAC,CAACC,IAAI,CAAC;MACnBD,MAAM,EAAEf,GAAG,CAACiB,CAAC,CAAC,MAAM,CAAC;MACrBC,OAAO,EAAElB,GAAG,CAACiB,CAAC,CAAC,oBAAoB;IACrC,CAAC,CAAC;EACJ;EACA,OAAOmB,IAAI;AACb,CAAC;;AAGD;;AAEO,MAAM8F,iBAAiB,GAAG,MAAAA,CAAOC,OAAO,EAAEvC,KAAK,EAAC3F,GAAG,KAAK;EAC7D,MAAMmI,OAAO,GAAG,MAAM5H,eAAE,CAAC2F,KAAK,CAACzF,OAAO,CAAC;IACrCC,KAAK,EAAE;MAAEyF,MAAM,EAAE+B;IAAQ;EAC3B,CAAC,CAAC;EACF;EACA,IAAIC,OAAO,CAACrH,MAAM,KAAK,UAAU,EAAE;IACjCd,GAAG,CAACc,MAAM,CAAC,GAAG,CAAC,CAACC,IAAI,CAAC;MAACE,OAAO,EAAC;IAA4B,CAAC,CAAC;EAC9D;EACA,IAAImH,cAAc,GAAG,IAAI;EACzB,MAAMC,eAAe,GAAG,CAAC,CAAC,EAAE,CAAC,EAAE,CAAC,EAAE,CAAC,EAAE,CAAC,EAAE,CAAC,EAAE,CAAC,EAAE,CAAC,EAAE,CAAC,EAAE,CAAC,CAAC;EACtD,KAAK,IAAIC,CAAC,GAAG,CAAC,EAAEA,CAAC,IAAI,CAAC,EAAEA,CAAC,EAAE,EAAE;IAC3BF,cAAc,IAAIC,eAAe,CAACE,IAAI,CAACC,KAAK,CAACD,IAAI,CAACE,MAAM,EAAE,GAAGJ,eAAe,CAACrB,MAAM,CAClF,CAAC;EACJ;EACA;EACA,MAAM0B,WAAW,GAAG,MAAMnI,eAAE,CAAC2F,KAAK,CAACzF,OAAO,CAAC;IAC1CC,KAAK,EAAE;MAAEyF,MAAM,EAAE+B;IAAQ,CAAC;IAC1B7B,KAAK,EAAE,CAAC,CAAC,WAAW,EAAE,MAAM,CAAC;EAC9B,CAAC,CAAC;EACFqC,WAAW,CAACN,cAAc,GAAGA,cAAc;EAC3C,MAAMM,WAAW,CAAC9G,IAAI,EAAE;EACxB,MAAMsD,MAAM,GAAGwD,WAAW,CAACxD,MAAM;;EAEjC;EACA,MAAMyD,SAAS,GAAG;IAChBhD,KAAK;IACLiD,OAAO,EAAE,oBAAoB;IAC7BC,IAAI,EAAG;AACX;AACA;AACA;AACA;AACA;AACA;AACA,8LAA8L3D,MAAO;AACrM,0CAA0CkD,cAAe;AACzD;AACA,yGAAyGzD,OAAO,CAACC,GAAG,CAACkE,IAAK,6BAA4BV,cAAe;AACrK;AACA;AACA;AACA;AACA;AACA;AACA;EACE,CAAC;EACD;EACA,MAAM,IAAAW,kBAAS,EAACJ,SAAS,CAAC;AAC5B,CAAC;AAACrG,OAAA,CAAA2F,iBAAA,GAAAA,iBAAA"},"_coverageSchema":"1a1c01bbd47fc00a2c39e90264f33305004495a9","hash":"55c0546d32af09eb46c5199e5f39266ed3acc52f","contentHash":"3dcd511376f97294ad18f040a1d0bbdcaeeb78c7526ddc8dad4fdf2b35c814f5"},"E:\\ANDELA\\ecommerce-app-legends-bn\\src\\controllers\\shoppingCartController\\updateCartController.js":{"path":"E:\\ANDELA\\ecommerce-app-legends-bn\\src\\controllers\\shoppingCartController\\updateCartController.js","statementMap":{"0":{"start":{"line":3,"column":0},"end":{"line":5,"column":3}},"1":{"start":{"line":6,"column":0},"end":{"line":6,"column":53}},"2":{"start":{"line":7,"column":14},"end":{"line":7,"column":70}},"3":{"start":{"line":8,"column":30},"end":{"line":8,"column":75}},"4":{"start":{"line":9,"column":23},"end":{"line":9,"column":61}},"5":{"start":{"line":10,"column":39},"end":{"line":10,"column":93}},"6":{"start":{"line":11,"column":19},"end":{"line":55,"column":2}},"7":{"start":{"line":15,"column":6},"end":{"line":15,"column":14}},"8":{"start":{"line":17,"column":18},"end":{"line":17,"column":29}},"9":{"start":{"line":18,"column":15},"end":{"line":18,"column":60}},"10":{"start":{"line":19,"column":2},"end":{"line":22,"column":5}},"11":{"start":{"line":19,"column":13},"end":{"line":22,"column":5}},"12":{"start":{"line":23,"column":19},"end":{"line":25,"column":4}},"13":{"start":{"line":24,"column":4},"end":{"line":24,"column":19}},"14":{"start":{"line":26,"column":23},"end":{"line":28,"column":4}},"15":{"start":{"line":27,"column":4},"end":{"line":27,"column":22}},"16":{"start":{"line":29,"column":2},"end":{"line":29,"column":77}},"17":{"start":{"line":30,"column":19},"end":{"line":30,"column":77}},"18":{"start":{"line":31,"column":27},"end":{"line":31,"column":103}},"19":{"start":{"line":32,"column":2},"end":{"line":32,"column":77}},"20":{"start":{"line":33,"column":2},"end":{"line":38,"column":3}},"21":{"start":{"line":34,"column":4},"end":{"line":37,"column":7}},"22":{"start":{"line":39,"column":22},"end":{"line":39,"column":66}},"23":{"start":{"line":40,"column":22},"end":{"line":43,"column":4}},"24":{"start":{"line":44,"column":18},"end":{"line":44,"column":63}},"25":{"start":{"line":45,"column":21},"end":{"line":45,"column":71}},"26":{"start":{"line":46,"column":2},"end":{"line":46,"column":41}},"27":{"start":{"line":47,"column":2},"end":{"line":54,"column":5}},"28":{"start":{"line":56,"column":0},"end":{"line":56,"column":32}},"29":{"start":{"line":57,"column":23},"end":{"line":89,"column":2}},"30":{"start":{"line":60,"column":6},"end":{"line":60,"column":14}},"31":{"start":{"line":61,"column":18},"end":{"line":61,"column":29}},"32":{"start":{"line":62,"column":15},"end":{"line":62,"column":60}},"33":{"start":{"line":63,"column":2},"end":{"line":66,"column":5}},"34":{"start":{"line":63,"column":13},"end":{"line":66,"column":5}},"35":{"start":{"line":67,"column":19},"end":{"line":69,"column":4}},"36":{"start":{"line":68,"column":4},"end":{"line":68,"column":19}},"37":{"start":{"line":70,"column":23},"end":{"line":72,"column":4}},"38":{"start":{"line":71,"column":4},"end":{"line":71,"column":22}},"39":{"start":{"line":73,"column":19},"end":{"line":73,"column":77}},"40":{"start":{"line":74,"column":2},"end":{"line":77,"column":5}},"41":{"start":{"line":74,"column":17},"end":{"line":77,"column":5}},"42":{"start":{"line":78,"column":22},"end":{"line":78,"column":46}},"43":{"start":{"line":79,"column":18},"end":{"line":79,"column":63}},"44":{"start":{"line":80,"column":21},"end":{"line":80,"column":71}},"45":{"start":{"line":81,"column":2},"end":{"line":88,"column":5}},"46":{"start":{"line":90,"column":0},"end":{"line":90,"column":40}}},"fnMap":{"0":{"name":"_interopRequireDefault","decl":{"start":{"line":10,"column":9},"end":{"line":10,"column":31}},"loc":{"start":{"line":10,"column":37},"end":{"line":10,"column":95}},"line":10},"1":{"name":"(anonymous_1)","decl":{"start":{"line":11,"column":61},"end":{"line":11,"column":62}},"loc":{"start":{"line":11,"column":81},"end":{"line":55,"column":1}},"line":11},"2":{"name":"(anonymous_2)","decl":{"start":{"line":23,"column":28},"end":{"line":23,"column":29}},"loc":{"start":{"line":23,"column":36},"end":{"line":25,"column":3}},"line":23},"3":{"name":"(anonymous_3)","decl":{"start":{"line":26,"column":37},"end":{"line":26,"column":38}},"loc":{"start":{"line":26,"column":45},"end":{"line":28,"column":3}},"line":26},"4":{"name":"(anonymous_4)","decl":{"start":{"line":57,"column":65},"end":{"line":57,"column":66}},"loc":{"start":{"line":57,"column":85},"end":{"line":89,"column":1}},"line":57},"5":{"name":"(anonymous_5)","decl":{"start":{"line":67,"column":28},"end":{"line":67,"column":29}},"loc":{"start":{"line":67,"column":36},"end":{"line":69,"column":3}},"line":67},"6":{"name":"(anonymous_6)","decl":{"start":{"line":70,"column":37},"end":{"line":70,"column":38}},"loc":{"start":{"line":70,"column":45},"end":{"line":72,"column":3}},"line":70}},"branchMap":{"0":{"loc":{"start":{"line":10,"column":46},"end":{"line":10,"column":92}},"type":"cond-expr","locations":[{"start":{"line":10,"column":70},"end":{"line":10,"column":73}},{"start":{"line":10,"column":76},"end":{"line":10,"column":92}}],"line":10},"1":{"loc":{"start":{"line":10,"column":46},"end":{"line":10,"column":67}},"type":"binary-expr","locations":[{"start":{"line":10,"column":46},"end":{"line":10,"column":49}},{"start":{"line":10,"column":53},"end":{"line":10,"column":67}}],"line":10},"2":{"loc":{"start":{"line":19,"column":2},"end":{"line":22,"column":5}},"type":"if","locations":[{"start":{"line":19,"column":2},"end":{"line":22,"column":5}},{"start":{"line":19,"column":2},"end":{"line":22,"column":5}}],"line":19},"3":{"loc":{"start":{"line":33,"column":2},"end":{"line":38,"column":3}},"type":"if","locations":[{"start":{"line":33,"column":2},"end":{"line":38,"column":3}},{"start":{"line":33,"column":2},"end":{"line":38,"column":3}}],"line":33},"4":{"loc":{"start":{"line":63,"column":2},"end":{"line":66,"column":5}},"type":"if","locations":[{"start":{"line":63,"column":2},"end":{"line":66,"column":5}},{"start":{"line":63,"column":2},"end":{"line":66,"column":5}}],"line":63},"5":{"loc":{"start":{"line":74,"column":2},"end":{"line":77,"column":5}},"type":"if","locations":[{"start":{"line":74,"column":2},"end":{"line":77,"column":5}},{"start":{"line":74,"column":2},"end":{"line":77,"column":5}}],"line":74}},"s":{"0":1,"1":1,"2":1,"3":1,"4":1,"5":1,"6":1,"7":0,"8":0,"9":0,"10":0,"11":0,"12":0,"13":0,"14":0,"15":0,"16":0,"17":0,"18":0,"19":0,"20":0,"21":0,"22":0,"23":0,"24":0,"25":0,"26":0,"27":0,"28":1,"29":1,"30":0,"31":0,"32":0,"33":0,"34":0,"35":0,"36":0,"37":0,"38":0,"39":0,"40":0,"41":0,"42":0,"43":0,"44":0,"45":0,"46":1},"f":{"0":1,"1":0,"2":0,"3":0,"4":0,"5":0,"6":0},"b":{"0":[0,1],"1":[1,1],"2":[0,0],"3":[0,0],"4":[0,0],"5":[0,0]},"inputSourceMap":{"version":3,"names":["_models","_interopRequireDefault","require","_handlingTryCatchBlocks","_getCartsHandler","obj","__esModule","default","updateCart","asyncWrapper","req","res","id","quantity","body","buyerId","user","cart","getCarts","status","json","t","message","cartData","map","item","itemToUpdate","find","console","log","cartItem","db","shoppingCarts","findByPk","productVariation","ProductAttribute","dataValues","product","totalAmount","price","updatedCart","update","totalpricePerProduct","newCart","totalPrice","CalculateTotalPrice","data","carts","exports","deleteCartItem","itemToDelete","deletedItem","destroy"],"sourceRoot":"E:\\ANDELA\\ecommerce-app-legends-bn\\src\\controllers\\shoppingCartController\\","sources":["updateCartController.js"],"sourcesContent":["import db from '../../database/models';\r\nimport { asyncWrapper } from '../../utils/handlingTryCatchBlocks';\r\nimport { getCarts, CalculateTotalPrice } from '../../utils/getCartsHandler';\r\n\r\nexport const updateCart = asyncWrapper(async (req, res) => {\r\n  const { id, quantity } = req.body;\r\n  // console.log('Hello id',id);\r\n  const buyerId = req.user.id;\r\n  const cart = await getCarts(buyerId)\r\n  if (!cart)\r\n    return res\r\n      .status(404)\r\n      .json({ status: req.t('fail'), message: req.t('not_found') });\r\n  const cartData = cart.map((item) => {\r\n    return item.id;\r\n  });\r\n  const itemToUpdate = cartData.find((item) => {\r\n    return item == id;\r\n  });\r\n  console.log(`====================${cartData}=============${id}==========`);\r\n  const cartItem = await db.shoppingCarts.findByPk(itemToUpdate);\r\n  const productVariation = await db.ProductAttribute.findByPk(\r\n    cartItem.dataValues.product\r\n  );\r\n  console.log(`====================${cartItem}=============${id}==========`);\r\n\r\n  if (productVariation.dataValues.quantity < quantity) {\r\n    return res.status(404).json({\r\n      status: req.t('fail'),\r\n      message: req.t('exceeds_stock'),\r\n    });\r\n  }\r\n  const totalAmount = productVariation.dataValues.price * quantity;\r\n  const updatedCart = await cartItem.update({\r\n    quantity,\r\n    totalpricePerProduct: totalAmount,\r\n  });\r\n    const newCart = await getCarts(buyerId);\r\n  const totalPrice = CalculateTotalPrice(newCart);\r\n  console.log('Hello total', totalPrice);\r\n  res.status(201).json({\r\n    status: req.t('success'),\r\n    message: req.t('cart_item_updated'),\r\n    data: {carts:newCart, totalPrice},\r\n  });\r\n});\r\n\r\nexport const deleteCartItem = asyncWrapper(async (req, res) => {\r\n  const { id } = req.body;\r\n  const buyerId = req.user.id;\r\n  const cart = await getCarts(buyerId);\r\n  if (!cart)\r\n    return res\r\n      .status(404)\r\n      .json({ status: req.t('fail'), message: req.t('not_found') });\r\n  const cartData = cart.map((item) => {\r\n    return item.id;\r\n  });\r\n  const itemToDelete = cartData.find((item) => {\r\n    return item == id;\r\n  });\r\n  const cartItem = await db.shoppingCarts.findByPk(itemToDelete);\r\n  if(!cartItem) return res.status(404).json({status:req.t('fail'), message:req.t('not_found')})\r\n    const deletedItem = await cartItem.destroy();\r\n    const newCart = await getCarts(buyerId);\r\n    const totalPrice = CalculateTotalPrice(newCart);\r\n    res.status(200).json({\r\n    status: req.t('success'),\r\n    message: req.t('cart_item_deleted'),\r\n    data: {carts:newCart, totalPrice},\r\n  });\r\n});\r\n\r\n\r\n"],"mappings":";;;;;;AAAA,IAAAA,OAAA,GAAAC,sBAAA,CAAAC,OAAA;AACA,IAAAC,uBAAA,GAAAD,OAAA;AACA,IAAAE,gBAAA,GAAAF,OAAA;AAA4E,SAAAD,uBAAAI,GAAA,WAAAA,GAAA,IAAAA,GAAA,CAAAC,UAAA,GAAAD,GAAA,KAAAE,OAAA,EAAAF,GAAA;AAErE,MAAMG,UAAU,GAAG,IAAAC,oCAAY,EAAC,OAAOC,GAAG,EAAEC,GAAG,KAAK;EACzD,MAAM;IAAEC,EAAE;IAAEC;EAAS,CAAC,GAAGH,GAAG,CAACI,IAAI;EACjC;EACA,MAAMC,OAAO,GAAGL,GAAG,CAACM,IAAI,CAACJ,EAAE;EAC3B,MAAMK,IAAI,GAAG,MAAM,IAAAC,yBAAQ,EAACH,OAAO,CAAC;EACpC,IAAI,CAACE,IAAI,EACP,OAAON,GAAG,CACPQ,MAAM,CAAC,GAAG,CAAC,CACXC,IAAI,CAAC;IAAED,MAAM,EAAET,GAAG,CAACW,CAAC,CAAC,MAAM,CAAC;IAAEC,OAAO,EAAEZ,GAAG,CAACW,CAAC,CAAC,WAAW;EAAE,CAAC,CAAC;EACjE,MAAME,QAAQ,GAAGN,IAAI,CAACO,GAAG,CAAEC,IAAI,IAAK;IAClC,OAAOA,IAAI,CAACb,EAAE;EAChB,CAAC,CAAC;EACF,MAAMc,YAAY,GAAGH,QAAQ,CAACI,IAAI,CAAEF,IAAI,IAAK;IAC3C,OAAOA,IAAI,IAAIb,EAAE;EACnB,CAAC,CAAC;EACFgB,OAAO,CAACC,GAAG,CAAE,uBAAsBN,QAAS,gBAAeX,EAAG,YAAW,CAAC;EAC1E,MAAMkB,QAAQ,GAAG,MAAMC,eAAE,CAACC,aAAa,CAACC,QAAQ,CAACP,YAAY,CAAC;EAC9D,MAAMQ,gBAAgB,GAAG,MAAMH,eAAE,CAACI,gBAAgB,CAACF,QAAQ,CACzDH,QAAQ,CAACM,UAAU,CAACC,OAAO,CAC5B;EACDT,OAAO,CAACC,GAAG,CAAE,uBAAsBC,QAAS,gBAAelB,EAAG,YAAW,CAAC;EAE1E,IAAIsB,gBAAgB,CAACE,UAAU,CAACvB,QAAQ,GAAGA,QAAQ,EAAE;IACnD,OAAOF,GAAG,CAACQ,MAAM,CAAC,GAAG,CAAC,CAACC,IAAI,CAAC;MAC1BD,MAAM,EAAET,GAAG,CAACW,CAAC,CAAC,MAAM,CAAC;MACrBC,OAAO,EAAEZ,GAAG,CAACW,CAAC,CAAC,eAAe;IAChC,CAAC,CAAC;EACJ;EACA,MAAMiB,WAAW,GAAGJ,gBAAgB,CAACE,UAAU,CAACG,KAAK,GAAG1B,QAAQ;EAChE,MAAM2B,WAAW,GAAG,MAAMV,QAAQ,CAACW,MAAM,CAAC;IACxC5B,QAAQ;IACR6B,oBAAoB,EAAEJ;EACxB,CAAC,CAAC;EACA,MAAMK,OAAO,GAAG,MAAM,IAAAzB,yBAAQ,EAACH,OAAO,CAAC;EACzC,MAAM6B,UAAU,GAAG,IAAAC,oCAAmB,EAACF,OAAO,CAAC;EAC/Cf,OAAO,CAACC,GAAG,CAAC,aAAa,EAAEe,UAAU,CAAC;EACtCjC,GAAG,CAACQ,MAAM,CAAC,GAAG,CAAC,CAACC,IAAI,CAAC;IACnBD,MAAM,EAAET,GAAG,CAACW,CAAC,CAAC,SAAS,CAAC;IACxBC,OAAO,EAAEZ,GAAG,CAACW,CAAC,CAAC,mBAAmB,CAAC;IACnCyB,IAAI,EAAE;MAACC,KAAK,EAACJ,OAAO;MAAEC;IAAU;EAClC,CAAC,CAAC;AACJ,CAAC,CAAC;AAACI,OAAA,CAAAxC,UAAA,GAAAA,UAAA;AAEI,MAAMyC,cAAc,GAAG,IAAAxC,oCAAY,EAAC,OAAOC,GAAG,EAAEC,GAAG,KAAK;EAC7D,MAAM;IAAEC;EAAG,CAAC,GAAGF,GAAG,CAACI,IAAI;EACvB,MAAMC,OAAO,GAAGL,GAAG,CAACM,IAAI,CAACJ,EAAE;EAC3B,MAAMK,IAAI,GAAG,MAAM,IAAAC,yBAAQ,EAACH,OAAO,CAAC;EACpC,IAAI,CAACE,IAAI,EACP,OAAON,GAAG,CACPQ,MAAM,CAAC,GAAG,CAAC,CACXC,IAAI,CAAC;IAAED,MAAM,EAAET,GAAG,CAACW,CAAC,CAAC,MAAM,CAAC;IAAEC,OAAO,EAAEZ,GAAG,CAACW,CAAC,CAAC,WAAW;EAAE,CAAC,CAAC;EACjE,MAAME,QAAQ,GAAGN,IAAI,CAACO,GAAG,CAAEC,IAAI,IAAK;IAClC,OAAOA,IAAI,CAACb,EAAE;EAChB,CAAC,CAAC;EACF,MAAMsC,YAAY,GAAG3B,QAAQ,CAACI,IAAI,CAAEF,IAAI,IAAK;IAC3C,OAAOA,IAAI,IAAIb,EAAE;EACnB,CAAC,CAAC;EACF,MAAMkB,QAAQ,GAAG,MAAMC,eAAE,CAACC,aAAa,CAACC,QAAQ,CAACiB,YAAY,CAAC;EAC9D,IAAG,CAACpB,QAAQ,EAAE,OAAOnB,GAAG,CAACQ,MAAM,CAAC,GAAG,CAAC,CAACC,IAAI,CAAC;IAACD,MAAM,EAACT,GAAG,CAACW,CAAC,CAAC,MAAM,CAAC;IAAEC,OAAO,EAACZ,GAAG,CAACW,CAAC,CAAC,WAAW;EAAC,CAAC,CAAC;EAC3F,MAAM8B,WAAW,GAAG,MAAMrB,QAAQ,CAACsB,OAAO,EAAE;EAC5C,MAAMT,OAAO,GAAG,MAAM,IAAAzB,yBAAQ,EAACH,OAAO,CAAC;EACvC,MAAM6B,UAAU,GAAG,IAAAC,oCAAmB,EAACF,OAAO,CAAC;EAC/ChC,GAAG,CAACQ,MAAM,CAAC,GAAG,CAAC,CAACC,IAAI,CAAC;IACrBD,MAAM,EAAET,GAAG,CAACW,CAAC,CAAC,SAAS,CAAC;IACxBC,OAAO,EAAEZ,GAAG,CAACW,CAAC,CAAC,mBAAmB,CAAC;IACnCyB,IAAI,EAAE;MAACC,KAAK,EAACJ,OAAO;MAAEC;IAAU;EAClC,CAAC,CAAC;AACJ,CAAC,CAAC;AAACI,OAAA,CAAAC,cAAA,GAAAA,cAAA"},"_coverageSchema":"1a1c01bbd47fc00a2c39e90264f33305004495a9","hash":"4b82fd2dd9106060927925a123e8427a96c3ca27","contentHash":"3b73cd923da8fed7289f720aa754c565489bc0be77b67f582f87561997f79a99"},"E:\\ANDELA\\ecommerce-app-legends-bn\\src\\utils\\getCartsHandler.js":{"path":"E:\\ANDELA\\ecommerce-app-legends-bn\\src\\utils\\getCartsHandler.js","statementMap":{"0":{"start":{"line":3,"column":0},"end":{"line":5,"column":3}},"1":{"start":{"line":6,"column":0},"end":{"line":6,"column":56}},"2":{"start":{"line":7,"column":14},"end":{"line":7,"column":67}},"3":{"start":{"line":8,"column":39},"end":{"line":8,"column":93}},"4":{"start":{"line":9,"column":17},"end":{"line":16,"column":1}},"5":{"start":{"line":10,"column":16},"end":{"line":14,"column":4}},"6":{"start":{"line":15,"column":2},"end":{"line":15,"column":15}},"7":{"start":{"line":17,"column":0},"end":{"line":17,"column":28}},"8":{"start":{"line":18,"column":28},"end":{"line":23,"column":1}},"9":{"start":{"line":19,"column":21},"end":{"line":21,"column":31}},"10":{"start":{"line":20,"column":4},"end":{"line":20,"column":37}},"11":{"start":{"line":21,"column":22},"end":{"line":21,"column":27}},"12":{"start":{"line":22,"column":2},"end":{"line":22,"column":20}},"13":{"start":{"line":24,"column":0},"end":{"line":24,"column":50}}},"fnMap":{"0":{"name":"_interopRequireDefault","decl":{"start":{"line":8,"column":9},"end":{"line":8,"column":31}},"loc":{"start":{"line":8,"column":37},"end":{"line":8,"column":95}},"line":8},"1":{"name":"(anonymous_1)","decl":{"start":{"line":9,"column":17},"end":{"line":9,"column":18}},"loc":{"start":{"line":9,"column":34},"end":{"line":16,"column":1}},"line":9},"2":{"name":"(anonymous_2)","decl":{"start":{"line":18,"column":28},"end":{"line":18,"column":29}},"loc":{"start":{"line":18,"column":36},"end":{"line":23,"column":1}},"line":18},"3":{"name":"(anonymous_3)","decl":{"start":{"line":19,"column":30},"end":{"line":19,"column":31}},"loc":{"start":{"line":19,"column":38},"end":{"line":21,"column":3}},"line":19},"4":{"name":"(anonymous_4)","decl":{"start":{"line":21,"column":12},"end":{"line":21,"column":13}},"loc":{"start":{"line":21,"column":22},"end":{"line":21,"column":27}},"line":21}},"branchMap":{"0":{"loc":{"start":{"line":8,"column":46},"end":{"line":8,"column":92}},"type":"cond-expr","locations":[{"start":{"line":8,"column":70},"end":{"line":8,"column":73}},{"start":{"line":8,"column":76},"end":{"line":8,"column":92}}],"line":8},"1":{"loc":{"start":{"line":8,"column":46},"end":{"line":8,"column":67}},"type":"binary-expr","locations":[{"start":{"line":8,"column":46},"end":{"line":8,"column":49}},{"start":{"line":8,"column":53},"end":{"line":8,"column":67}}],"line":8}},"s":{"0":1,"1":1,"2":1,"3":1,"4":1,"5":0,"6":0,"7":1,"8":1,"9":0,"10":0,"11":0,"12":0,"13":1},"f":{"0":1,"1":0,"2":0,"3":0,"4":0},"b":{"0":[0,1],"1":[1,1]},"inputSourceMap":{"version":3,"names":["_models","_interopRequireDefault","require","obj","__esModule","default","getCarts","buyerId","carts","db","shoppingCarts","findAll","where","buyer","exports","CalculateTotalPrice","cart","totalPrice","map","item","totalpricePerProduct","reduce","a","b"],"sourceRoot":"E:\\ANDELA\\ecommerce-app-legends-bn\\src\\utils\\","sources":["getCartsHandler.js"],"sourcesContent":["import db from '../database/models';\r\nexport const getCarts = async (buyerId) => {\r\n  const carts = await db.shoppingCarts.findAll({ where: { buyer: buyerId } });\r\n  return carts;\r\n};\r\nexport const CalculateTotalPrice = (cart) => {\r\n  const totalPrice = cart\r\n    .map((item) => {\r\n      return item.totalpricePerProduct;\r\n    })\r\n    .reduce((a, b) => a + b, 0);\r\n  return totalPrice;\r\n};"],"mappings":";;;;;;AAAA,IAAAA,OAAA,GAAAC,sBAAA,CAAAC,OAAA;AAAoC,SAAAD,uBAAAE,GAAA,WAAAA,GAAA,IAAAA,GAAA,CAAAC,UAAA,GAAAD,GAAA,KAAAE,OAAA,EAAAF,GAAA;AAC7B,MAAMG,QAAQ,GAAG,MAAOC,OAAO,IAAK;EACzC,MAAMC,KAAK,GAAG,MAAMC,eAAE,CAACC,aAAa,CAACC,OAAO,CAAC;IAAEC,KAAK,EAAE;MAAEC,KAAK,EAAEN;IAAQ;EAAE,CAAC,CAAC;EAC3E,OAAOC,KAAK;AACd,CAAC;AAACM,OAAA,CAAAR,QAAA,GAAAA,QAAA;AACK,MAAMS,mBAAmB,GAAIC,IAAI,IAAK;EAC3C,MAAMC,UAAU,GAAGD,IAAI,CACpBE,GAAG,CAAEC,IAAI,IAAK;IACb,OAAOA,IAAI,CAACC,oBAAoB;EAClC,CAAC,CAAC,CACDC,MAAM,CAAC,CAACC,CAAC,EAAEC,CAAC,KAAKD,CAAC,GAAGC,CAAC,EAAE,CAAC,CAAC;EAC7B,OAAON,UAAU;AACnB,CAAC;AAACH,OAAA,CAAAC,mBAAA,GAAAA,mBAAA"},"_coverageSchema":"1a1c01bbd47fc00a2c39e90264f33305004495a9","hash":"20089803dcd7e6f48963de209bdb490004bb9366","contentHash":"9890170b501ec1da207ab8993e0a482a67d838ca7d420a86d627e91da3280b34"}}