{"/Users/denisniwemugisha/ecommerce-app-legends-bn/src/database/models/index.js":{"path":"/Users/denisniwemugisha/ecommerce-app-legends-bn/src/database/models/index.js","statementMap":{"0":{"start":{"line":3,"column":0},"end":{"line":5,"column":3}},"1":{"start":{"line":6,"column":0},"end":{"line":6,"column":30}},"2":{"start":{"line":7,"column":10},"end":{"line":7,"column":47}},"3":{"start":{"line":8,"column":12},"end":{"line":8,"column":51}},"4":{"start":{"line":9,"column":17},"end":{"line":9,"column":61}},"5":{"start":{"line":10,"column":39},"end":{"line":10,"column":93}},"6":{"start":{"line":11,"column":17},"end":{"line":11,"column":51}},"7":{"start":{"line":12,"column":15},"end":{"line":12,"column":48}},"8":{"start":{"line":13,"column":12},"end":{"line":13,"column":32}},"9":{"start":{"line":14,"column":11},"end":{"line":14,"column":13}},"10":{"start":{"line":16,"column":0},"end":{"line":20,"column":1}},"11":{"start":{"line":17,"column":2},"end":{"line":17,"column":54}},"12":{"start":{"line":19,"column":2},"end":{"line":19,"column":67}},"13":{"start":{"line":21,"column":0},"end":{"line":26,"column":3}},"14":{"start":{"line":22,"column":2},"end":{"line":22,"column":82}},"15":{"start":{"line":24,"column":16},"end":{"line":24,"column":101}},"16":{"start":{"line":25,"column":2},"end":{"line":25,"column":25}},"17":{"start":{"line":27,"column":0},"end":{"line":31,"column":3}},"18":{"start":{"line":28,"column":2},"end":{"line":30,"column":3}},"19":{"start":{"line":29,"column":4},"end":{"line":29,"column":32}},"20":{"start":{"line":32,"column":21},"end":{"line":32,"column":177}},"21":{"start":{"line":32,"column":57},"end":{"line":32,"column":108}},"22":{"start":{"line":32,"column":123},"end":{"line":32,"column":176}},"23":{"start":{"line":33,"column":0},"end":{"line":33,"column":36}},"24":{"start":{"line":34,"column":0},"end":{"line":34,"column":25}},"25":{"start":{"line":35,"column":0},"end":{"line":35,"column":34}},"26":{"start":{"line":36,"column":0},"end":{"line":36,"column":20}}},"fnMap":{"0":{"name":"_interopRequireDefault","decl":{"start":{"line":10,"column":9},"end":{"line":10,"column":31}},"loc":{"start":{"line":10,"column":37},"end":{"line":10,"column":95}},"line":10},"1":{"name":"(anonymous_1)","decl":{"start":{"line":21,"column":42},"end":{"line":21,"column":43}},"loc":{"start":{"line":21,"column":50},"end":{"line":23,"column":1}},"line":21},"2":{"name":"(anonymous_2)","decl":{"start":{"line":23,"column":11},"end":{"line":23,"column":12}},"loc":{"start":{"line":23,"column":19},"end":{"line":26,"column":1}},"line":23},"3":{"name":"(anonymous_3)","decl":{"start":{"line":27,"column":24},"end":{"line":27,"column":25}},"loc":{"start":{"line":27,"column":37},"end":{"line":31,"column":1}},"line":27},"4":{"name":"(anonymous_4)","decl":{"start":{"line":32,"column":51},"end":{"line":32,"column":52}},"loc":{"start":{"line":32,"column":57},"end":{"line":32,"column":108}},"line":32},"5":{"name":"(anonymous_5)","decl":{"start":{"line":32,"column":116},"end":{"line":32,"column":117}},"loc":{"start":{"line":32,"column":123},"end":{"line":32,"column":176}},"line":32}},"branchMap":{"0":{"loc":{"start":{"line":10,"column":46},"end":{"line":10,"column":92}},"type":"cond-expr","locations":[{"start":{"line":10,"column":70},"end":{"line":10,"column":73}},{"start":{"line":10,"column":76},"end":{"line":10,"column":92}}],"line":10},"1":{"loc":{"start":{"line":10,"column":46},"end":{"line":10,"column":67}},"type":"binary-expr","locations":[{"start":{"line":10,"column":46},"end":{"line":10,"column":49}},{"start":{"line":10,"column":53},"end":{"line":10,"column":67}}],"line":10},"2":{"loc":{"start":{"line":16,"column":0},"end":{"line":20,"column":1}},"type":"if","locations":[{"start":{"line":16,"column":0},"end":{"line":20,"column":1}},{"start":{"line":16,"column":0},"end":{"line":20,"column":1}}],"line":16},"3":{"loc":{"start":{"line":22,"column":9},"end":{"line":22,"column":81}},"type":"binary-expr","locations":[{"start":{"line":22,"column":9},"end":{"line":22,"column":32}},{"start":{"line":22,"column":36},"end":{"line":22,"column":53}},{"start":{"line":22,"column":57},"end":{"line":22,"column":81}}],"line":22},"4":{"loc":{"start":{"line":28,"column":2},"end":{"line":30,"column":3}},"type":"if","locations":[{"start":{"line":28,"column":2},"end":{"line":30,"column":3}},{"start":{"line":28,"column":2},"end":{"line":30,"column":3}}],"line":28}},"s":{"0":1,"1":1,"2":1,"3":1,"4":1,"5":3,"6":1,"7":1,"8":1,"9":1,"10":1,"11":1,"12":0,"13":1,"14":17,"15":16,"16":16,"17":1,"18":16,"19":15,"20":1,"21":1,"22":0,"23":1,"24":1,"25":1,"26":1},"f":{"0":3,"1":17,"2":16,"3":16,"4":1,"5":0},"b":{"0":[0,3],"1":[3,3],"2":[1,0],"3":[17,17,16],"4":[15,1]},"inputSourceMap":{"version":3,"names":["Object","defineProperty","exports","value","dbConnection","_fs","_interopRequireDefault","require","_path","_sequelize","obj","__esModule","default","basename","path","__filename","config","env","process","NODE_ENV","db","sequelize","url","Sequelize","DEV_DATABASE_URL","fs","readdirSync","__dirname","filter","file","indexOf","slice","forEach","model","join","DataTypes","name","keys","modelName","associate","authenticate","then","console","log","catch","err","module"],"sourceRoot":"/Users/denisniwemugisha/ecommerce-app-legends-bn/src/database/models/","sources":["index.js"],"sourcesContent":["'use strict';\n\nimport fs from 'fs';\nimport path from 'path';\nimport Sequelize from 'sequelize';\nconst basename = path.basename(__filename);\nconst config = require('../../config/config.js');\nconst env = process.env.NODE_ENV;\nconst db = {};\nlet sequelize;\nif (config[env].url) {\n  sequelize = new Sequelize(config[env].url);\n} else {\n  sequelize = new Sequelize(process.env.DEV_DATABASE_URL);\n}\n\nfs.readdirSync(__dirname)\n  .filter((file) => {\n    return (\n      file.indexOf('.') !== 0 && file !== basename && file.slice(-3) === '.js'\n    );\n  })\n  .forEach((file) => {\n    const model = require(path.join(__dirname, file))(\n      sequelize,\n      Sequelize.DataTypes\n    );\n    db[model.name] = model;\n  });\n\nObject.keys(db).forEach((modelName) => {\n  if (db[modelName].associate) {\n    db[modelName].associate(db);\n  }\n});\nexport const dbConnection=sequelize.authenticate().then(\n  ()=>console.log(env,'database connection established')\n).catch(err=>console.log('unable to connect to the database',err))\ndb.sequelize = sequelize;\ndb.Sequelize = Sequelize;\n\nmodule.exports = db;\n"],"mappings":"AAAA,YAAY;;AAACA,MAAA,CAAAC,cAAA,CAAAC,OAAA;EAAAC,KAAA;AAAA;AAAAD,OAAA,CAAAE,YAAA;AAEb,IAAAC,GAAA,GAAAC,sBAAA,CAAAC,OAAA;AACA,IAAAC,KAAA,GAAAF,sBAAA,CAAAC,OAAA;AACA,IAAAE,UAAA,GAAAH,sBAAA,CAAAC,OAAA;AAAkC,SAAAD,uBAAAI,GAAA,WAAAA,GAAA,IAAAA,GAAA,CAAAC,UAAA,GAAAD,GAAA,KAAAE,OAAA,EAAAF,GAAA;AAClC,MAAMG,QAAQ,GAAGC,aAAI,CAACD,QAAQ,CAACE,UAAU,CAAC;AAC1C,MAAMC,MAAM,GAAGT,OAAO,CAAC,wBAAwB,CAAC;AAChD,MAAMU,GAAG,GAAGC,OAAO,CAACD,GAAG,CAACE,QAAQ;AAChC,MAAMC,EAAE,GAAG,CAAC,CAAC;AACb,IAAIC,SAAS;AACb,IAAIL,MAAM,CAACC,GAAG,CAAC,CAACK,GAAG,EAAE;EACnBD,SAAS,GAAG,IAAIE,kBAAS,CAACP,MAAM,CAACC,GAAG,CAAC,CAACK,GAAG,CAAC;AAC5C,CAAC,MAAM;EACLD,SAAS,GAAG,IAAIE,kBAAS,CAACL,OAAO,CAACD,GAAG,CAACO,gBAAgB,CAAC;AACzD;AAEAC,WAAE,CAACC,WAAW,CAACC,SAAS,CAAC,CACtBC,MAAM,CAAEC,IAAI,IAAK;EAChB,OACEA,IAAI,CAACC,OAAO,CAAC,GAAG,CAAC,KAAK,CAAC,IAAID,IAAI,KAAKhB,QAAQ,IAAIgB,IAAI,CAACE,KAAK,CAAC,CAAC,CAAC,CAAC,KAAK,KAAK;AAE5E,CAAC,CAAC,CACDC,OAAO,CAAEH,IAAI,IAAK;EACjB,MAAMI,KAAK,GAAG1B,OAAO,CAACO,aAAI,CAACoB,IAAI,CAACP,SAAS,EAAEE,IAAI,CAAC,CAAC,CAC/CR,SAAS,EACTE,kBAAS,CAACY,SAAS,CACpB;EACDf,EAAE,CAACa,KAAK,CAACG,IAAI,CAAC,GAAGH,KAAK;AACxB,CAAC,CAAC;AAEJjC,MAAM,CAACqC,IAAI,CAACjB,EAAE,CAAC,CAACY,OAAO,CAAEM,SAAS,IAAK;EACrC,IAAIlB,EAAE,CAACkB,SAAS,CAAC,CAACC,SAAS,EAAE;IAC3BnB,EAAE,CAACkB,SAAS,CAAC,CAACC,SAAS,CAACnB,EAAE,CAAC;EAC7B;AACF,CAAC,CAAC;AACK,MAAMhB,YAAY,GAACiB,SAAS,CAACmB,YAAY,EAAE,CAACC,IAAI,CACrD,MAAIC,OAAO,CAACC,GAAG,CAAC1B,GAAG,EAAC,iCAAiC,CAAC,CACvD,CAAC2B,KAAK,CAACC,GAAG,IAAEH,OAAO,CAACC,GAAG,CAAC,mCAAmC,EAACE,GAAG,CAAC,CAAC;AAAA3C,OAAA,CAAAE,YAAA,GAAAA,YAAA;AAClEgB,EAAE,CAACC,SAAS,GAAGA,SAAS;AACxBD,EAAE,CAACG,SAAS,GAAGA,kBAAS;AAExBuB,MAAM,CAAC5C,OAAO,GAAGkB,EAAE"},"_coverageSchema":"1a1c01bbd47fc00a2c39e90264f33305004495a9","hash":"03a92a98606a7301e815477a78037e7c8d6c74b4","contentHash":"1b4dcb7bfcab0e1914b205607827e39b917f4b99418efcbe280ecc3d83c492ae"},"/Users/denisniwemugisha/ecommerce-app-legends-bn/src/config/config.js":{"path":"/Users/denisniwemugisha/ecommerce-app-legends-bn/src/config/config.js","statementMap":{"0":{"start":{"line":3,"column":0},"end":{"line":3,"column":27}},"1":{"start":{"line":4,"column":0},"end":{"line":17,"column":2}}},"fnMap":{},"branchMap":{},"s":{"0":1,"1":1},"f":{},"b":{},"inputSourceMap":{"version":3,"names":["require","config","module","exports","development","url","process","env","DEV_DATABASE_URL","dialect","test","TEST_DATABASE_URL","production","DATABASE_URL"],"sourceRoot":"/Users/denisniwemugisha/ecommerce-app-legends-bn/src/config/","sources":["config.js"],"sourcesContent":["require('dotenv').config()\nmodule.exports = {\n  development: {\n    url: process.env.DEV_DATABASE_URL,\n    dialect: 'postgres',\n  },\n  test: {\n    url: process.env.TEST_DATABASE_URL,\n    dialect: 'postgres',\n  },\n  production: {\n    url: process.env.DATABASE_URL,\n    dialect: 'postgres',\n  },\n}\n"],"mappings":";;AAAAA,OAAO,CAAC,QAAQ,CAAC,CAACC,MAAM,EAAE;AAC1BC,MAAM,CAACC,OAAO,GAAG;EACfC,WAAW,EAAE;IACXC,GAAG,EAAEC,OAAO,CAACC,GAAG,CAACC,gBAAgB;IACjCC,OAAO,EAAE;EACX,CAAC;EACDC,IAAI,EAAE;IACJL,GAAG,EAAEC,OAAO,CAACC,GAAG,CAACI,iBAAiB;IAClCF,OAAO,EAAE;EACX,CAAC;EACDG,UAAU,EAAE;IACVP,GAAG,EAAEC,OAAO,CAACC,GAAG,CAACM,YAAY;IAC7BJ,OAAO,EAAE;EACX;AACF,CAAC"},"_coverageSchema":"1a1c01bbd47fc00a2c39e90264f33305004495a9","hash":"48c42fd7da88c6490004d4697cbf63d993ed2bbd","contentHash":"35fff90dd6755868f823e8824630d8f514c4f509c8bcbaef4a42df383f13447e"},"/Users/denisniwemugisha/ecommerce-app-legends-bn/src/database/models/category.js":{"path":"/Users/denisniwemugisha/ecommerce-app-legends-bn/src/database/models/category.js","statementMap":{"0":{"start":{"line":5,"column":4},"end":{"line":5,"column":24}},"1":{"start":{"line":6,"column":0},"end":{"line":29,"column":2}},"2":{"start":{"line":15,"column":6},"end":{"line":17,"column":9}},"3":{"start":{"line":20,"column":2},"end":{"line":27,"column":5}},"4":{"start":{"line":28,"column":2},"end":{"line":28,"column":18}}},"fnMap":{"0":{"name":"(anonymous_0)","decl":{"start":{"line":6,"column":17},"end":{"line":6,"column":18}},"loc":{"start":{"line":6,"column":43},"end":{"line":29,"column":1}},"line":6},"1":{"name":"(anonymous_1)","decl":{"start":{"line":13,"column":4},"end":{"line":13,"column":5}},"loc":{"start":{"line":13,"column":29},"end":{"line":18,"column":5}},"line":13}},"branchMap":{},"s":{"0":1,"1":1,"2":1,"3":1,"4":1},"f":{"0":1,"1":1},"b":{},"inputSourceMap":{"version":3,"names":["Model","require","module","exports","sequelize","DataTypes","Category","associate","models","hasMany","Product","foreignKey","init","name","STRING","status","modelName","tableName"],"sourceRoot":"/Users/denisniwemugisha/ecommerce-app-legends-bn/src/database/models/","sources":["category.js"],"sourcesContent":["'use strict';\nconst {\n  Model\n} = require('sequelize');\nmodule.exports = (sequelize, DataTypes) => {\n  class Category extends Model {\n    /**\n     * Helper method for defining associations.\n     * This method is not a part of Sequelize lifecycle.\n     * The `models/index` file will call this method automatically.\n     */\n    static associate(models) {\n      // define association here\n      this.hasMany(models.Product, { foreignKey: 'categoryId'})\n    }\n  }\n  Category.init({\n    name: DataTypes.STRING,\n    status: DataTypes.STRING\n  }, {\n    sequelize,\n    modelName: 'Category',\n    tableName: 'Categories'\n  });\n  return Category;\n};"],"mappings":"AAAA,YAAY;;AACZ,MAAM;EACJA;AACF,CAAC,GAAGC,OAAO,CAAC,WAAW,CAAC;AACxBC,MAAM,CAACC,OAAO,GAAG,CAACC,SAAS,EAAEC,SAAS,KAAK;EACzC,MAAMC,QAAQ,SAASN,KAAK,CAAC;IAC3B;AACJ;AACA;AACA;AACA;IACI,OAAOO,SAASA,CAACC,MAAM,EAAE;MACvB;MACA,IAAI,CAACC,OAAO,CAACD,MAAM,CAACE,OAAO,EAAE;QAAEC,UAAU,EAAE;MAAY,CAAC,CAAC;IAC3D;EACF;EACAL,QAAQ,CAACM,IAAI,CAAC;IACZC,IAAI,EAAER,SAAS,CAACS,MAAM;IACtBC,MAAM,EAAEV,SAAS,CAACS;EACpB,CAAC,EAAE;IACDV,SAAS;IACTY,SAAS,EAAE,UAAU;IACrBC,SAAS,EAAE;EACb,CAAC,CAAC;EACF,OAAOX,QAAQ;AACjB,CAAC"},"_coverageSchema":"1a1c01bbd47fc00a2c39e90264f33305004495a9","hash":"d57244e5d90d16b52d7c36fe81a616fde5a6578e","contentHash":"d988305f8d1f1e66c7b566ff360642b71cb6bd7684978aab3a1949f06e516079"},"/Users/denisniwemugisha/ecommerce-app-legends-bn/src/database/models/coupon.js":{"path":"/Users/denisniwemugisha/ecommerce-app-legends-bn/src/database/models/coupon.js","statementMap":{"0":{"start":{"line":5,"column":4},"end":{"line":5,"column":24}},"1":{"start":{"line":6,"column":0},"end":{"line":36,"column":2}},"2":{"start":{"line":15,"column":6},"end":{"line":17,"column":9}},"3":{"start":{"line":18,"column":6},"end":{"line":20,"column":9}},"4":{"start":{"line":23,"column":2},"end":{"line":34,"column":5}},"5":{"start":{"line":35,"column":2},"end":{"line":35,"column":16}}},"fnMap":{"0":{"name":"(anonymous_0)","decl":{"start":{"line":6,"column":17},"end":{"line":6,"column":18}},"loc":{"start":{"line":6,"column":43},"end":{"line":36,"column":1}},"line":6},"1":{"name":"(anonymous_1)","decl":{"start":{"line":13,"column":4},"end":{"line":13,"column":5}},"loc":{"start":{"line":13,"column":29},"end":{"line":21,"column":5}},"line":13}},"branchMap":{},"s":{"0":1,"1":1,"2":1,"3":1,"4":1,"5":1},"f":{"0":1,"1":1},"b":{},"inputSourceMap":{"version":3,"names":["Model","require","module","exports","sequelize","DataTypes","Coupon","associate","models","belongsTo","user","foreignKey","hasMany","CouponProduct","init","code","STRING","discount_rate","INTEGER","expire_at","DATE","max_usage","usage","status","vendorId","UUID","modelName"],"sourceRoot":"/Users/denisniwemugisha/ecommerce-app-legends-bn/src/database/models/","sources":["coupon.js"],"sourcesContent":["'use strict';\nconst {\n  Model\n} = require('sequelize');\nmodule.exports = (sequelize, DataTypes) => {\n  class Coupon extends Model {\n    /**\n     * Helper method for defining associations.\n     * This method is not a part of Sequelize lifecycle.\n     * The `models/index` file will call this method automatically.\n     */\n    static associate(models) {\n      // define association here\n      this.belongsTo(models.user, { foreignKey: 'vendorId' })\n      this.hasMany(models.CouponProduct, { foreignKey: 'couponId' })\n    }\n  }\n  Coupon.init({\n    code: DataTypes.STRING,\n    discount_rate: DataTypes.INTEGER,\n    expire_at: DataTypes.DATE,\n    max_usage: DataTypes.INTEGER,\n    usage: DataTypes.INTEGER,\n    status: DataTypes.STRING,\n    vendorId: DataTypes.UUID,\n  }, {\n    sequelize,\n    modelName: 'Coupon',\n  });\n  return Coupon;\n};"],"mappings":"AAAA,YAAY;;AACZ,MAAM;EACJA;AACF,CAAC,GAAGC,OAAO,CAAC,WAAW,CAAC;AACxBC,MAAM,CAACC,OAAO,GAAG,CAACC,SAAS,EAAEC,SAAS,KAAK;EACzC,MAAMC,MAAM,SAASN,KAAK,CAAC;IACzB;AACJ;AACA;AACA;AACA;IACI,OAAOO,SAASA,CAACC,MAAM,EAAE;MACvB;MACA,IAAI,CAACC,SAAS,CAACD,MAAM,CAACE,IAAI,EAAE;QAAEC,UAAU,EAAE;MAAW,CAAC,CAAC;MACvD,IAAI,CAACC,OAAO,CAACJ,MAAM,CAACK,aAAa,EAAE;QAAEF,UAAU,EAAE;MAAW,CAAC,CAAC;IAChE;EACF;EACAL,MAAM,CAACQ,IAAI,CAAC;IACVC,IAAI,EAAEV,SAAS,CAACW,MAAM;IACtBC,aAAa,EAAEZ,SAAS,CAACa,OAAO;IAChCC,SAAS,EAAEd,SAAS,CAACe,IAAI;IACzBC,SAAS,EAAEhB,SAAS,CAACa,OAAO;IAC5BI,KAAK,EAAEjB,SAAS,CAACa,OAAO;IACxBK,MAAM,EAAElB,SAAS,CAACW,MAAM;IACxBQ,QAAQ,EAAEnB,SAAS,CAACoB;EACtB,CAAC,EAAE;IACDrB,SAAS;IACTsB,SAAS,EAAE;EACb,CAAC,CAAC;EACF,OAAOpB,MAAM;AACf,CAAC"},"_coverageSchema":"1a1c01bbd47fc00a2c39e90264f33305004495a9","hash":"8fd61e31611d34b052670ce1da07c60d26bcd616","contentHash":"31ecbd7d7b27dc89b7ec033b06bafe8bd89b18125ea2b2c4bc3263cb72603cb8"},"/Users/denisniwemugisha/ecommerce-app-legends-bn/src/database/models/couponproduct.js":{"path":"/Users/denisniwemugisha/ecommerce-app-legends-bn/src/database/models/couponproduct.js","statementMap":{"0":{"start":{"line":5,"column":4},"end":{"line":5,"column":24}},"1":{"start":{"line":6,"column":0},"end":{"line":31,"column":2}},"2":{"start":{"line":15,"column":6},"end":{"line":17,"column":9}},"3":{"start":{"line":18,"column":6},"end":{"line":20,"column":9}},"4":{"start":{"line":23,"column":2},"end":{"line":29,"column":5}},"5":{"start":{"line":30,"column":2},"end":{"line":30,"column":23}}},"fnMap":{"0":{"name":"(anonymous_0)","decl":{"start":{"line":6,"column":17},"end":{"line":6,"column":18}},"loc":{"start":{"line":6,"column":43},"end":{"line":31,"column":1}},"line":6},"1":{"name":"(anonymous_1)","decl":{"start":{"line":13,"column":4},"end":{"line":13,"column":5}},"loc":{"start":{"line":13,"column":29},"end":{"line":21,"column":5}},"line":13}},"branchMap":{},"s":{"0":1,"1":1,"2":1,"3":1,"4":1,"5":1},"f":{"0":1,"1":1},"b":{},"inputSourceMap":{"version":3,"names":["Model","require","module","exports","sequelize","DataTypes","CouponProduct","associate","models","belongsTo","Coupon","foreignKey","ProductAttribute","init","couponId","INTEGER","prodcutAttributeId","modelName"],"sourceRoot":"/Users/denisniwemugisha/ecommerce-app-legends-bn/src/database/models/","sources":["couponproduct.js"],"sourcesContent":["'use strict';\nconst {\n  Model\n} = require('sequelize');\nmodule.exports = (sequelize, DataTypes) => {\n  class CouponProduct extends Model {\n    /**\n     * Helper method for defining associations.\n     * This method is not a part of Sequelize lifecycle.\n     * The `models/index` file will call this method automatically.\n     */\n    static associate(models) {\n      // define association here\n      this.belongsTo(models.Coupon, {foreignKey: 'couponId' })\n      this.belongsTo(models.ProductAttribute, {foreignKey: 'prodcutAttributeId' })\n    }\n  }\n  CouponProduct.init({\n    couponId: DataTypes.INTEGER,\n    prodcutAttributeId: DataTypes.INTEGER\n  }, {\n    sequelize,\n    modelName: 'CouponProduct',\n  });\n  return CouponProduct;\n};"],"mappings":"AAAA,YAAY;;AACZ,MAAM;EACJA;AACF,CAAC,GAAGC,OAAO,CAAC,WAAW,CAAC;AACxBC,MAAM,CAACC,OAAO,GAAG,CAACC,SAAS,EAAEC,SAAS,KAAK;EACzC,MAAMC,aAAa,SAASN,KAAK,CAAC;IAChC;AACJ;AACA;AACA;AACA;IACI,OAAOO,SAASA,CAACC,MAAM,EAAE;MACvB;MACA,IAAI,CAACC,SAAS,CAACD,MAAM,CAACE,MAAM,EAAE;QAACC,UAAU,EAAE;MAAW,CAAC,CAAC;MACxD,IAAI,CAACF,SAAS,CAACD,MAAM,CAACI,gBAAgB,EAAE;QAACD,UAAU,EAAE;MAAqB,CAAC,CAAC;IAC9E;EACF;EACAL,aAAa,CAACO,IAAI,CAAC;IACjBC,QAAQ,EAAET,SAAS,CAACU,OAAO;IAC3BC,kBAAkB,EAAEX,SAAS,CAACU;EAChC,CAAC,EAAE;IACDX,SAAS;IACTa,SAAS,EAAE;EACb,CAAC,CAAC;EACF,OAAOX,aAAa;AACtB,CAAC"},"_coverageSchema":"1a1c01bbd47fc00a2c39e90264f33305004495a9","hash":"987ba103d400aff7cf5e077b00b4c52e9c713cb3","contentHash":"8ad6735cff72378f12b6efcbf3b99b894f656ba664e7c7868ed783091cc02a3d"},"/Users/denisniwemugisha/ecommerce-app-legends-bn/src/database/models/notification.js":{"path":"/Users/denisniwemugisha/ecommerce-app-legends-bn/src/database/models/notification.js","statementMap":{"0":{"start":{"line":5,"column":4},"end":{"line":5,"column":24}},"1":{"start":{"line":6,"column":0},"end":{"line":28,"column":2}},"2":{"start":{"line":17,"column":2},"end":{"line":26,"column":5}},"3":{"start":{"line":27,"column":2},"end":{"line":27,"column":22}}},"fnMap":{"0":{"name":"(anonymous_0)","decl":{"start":{"line":6,"column":17},"end":{"line":6,"column":18}},"loc":{"start":{"line":6,"column":43},"end":{"line":28,"column":1}},"line":6},"1":{"name":"(anonymous_1)","decl":{"start":{"line":13,"column":4},"end":{"line":13,"column":5}},"loc":{"start":{"line":13,"column":29},"end":{"line":15,"column":5}},"line":13}},"branchMap":{},"s":{"0":1,"1":1,"2":1,"3":1},"f":{"0":1,"1":1},"b":{},"inputSourceMap":{"version":3,"names":["Model","require","module","exports","sequelize","DataTypes","notification","associate","models","init","subject","STRING","message","type","isRead","BOOLEAN","userId","UUID","modelName"],"sourceRoot":"/Users/denisniwemugisha/ecommerce-app-legends-bn/src/database/models/","sources":["notification.js"],"sourcesContent":["'use strict';\nconst {\n  Model\n} = require('sequelize');\nmodule.exports = (sequelize, DataTypes) => {\n  class notification extends Model {\n    /**\n     * Helper method for defining associations.\n     * This method is not a part of Sequelize lifecycle.\n     * The `models/index` file will call this method automatically.\n     */\n    static associate(models) {\n      // define association here\n    }\n  }\n  notification.init({\n    subject: DataTypes.STRING,\n    message: DataTypes.STRING,\n    type: DataTypes.STRING,\n    isRead: DataTypes.BOOLEAN,\n    userId: DataTypes.UUID\n  }, {\n    sequelize,\n    modelName: 'notification',\n  });\n  return notification;\n};"],"mappings":"AAAA,YAAY;;AACZ,MAAM;EACJA;AACF,CAAC,GAAGC,OAAO,CAAC,WAAW,CAAC;AACxBC,MAAM,CAACC,OAAO,GAAG,CAACC,SAAS,EAAEC,SAAS,KAAK;EACzC,MAAMC,YAAY,SAASN,KAAK,CAAC;IAC/B;AACJ;AACA;AACA;AACA;IACI,OAAOO,SAASA,CAACC,MAAM,EAAE;MACvB;IAAA;EAEJ;EACAF,YAAY,CAACG,IAAI,CAAC;IAChBC,OAAO,EAAEL,SAAS,CAACM,MAAM;IACzBC,OAAO,EAAEP,SAAS,CAACM,MAAM;IACzBE,IAAI,EAAER,SAAS,CAACM,MAAM;IACtBG,MAAM,EAAET,SAAS,CAACU,OAAO;IACzBC,MAAM,EAAEX,SAAS,CAACY;EACpB,CAAC,EAAE;IACDb,SAAS;IACTc,SAAS,EAAE;EACb,CAAC,CAAC;EACF,OAAOZ,YAAY;AACrB,CAAC"},"_coverageSchema":"1a1c01bbd47fc00a2c39e90264f33305004495a9","hash":"f6b70087fd9ba784a66b7ce0c37933dd99572eb8","contentHash":"6f3596eba9a3c885e6a1daa65fcbaa5118a1c16bc03daa76edd34d5beed64ed6"},"/Users/denisniwemugisha/ecommerce-app-legends-bn/src/database/models/orderDetails.js":{"path":"/Users/denisniwemugisha/ecommerce-app-legends-bn/src/database/models/orderDetails.js","statementMap":{"0":{"start":{"line":5,"column":4},"end":{"line":5,"column":24}},"1":{"start":{"line":6,"column":0},"end":{"line":31,"column":2}},"2":{"start":{"line":14,"column":2},"end":{"line":29,"column":5}},"3":{"start":{"line":30,"column":2},"end":{"line":30,"column":22}}},"fnMap":{"0":{"name":"(anonymous_0)","decl":{"start":{"line":6,"column":17},"end":{"line":6,"column":18}},"loc":{"start":{"line":6,"column":43},"end":{"line":31,"column":1}},"line":6}},"branchMap":{},"s":{"0":1,"1":1,"2":1,"3":1},"f":{"0":1},"b":{},"inputSourceMap":{"version":3,"names":["Model","require","module","exports","sequelize","DataTypes","OrderDetails","init","id","type","UUID","primaryKey","allowNull","defaultValue","UUIDV4","name","STRING","color","size","quantity","price","modelName"],"sourceRoot":"/Users/denisniwemugisha/ecommerce-app-legends-bn/src/database/models/","sources":["orderDetails.js"],"sourcesContent":["'use strict';\nconst { Model } = require('sequelize');\nmodule.exports = (sequelize, DataTypes) => {\n  class OrderDetails extends Model {\n    /**\n     * Helper method for defining associations.\n     * This method is not a part of Sequelize lifecycle.\n     * The `models/index` file will call this method automatically.\n     */\n   \n  }\n  OrderDetails.init(\n    {\n      id: {\n        type: DataTypes.UUID,\n        primaryKey: true,\n        allowNull: false,\n        defaultValue: require('sequelize').UUIDV4,\n      },\n      name: DataTypes.STRING,\n      color:  DataTypes.STRING,\n      size:  DataTypes.STRING,\n      quantity:  DataTypes.STRING,\n      price:  DataTypes.STRING,\n    },\n    {\n      sequelize,\n      modelName: 'OrderDetails',\n    }\n  );\n  return OrderDetails;\n};\n"],"mappings":"AAAA,YAAY;;AACZ,MAAM;EAAEA;AAAM,CAAC,GAAGC,OAAO,CAAC,WAAW,CAAC;AACtCC,MAAM,CAACC,OAAO,GAAG,CAACC,SAAS,EAAEC,SAAS,KAAK;EACzC,MAAMC,YAAY,SAASN,KAAK,CAAC;IAC/B;AACJ;AACA;AACA;AACA;EAJI;EAOFM,YAAY,CAACC,IAAI,CACf;IACEC,EAAE,EAAE;MACFC,IAAI,EAAEJ,SAAS,CAACK,IAAI;MACpBC,UAAU,EAAE,IAAI;MAChBC,SAAS,EAAE,KAAK;MAChBC,YAAY,EAAEZ,OAAO,CAAC,WAAW,CAAC,CAACa;IACrC,CAAC;IACDC,IAAI,EAAEV,SAAS,CAACW,MAAM;IACtBC,KAAK,EAAGZ,SAAS,CAACW,MAAM;IACxBE,IAAI,EAAGb,SAAS,CAACW,MAAM;IACvBG,QAAQ,EAAGd,SAAS,CAACW,MAAM;IAC3BI,KAAK,EAAGf,SAAS,CAACW;EACpB,CAAC,EACD;IACEZ,SAAS;IACTiB,SAAS,EAAE;EACb,CAAC,CACF;EACD,OAAOf,YAAY;AACrB,CAAC"},"_coverageSchema":"1a1c01bbd47fc00a2c39e90264f33305004495a9","hash":"3171841761eeea7faa5d0ed102183e3442c9e058","contentHash":"4c4658b65e896fd313664082f1645fdb594d19676111068f0251ab4e2d1f11a2"},"/Users/denisniwemugisha/ecommerce-app-legends-bn/src/database/models/orders.js":{"path":"/Users/denisniwemugisha/ecommerce-app-legends-bn/src/database/models/orders.js","statementMap":{"0":{"start":{"line":5,"column":4},"end":{"line":5,"column":24}},"1":{"start":{"line":6,"column":0},"end":{"line":38,"column":2}},"2":{"start":{"line":15,"column":6},"end":{"line":17,"column":9}},"3":{"start":{"line":20,"column":2},"end":{"line":36,"column":5}},"4":{"start":{"line":37,"column":2},"end":{"line":37,"column":15}}},"fnMap":{"0":{"name":"(anonymous_0)","decl":{"start":{"line":6,"column":17},"end":{"line":6,"column":18}},"loc":{"start":{"line":6,"column":43},"end":{"line":38,"column":1}},"line":6},"1":{"name":"(anonymous_1)","decl":{"start":{"line":13,"column":4},"end":{"line":13,"column":5}},"loc":{"start":{"line":13,"column":29},"end":{"line":18,"column":5}},"line":13}},"branchMap":{},"s":{"0":1,"1":1,"2":1,"3":1,"4":1},"f":{"0":1,"1":1},"b":{},"inputSourceMap":{"version":3,"names":["Model","require","module","exports","sequelize","DataTypes","Order","associate","models","belongsTo","user","foreignKey","init","id","type","UUID","primaryKey","allowNull","defaultValue","UUIDV4","amount","STRING","products","ARRAY","status","location","userId","trackingNumber","modelName"],"sourceRoot":"/Users/denisniwemugisha/ecommerce-app-legends-bn/src/database/models/","sources":["orders.js"],"sourcesContent":["'use strict';\nconst { Model } = require('sequelize');\nmodule.exports = (sequelize, DataTypes) => {\n  class Order extends Model {\n    /**\n     * Helper method for defining associations.\n     * This method is not a part of Sequelize lifecycle.\n     * The `models/index` file will call this method automatically.\n     */\n    static associate(models) {\n      // define association here\n      this.belongsTo(models.user, { foreignKey: 'userId' });\n    \n    }\n  }\n  Order.init(\n    {\n      id: {\n        type: DataTypes.UUID,\n        primaryKey: true,\n        allowNull: false,\n        defaultValue: require('sequelize').UUIDV4,\n      },\n      amount: DataTypes.STRING,\n      products: DataTypes.ARRAY(DataTypes.STRING),\n      status:  DataTypes.STRING,\n      location:  DataTypes.STRING,\n      userId: DataTypes.UUID,\n      trackingNumber: DataTypes.STRING\n    },\n    {\n      sequelize,\n      modelName: 'Order',\n    }\n  );\n  return Order;\n};\n"],"mappings":"AAAA,YAAY;;AACZ,MAAM;EAAEA;AAAM,CAAC,GAAGC,OAAO,CAAC,WAAW,CAAC;AACtCC,MAAM,CAACC,OAAO,GAAG,CAACC,SAAS,EAAEC,SAAS,KAAK;EACzC,MAAMC,KAAK,SAASN,KAAK,CAAC;IACxB;AACJ;AACA;AACA;AACA;IACI,OAAOO,SAASA,CAACC,MAAM,EAAE;MACvB;MACA,IAAI,CAACC,SAAS,CAACD,MAAM,CAACE,IAAI,EAAE;QAAEC,UAAU,EAAE;MAAS,CAAC,CAAC;IAEvD;EACF;EACAL,KAAK,CAACM,IAAI,CACR;IACEC,EAAE,EAAE;MACFC,IAAI,EAAET,SAAS,CAACU,IAAI;MACpBC,UAAU,EAAE,IAAI;MAChBC,SAAS,EAAE,KAAK;MAChBC,YAAY,EAAEjB,OAAO,CAAC,WAAW,CAAC,CAACkB;IACrC,CAAC;IACDC,MAAM,EAAEf,SAAS,CAACgB,MAAM;IACxBC,QAAQ,EAAEjB,SAAS,CAACkB,KAAK,CAAClB,SAAS,CAACgB,MAAM,CAAC;IAC3CG,MAAM,EAAGnB,SAAS,CAACgB,MAAM;IACzBI,QAAQ,EAAGpB,SAAS,CAACgB,MAAM;IAC3BK,MAAM,EAAErB,SAAS,CAACU,IAAI;IACtBY,cAAc,EAAEtB,SAAS,CAACgB;EAC5B,CAAC,EACD;IACEjB,SAAS;IACTwB,SAAS,EAAE;EACb,CAAC,CACF;EACD,OAAOtB,KAAK;AACd,CAAC"},"_coverageSchema":"1a1c01bbd47fc00a2c39e90264f33305004495a9","hash":"d20e8380806f178c500b4a141b6c7bc1dbf79a28","contentHash":"54d95e1d8ad89773d2927b70d89fbc5b3ec04ddb965b36b56a11fe4a46b68495"},"/Users/denisniwemugisha/ecommerce-app-legends-bn/src/database/models/permission.js":{"path":"/Users/denisniwemugisha/ecommerce-app-legends-bn/src/database/models/permission.js","statementMap":{"0":{"start":{"line":5,"column":4},"end":{"line":5,"column":24}},"1":{"start":{"line":6,"column":0},"end":{"line":33,"column":2}},"2":{"start":{"line":14,"column":6},"end":{"line":16,"column":9}},"3":{"start":{"line":22,"column":2},"end":{"line":31,"column":5}},"4":{"start":{"line":32,"column":2},"end":{"line":32,"column":20}}},"fnMap":{"0":{"name":"(anonymous_0)","decl":{"start":{"line":6,"column":17},"end":{"line":6,"column":18}},"loc":{"start":{"line":6,"column":43},"end":{"line":33,"column":1}},"line":6},"1":{"name":"(anonymous_1)","decl":{"start":{"line":13,"column":4},"end":{"line":13,"column":5}},"loc":{"start":{"line":13,"column":29},"end":{"line":19,"column":5}},"line":13}},"branchMap":{},"s":{"0":1,"1":1,"2":1,"3":1,"4":1},"f":{"0":1,"1":1},"b":{},"inputSourceMap":{"version":3,"names":["Model","require","module","exports","sequelize","DataTypes","permission","associate","models","belongsToMany","role","through","rolePermission","init","name","type","ARRAY","STRING","modelName","tableName","timestamps"],"sourceRoot":"/Users/denisniwemugisha/ecommerce-app-legends-bn/src/database/models/","sources":["permission.js"],"sourcesContent":["'use strict';\nconst { Model } = require('sequelize');\nmodule.exports = (sequelize, DataTypes) => {\n  class permission extends Model {\n    /**\n     * Helper method for defining associations.\n     * This method is not a part of Sequelize lifecycle.\n     * The `models/index` file will call this method automatically.\n     */\n    static associate(models) {\n        permission.belongsToMany(models.role, {\n          through: models.rolePermission,\n        });\n        \n      // define association here\n    }\n  }\n  permission.init(\n    {\n      name: { type: DataTypes.ARRAY(DataTypes.STRING)},\n    },\n    {\n      sequelize,\n      modelName: 'permission',\n      tableName: 'permissions',\n      timestamps: false,\n    }\n  );\n  return permission;\n};\n"],"mappings":"AAAA,YAAY;;AACZ,MAAM;EAAEA;AAAM,CAAC,GAAGC,OAAO,CAAC,WAAW,CAAC;AACtCC,MAAM,CAACC,OAAO,GAAG,CAACC,SAAS,EAAEC,SAAS,KAAK;EACzC,MAAMC,UAAU,SAASN,KAAK,CAAC;IAC7B;AACJ;AACA;AACA;AACA;IACI,OAAOO,SAASA,CAACC,MAAM,EAAE;MACrBF,UAAU,CAACG,aAAa,CAACD,MAAM,CAACE,IAAI,EAAE;QACpCC,OAAO,EAAEH,MAAM,CAACI;MAClB,CAAC,CAAC;;MAEJ;IACF;EACF;;EACAN,UAAU,CAACO,IAAI,CACb;IACEC,IAAI,EAAE;MAAEC,IAAI,EAAEV,SAAS,CAACW,KAAK,CAACX,SAAS,CAACY,MAAM;IAAC;EACjD,CAAC,EACD;IACEb,SAAS;IACTc,SAAS,EAAE,YAAY;IACvBC,SAAS,EAAE,aAAa;IACxBC,UAAU,EAAE;EACd,CAAC,CACF;EACD,OAAOd,UAAU;AACnB,CAAC"},"_coverageSchema":"1a1c01bbd47fc00a2c39e90264f33305004495a9","hash":"047e0236ab41e8a44f4b843120dd046e6584220e","contentHash":"16a7afe46c0081401ad5852e6394b2723de93c85b28a5a9d54534310fabb9d2a"},"/Users/denisniwemugisha/ecommerce-app-legends-bn/src/database/models/product.js":{"path":"/Users/denisniwemugisha/ecommerce-app-legends-bn/src/database/models/product.js","statementMap":{"0":{"start":{"line":5,"column":4},"end":{"line":5,"column":24}},"1":{"start":{"line":6,"column":0},"end":{"line":57,"column":2}},"2":{"start":{"line":15,"column":6},"end":{"line":17,"column":9}},"3":{"start":{"line":18,"column":6},"end":{"line":20,"column":9}},"4":{"start":{"line":21,"column":6},"end":{"line":23,"column":9}},"5":{"start":{"line":24,"column":6},"end":{"line":26,"column":9}},"6":{"start":{"line":29,"column":2},"end":{"line":55,"column":5}},"7":{"start":{"line":56,"column":2},"end":{"line":56,"column":17}}},"fnMap":{"0":{"name":"(anonymous_0)","decl":{"start":{"line":6,"column":17},"end":{"line":6,"column":18}},"loc":{"start":{"line":6,"column":43},"end":{"line":57,"column":1}},"line":6},"1":{"name":"(anonymous_1)","decl":{"start":{"line":13,"column":4},"end":{"line":13,"column":5}},"loc":{"start":{"line":13,"column":29},"end":{"line":27,"column":5}},"line":13}},"branchMap":{},"s":{"0":1,"1":1,"2":1,"3":1,"4":1,"5":1,"6":1,"7":1},"f":{"0":1,"1":1},"b":{},"inputSourceMap":{"version":3,"names":["Model","require","module","exports","sequelize","DataTypes","Product","associate","models","belongsTo","Category","foreignKey","user","hasMany","ProductAttribute","ProductImage","init","id","type","UUID","primaryKey","allowNull","defaultValue","UUIDV4","name","STRING","slug","description","TEXT","model","image","keyword","status","ENUM","categoryId","INTEGER","userId","expiredAt","DATE","avgRating","cloudinaryId","modelName"],"sourceRoot":"/Users/denisniwemugisha/ecommerce-app-legends-bn/src/database/models/","sources":["product.js"],"sourcesContent":["'use strict';\nconst { Model } = require('sequelize');\nmodule.exports = (sequelize, DataTypes) => {\n  class Product extends Model {\n    /**\n     * Helper method for defining associations.\n     * This method is not a part of Sequelize lifecycle.\n     * The `models/index` file will call this method automatically.\n     */\n    static associate(models) {\n      // define association here\n      this.belongsTo(models.Category, { foreignKey: 'categoryId' });\n      this.belongsTo(models.user, { foreignKey: 'userId' });\n      this.hasMany(models.ProductAttribute, { foreignKey: 'productId' });\n      this.hasMany(models.ProductImage, { foreignKey: 'productId' });\n    }\n  }\n  Product.init(\n    {\n      id: {\n        type: DataTypes.UUID,\n        primaryKey: true,\n        allowNull: false,\n        defaultValue: require('sequelize').UUIDV4,\n      },\n      name: DataTypes.STRING,\n      slug: DataTypes.STRING,\n      description: DataTypes.TEXT,\n      model: DataTypes.STRING,\n      image: DataTypes.STRING,\n      keyword: DataTypes.STRING,\n      status: DataTypes.ENUM('AVAILABLE', 'UNAVAILABLE'),\n      categoryId: DataTypes.INTEGER,\n      userId: DataTypes.UUID,\n      expiredAt: DataTypes.DATE,\n      avgRating: {\n        type: DataTypes.INTEGER,\n        defaultValue: 0,\n        allowNull: false\n      },\n      cloudinaryId: DataTypes.STRING\n    },\n    {\n      sequelize,\n      modelName: 'Product',\n    }\n  );\n  return Product;\n};\n"],"mappings":"AAAA,YAAY;;AACZ,MAAM;EAAEA;AAAM,CAAC,GAAGC,OAAO,CAAC,WAAW,CAAC;AACtCC,MAAM,CAACC,OAAO,GAAG,CAACC,SAAS,EAAEC,SAAS,KAAK;EACzC,MAAMC,OAAO,SAASN,KAAK,CAAC;IAC1B;AACJ;AACA;AACA;AACA;IACI,OAAOO,SAASA,CAACC,MAAM,EAAE;MACvB;MACA,IAAI,CAACC,SAAS,CAACD,MAAM,CAACE,QAAQ,EAAE;QAAEC,UAAU,EAAE;MAAa,CAAC,CAAC;MAC7D,IAAI,CAACF,SAAS,CAACD,MAAM,CAACI,IAAI,EAAE;QAAED,UAAU,EAAE;MAAS,CAAC,CAAC;MACrD,IAAI,CAACE,OAAO,CAACL,MAAM,CAACM,gBAAgB,EAAE;QAAEH,UAAU,EAAE;MAAY,CAAC,CAAC;MAClE,IAAI,CAACE,OAAO,CAACL,MAAM,CAACO,YAAY,EAAE;QAAEJ,UAAU,EAAE;MAAY,CAAC,CAAC;IAChE;EACF;EACAL,OAAO,CAACU,IAAI,CACV;IACEC,EAAE,EAAE;MACFC,IAAI,EAAEb,SAAS,CAACc,IAAI;MACpBC,UAAU,EAAE,IAAI;MAChBC,SAAS,EAAE,KAAK;MAChBC,YAAY,EAAErB,OAAO,CAAC,WAAW,CAAC,CAACsB;IACrC,CAAC;IACDC,IAAI,EAAEnB,SAAS,CAACoB,MAAM;IACtBC,IAAI,EAAErB,SAAS,CAACoB,MAAM;IACtBE,WAAW,EAAEtB,SAAS,CAACuB,IAAI;IAC3BC,KAAK,EAAExB,SAAS,CAACoB,MAAM;IACvBK,KAAK,EAAEzB,SAAS,CAACoB,MAAM;IACvBM,OAAO,EAAE1B,SAAS,CAACoB,MAAM;IACzBO,MAAM,EAAE3B,SAAS,CAAC4B,IAAI,CAAC,WAAW,EAAE,aAAa,CAAC;IAClDC,UAAU,EAAE7B,SAAS,CAAC8B,OAAO;IAC7BC,MAAM,EAAE/B,SAAS,CAACc,IAAI;IACtBkB,SAAS,EAAEhC,SAAS,CAACiC,IAAI;IACzBC,SAAS,EAAE;MACTrB,IAAI,EAAEb,SAAS,CAAC8B,OAAO;MACvBb,YAAY,EAAE,CAAC;MACfD,SAAS,EAAE;IACb,CAAC;IACDmB,YAAY,EAAEnC,SAAS,CAACoB;EAC1B,CAAC,EACD;IACErB,SAAS;IACTqC,SAAS,EAAE;EACb,CAAC,CACF;EACD,OAAOnC,OAAO;AAChB,CAAC"},"_coverageSchema":"1a1c01bbd47fc00a2c39e90264f33305004495a9","hash":"0429ed540b65e657800f5f64705a4325571cff0a","contentHash":"f89ee47b189695c9a8e48de1c5367340683dc85a8b61afeee8f0c6eec95dbd9f"},"/Users/denisniwemugisha/ecommerce-app-legends-bn/src/database/models/productattribute.js":{"path":"/Users/denisniwemugisha/ecommerce-app-legends-bn/src/database/models/productattribute.js","statementMap":{"0":{"start":{"line":5,"column":4},"end":{"line":5,"column":24}},"1":{"start":{"line":6,"column":0},"end":{"line":36,"column":2}},"2":{"start":{"line":15,"column":6},"end":{"line":17,"column":9}},"3":{"start":{"line":18,"column":6},"end":{"line":20,"column":9}},"4":{"start":{"line":23,"column":2},"end":{"line":34,"column":5}},"5":{"start":{"line":35,"column":2},"end":{"line":35,"column":26}}},"fnMap":{"0":{"name":"(anonymous_0)","decl":{"start":{"line":6,"column":17},"end":{"line":6,"column":18}},"loc":{"start":{"line":6,"column":43},"end":{"line":36,"column":1}},"line":6},"1":{"name":"(anonymous_1)","decl":{"start":{"line":13,"column":4},"end":{"line":13,"column":5}},"loc":{"start":{"line":13,"column":29},"end":{"line":21,"column":5}},"line":13}},"branchMap":{},"s":{"0":1,"1":1,"2":1,"3":1,"4":1,"5":1},"f":{"0":1,"1":1},"b":{},"inputSourceMap":{"version":3,"names":["Model","require","module","exports","sequelize","DataTypes","ProductAttribute","associate","models","belongsTo","Product","foreignKey","hasMany","shoppingCarts","init","price","INTEGER","size","STRING","color","productId","UUID","attrImage","quantity","cloudinaryId","modelName"],"sourceRoot":"/Users/denisniwemugisha/ecommerce-app-legends-bn/src/database/models/","sources":["productattribute.js"],"sourcesContent":["'use strict';\nconst {\n  Model\n} = require('sequelize');\nmodule.exports = (sequelize, DataTypes) => {\n  class ProductAttribute extends Model {\n    /**\n     * Helper method for defining associations.\n     * This method is not a part of Sequelize lifecycle.\n     * The `models/index` file will call this method automatically.\n     */\n    static associate(models) {\n      // define association here\n      this.belongsTo(models.Product, { foreignKey : 'productId' })\n      this.hasMany(models.shoppingCarts, { foreignKey : 'product' })\n    }\n  }\n  ProductAttribute.init({\n    price: DataTypes.INTEGER,\n    size: DataTypes.STRING,\n    color: DataTypes.STRING,\n    productId: DataTypes.UUID,\n    attrImage: DataTypes.STRING,\n    quantity: DataTypes.INTEGER,\n    cloudinaryId: DataTypes.STRING\n  }, {\n    sequelize,\n    modelName: 'ProductAttribute',\n  });\n  return ProductAttribute;\n};"],"mappings":"AAAA,YAAY;;AACZ,MAAM;EACJA;AACF,CAAC,GAAGC,OAAO,CAAC,WAAW,CAAC;AACxBC,MAAM,CAACC,OAAO,GAAG,CAACC,SAAS,EAAEC,SAAS,KAAK;EACzC,MAAMC,gBAAgB,SAASN,KAAK,CAAC;IACnC;AACJ;AACA;AACA;AACA;IACI,OAAOO,SAASA,CAACC,MAAM,EAAE;MACvB;MACA,IAAI,CAACC,SAAS,CAACD,MAAM,CAACE,OAAO,EAAE;QAAEC,UAAU,EAAG;MAAY,CAAC,CAAC;MAC5D,IAAI,CAACC,OAAO,CAACJ,MAAM,CAACK,aAAa,EAAE;QAAEF,UAAU,EAAG;MAAU,CAAC,CAAC;IAChE;EACF;EACAL,gBAAgB,CAACQ,IAAI,CAAC;IACpBC,KAAK,EAAEV,SAAS,CAACW,OAAO;IACxBC,IAAI,EAAEZ,SAAS,CAACa,MAAM;IACtBC,KAAK,EAAEd,SAAS,CAACa,MAAM;IACvBE,SAAS,EAAEf,SAAS,CAACgB,IAAI;IACzBC,SAAS,EAAEjB,SAAS,CAACa,MAAM;IAC3BK,QAAQ,EAAElB,SAAS,CAACW,OAAO;IAC3BQ,YAAY,EAAEnB,SAAS,CAACa;EAC1B,CAAC,EAAE;IACDd,SAAS;IACTqB,SAAS,EAAE;EACb,CAAC,CAAC;EACF,OAAOnB,gBAAgB;AACzB,CAAC"},"_coverageSchema":"1a1c01bbd47fc00a2c39e90264f33305004495a9","hash":"ceddc7f237986738222e547d885984dd9ff13052","contentHash":"4ac5d3f5a1428045daf14e02246b315b780459088c3098e1b2d7f6a68384a000"},"/Users/denisniwemugisha/ecommerce-app-legends-bn/src/database/models/productimage.js":{"path":"/Users/denisniwemugisha/ecommerce-app-legends-bn/src/database/models/productimage.js","statementMap":{"0":{"start":{"line":5,"column":4},"end":{"line":5,"column":24}},"1":{"start":{"line":6,"column":0},"end":{"line":30,"column":2}},"2":{"start":{"line":15,"column":6},"end":{"line":17,"column":9}},"3":{"start":{"line":20,"column":2},"end":{"line":28,"column":5}},"4":{"start":{"line":29,"column":2},"end":{"line":29,"column":22}}},"fnMap":{"0":{"name":"(anonymous_0)","decl":{"start":{"line":6,"column":17},"end":{"line":6,"column":18}},"loc":{"start":{"line":6,"column":43},"end":{"line":30,"column":1}},"line":6},"1":{"name":"(anonymous_1)","decl":{"start":{"line":13,"column":4},"end":{"line":13,"column":5}},"loc":{"start":{"line":13,"column":29},"end":{"line":18,"column":5}},"line":13}},"branchMap":{},"s":{"0":1,"1":1,"2":1,"3":1,"4":1},"f":{"0":1,"1":1},"b":{},"inputSourceMap":{"version":3,"names":["Model","require","module","exports","sequelize","DataTypes","ProductImage","associate","models","belongsTo","Product","foreignKey","init","prodImage","STRING","productId","UUID","status","cloudinaryId","modelName"],"sourceRoot":"/Users/denisniwemugisha/ecommerce-app-legends-bn/src/database/models/","sources":["productimage.js"],"sourcesContent":["'use strict';\nconst {\n  Model\n} = require('sequelize');\nmodule.exports = (sequelize, DataTypes) => {\n  class ProductImage extends Model {\n    /**\n     * Helper method for defining associations.\n     * This method is not a part of Sequelize lifecycle.\n     * The `models/index` file will call this method automatically.\n     */\n    static associate(models) {\n      // define association here\n      this.belongsTo(models.Product, {foreignKey: 'productId'})\n    }\n  }\n  ProductImage.init({\n    prodImage: DataTypes.STRING,\n    productId:  DataTypes.UUID,\n    status: DataTypes.STRING,\n    cloudinaryId: DataTypes.STRING\n  }, {\n    sequelize,\n    modelName: 'ProductImage',\n  });\n  return ProductImage;\n};"],"mappings":"AAAA,YAAY;;AACZ,MAAM;EACJA;AACF,CAAC,GAAGC,OAAO,CAAC,WAAW,CAAC;AACxBC,MAAM,CAACC,OAAO,GAAG,CAACC,SAAS,EAAEC,SAAS,KAAK;EACzC,MAAMC,YAAY,SAASN,KAAK,CAAC;IAC/B;AACJ;AACA;AACA;AACA;IACI,OAAOO,SAASA,CAACC,MAAM,EAAE;MACvB;MACA,IAAI,CAACC,SAAS,CAACD,MAAM,CAACE,OAAO,EAAE;QAACC,UAAU,EAAE;MAAW,CAAC,CAAC;IAC3D;EACF;EACAL,YAAY,CAACM,IAAI,CAAC;IAChBC,SAAS,EAAER,SAAS,CAACS,MAAM;IAC3BC,SAAS,EAAGV,SAAS,CAACW,IAAI;IAC1BC,MAAM,EAAEZ,SAAS,CAACS,MAAM;IACxBI,YAAY,EAAEb,SAAS,CAACS;EAC1B,CAAC,EAAE;IACDV,SAAS;IACTe,SAAS,EAAE;EACb,CAAC,CAAC;EACF,OAAOb,YAAY;AACrB,CAAC"},"_coverageSchema":"1a1c01bbd47fc00a2c39e90264f33305004495a9","hash":"ca171314a6b26d1676f7e87a548ec7dfaff79f55","contentHash":"fa1368903e09e4d03372b82198bea98a3da029c79d6c97613b8b2031900d4054"},"/Users/denisniwemugisha/ecommerce-app-legends-bn/src/database/models/productrating.js":{"path":"/Users/denisniwemugisha/ecommerce-app-legends-bn/src/database/models/productrating.js","statementMap":{"0":{"start":{"line":5,"column":4},"end":{"line":5,"column":24}},"1":{"start":{"line":6,"column":0},"end":{"line":27,"column":2}},"2":{"start":{"line":17,"column":2},"end":{"line":25,"column":5}},"3":{"start":{"line":26,"column":2},"end":{"line":26,"column":23}}},"fnMap":{"0":{"name":"(anonymous_0)","decl":{"start":{"line":6,"column":17},"end":{"line":6,"column":18}},"loc":{"start":{"line":6,"column":43},"end":{"line":27,"column":1}},"line":6},"1":{"name":"(anonymous_1)","decl":{"start":{"line":13,"column":4},"end":{"line":13,"column":5}},"loc":{"start":{"line":13,"column":29},"end":{"line":15,"column":5}},"line":13}},"branchMap":{},"s":{"0":1,"1":1,"2":1,"3":1},"f":{"0":1,"1":1},"b":{},"inputSourceMap":{"version":3,"names":["Model","require","module","exports","sequelize","DataTypes","ProductRating","associate","models","init","rating","INTEGER","comment","TEXT","productId","UUID","userId","modelName"],"sourceRoot":"/Users/denisniwemugisha/ecommerce-app-legends-bn/src/database/models/","sources":["productrating.js"],"sourcesContent":["'use strict';\nconst {\n  Model\n} = require('sequelize');\nmodule.exports = (sequelize, DataTypes) => {\n  class ProductRating extends Model {\n    /**\n     * Helper method for defining associations.\n     * This method is not a part of Sequelize lifecycle.\n     * The `models/index` file will call this method automatically.\n     */\n    static associate(models) {\n      // define association here\n    }\n  }\n  ProductRating.init({\n    rating: DataTypes.INTEGER,\n    comment: DataTypes.TEXT,\n    productId: DataTypes.UUID,\n    userId: DataTypes.UUID\n  }, {\n    sequelize,\n    modelName: 'ProductRating',\n  });\n  return ProductRating;\n};"],"mappings":"AAAA,YAAY;;AACZ,MAAM;EACJA;AACF,CAAC,GAAGC,OAAO,CAAC,WAAW,CAAC;AACxBC,MAAM,CAACC,OAAO,GAAG,CAACC,SAAS,EAAEC,SAAS,KAAK;EACzC,MAAMC,aAAa,SAASN,KAAK,CAAC;IAChC;AACJ;AACA;AACA;AACA;IACI,OAAOO,SAASA,CAACC,MAAM,EAAE;MACvB;IAAA;EAEJ;EACAF,aAAa,CAACG,IAAI,CAAC;IACjBC,MAAM,EAAEL,SAAS,CAACM,OAAO;IACzBC,OAAO,EAAEP,SAAS,CAACQ,IAAI;IACvBC,SAAS,EAAET,SAAS,CAACU,IAAI;IACzBC,MAAM,EAAEX,SAAS,CAACU;EACpB,CAAC,EAAE;IACDX,SAAS;IACTa,SAAS,EAAE;EACb,CAAC,CAAC;EACF,OAAOX,aAAa;AACtB,CAAC"},"_coverageSchema":"1a1c01bbd47fc00a2c39e90264f33305004495a9","hash":"3809b7bb4ed1f71048a2b6fcf627e8fa6611cd3d","contentHash":"cc580097429764308d4ad54f7401675656cebcb214e3df555999b3b59a253f61"},"/Users/denisniwemugisha/ecommerce-app-legends-bn/src/database/models/role.js":{"path":"/Users/denisniwemugisha/ecommerce-app-legends-bn/src/database/models/role.js","statementMap":{"0":{"start":{"line":5,"column":4},"end":{"line":5,"column":24}},"1":{"start":{"line":6,"column":0},"end":{"line":35,"column":2}},"2":{"start":{"line":15,"column":6},"end":{"line":17,"column":9}},"3":{"start":{"line":18,"column":6},"end":{"line":20,"column":9}},"4":{"start":{"line":23,"column":2},"end":{"line":33,"column":5}},"5":{"start":{"line":34,"column":2},"end":{"line":34,"column":14}}},"fnMap":{"0":{"name":"(anonymous_0)","decl":{"start":{"line":6,"column":17},"end":{"line":6,"column":18}},"loc":{"start":{"line":6,"column":43},"end":{"line":35,"column":1}},"line":6},"1":{"name":"(anonymous_1)","decl":{"start":{"line":13,"column":4},"end":{"line":13,"column":5}},"loc":{"start":{"line":13,"column":29},"end":{"line":21,"column":5}},"line":13}},"branchMap":{},"s":{"0":1,"1":1,"2":1,"3":1,"4":1,"5":1},"f":{"0":1,"1":1},"b":{},"inputSourceMap":{"version":3,"names":["Model","require","module","exports","sequelize","DataTypes","role","associate","models","hasMany","user","foreignKey","belongsToMany","permission","through","rolePermission","init","name","allowNull","type","STRING","modelName","tableName","timestamps"],"sourceRoot":"/Users/denisniwemugisha/ecommerce-app-legends-bn/src/database/models/","sources":["role.js"],"sourcesContent":["'use strict';\nconst { Model } = require('sequelize');\nmodule.exports = (sequelize, DataTypes) => {\n  class role extends Model {\n    /**\n     * Helper method for defining associations.\n     * This method is not a part of Sequelize lifecycle.\n     * The `models/index` file will call this method automatically.\n     */\n    static associate(models) {\n      // define association here\n      role.hasMany(models.user, { foreignKey: 'roleId'});\n          role.belongsToMany(models.permission, {\n            through: models.rolePermission,\n          });\n    }\n  }\n  role.init(\n    {\n      name: { allowNull: false, type: DataTypes.STRING },\n    },\n    {\n      sequelize,\n      modelName: 'role',\n      tableName: 'roles',\n      timestamps: false,\n    }\n  );\n  return role;\n};\n"],"mappings":"AAAA,YAAY;;AACZ,MAAM;EAAEA;AAAM,CAAC,GAAGC,OAAO,CAAC,WAAW,CAAC;AACtCC,MAAM,CAACC,OAAO,GAAG,CAACC,SAAS,EAAEC,SAAS,KAAK;EACzC,MAAMC,IAAI,SAASN,KAAK,CAAC;IACvB;AACJ;AACA;AACA;AACA;IACI,OAAOO,SAASA,CAACC,MAAM,EAAE;MACvB;MACAF,IAAI,CAACG,OAAO,CAACD,MAAM,CAACE,IAAI,EAAE;QAAEC,UAAU,EAAE;MAAQ,CAAC,CAAC;MAC9CL,IAAI,CAACM,aAAa,CAACJ,MAAM,CAACK,UAAU,EAAE;QACpCC,OAAO,EAAEN,MAAM,CAACO;MAClB,CAAC,CAAC;IACR;EACF;EACAT,IAAI,CAACU,IAAI,CACP;IACEC,IAAI,EAAE;MAAEC,SAAS,EAAE,KAAK;MAAEC,IAAI,EAAEd,SAAS,CAACe;IAAO;EACnD,CAAC,EACD;IACEhB,SAAS;IACTiB,SAAS,EAAE,MAAM;IACjBC,SAAS,EAAE,OAAO;IAClBC,UAAU,EAAE;EACd,CAAC,CACF;EACD,OAAOjB,IAAI;AACb,CAAC"},"_coverageSchema":"1a1c01bbd47fc00a2c39e90264f33305004495a9","hash":"939074923d2bda40f32a80a9aef4150dcf49d24e","contentHash":"4a25bf93db954d4e5f749e7aa6f7c11123e26a110e4adc8d9af593dea117948e"},"/Users/denisniwemugisha/ecommerce-app-legends-bn/src/database/models/rolepermission.js":{"path":"/Users/denisniwemugisha/ecommerce-app-legends-bn/src/database/models/rolepermission.js","statementMap":{"0":{"start":{"line":5,"column":4},"end":{"line":5,"column":24}},"1":{"start":{"line":6,"column":13},"end":{"line":6,"column":30}},"2":{"start":{"line":7,"column":0},"end":{"line":25,"column":2}},"3":{"start":{"line":18,"column":2},"end":{"line":23,"column":5}},"4":{"start":{"line":24,"column":2},"end":{"line":24,"column":24}}},"fnMap":{"0":{"name":"(anonymous_0)","decl":{"start":{"line":7,"column":17},"end":{"line":7,"column":18}},"loc":{"start":{"line":7,"column":43},"end":{"line":25,"column":1}},"line":7},"1":{"name":"(anonymous_1)","decl":{"start":{"line":14,"column":4},"end":{"line":14,"column":5}},"loc":{"start":{"line":14,"column":29},"end":{"line":16,"column":5}},"line":14}},"branchMap":{},"s":{"0":1,"1":1,"2":1,"3":1,"4":1},"f":{"0":1,"1":1},"b":{},"inputSourceMap":{"version":3,"names":["Model","require","role","module","exports","sequelize","DataTypes","rolePermission","associate","models","init","modelName","tableName","timestamps"],"sourceRoot":"/Users/denisniwemugisha/ecommerce-app-legends-bn/src/database/models/","sources":["rolepermission.js"],"sourcesContent":["'use strict';\nconst { Model } = require('sequelize');\nconst role = require('./role');\nmodule.exports = (sequelize, DataTypes) => {\n  class rolePermission extends Model {\n    /**\n     * Helper method for defining associations.\n     * This method is not a part of Sequelize lifecycle.\n     * The `models/index` file will call this method automatically.\n     */\n    static associate(models) {\n      // define association here\n\n    }\n  }\n  rolePermission.init(\n    {\n      \n    },\n    {\n      sequelize,\n      modelName: 'rolePermission',\n      tableName: 'rolePermissions',\n      timestamps: false,\n    }\n  );\n  return rolePermission;\n};\n"],"mappings":"AAAA,YAAY;;AACZ,MAAM;EAAEA;AAAM,CAAC,GAAGC,OAAO,CAAC,WAAW,CAAC;AACtC,MAAMC,IAAI,GAAGD,OAAO,CAAC,QAAQ,CAAC;AAC9BE,MAAM,CAACC,OAAO,GAAG,CAACC,SAAS,EAAEC,SAAS,KAAK;EACzC,MAAMC,cAAc,SAASP,KAAK,CAAC;IACjC;AACJ;AACA;AACA;AACA;IACI,OAAOQ,SAASA,CAACC,MAAM,EAAE;MACvB;IAAA;EAGJ;EACAF,cAAc,CAACG,IAAI,CACjB,CAEA,CAAC,EACD;IACEL,SAAS;IACTM,SAAS,EAAE,gBAAgB;IAC3BC,SAAS,EAAE,iBAAiB;IAC5BC,UAAU,EAAE;EACd,CAAC,CACF;EACD,OAAON,cAAc;AACvB,CAAC"},"_coverageSchema":"1a1c01bbd47fc00a2c39e90264f33305004495a9","hash":"afae6fafd4674c9ca1ed9cf5cc92552d2f6e7d79","contentHash":"f1df48db2dc364892de9e07319204ae5e56e15aa1ceae390e5c3318f460bbd48"},"/Users/denisniwemugisha/ecommerce-app-legends-bn/src/database/models/shoppingcarts.js":{"path":"/Users/denisniwemugisha/ecommerce-app-legends-bn/src/database/models/shoppingcarts.js","statementMap":{"0":{"start":{"line":5,"column":4},"end":{"line":5,"column":24}},"1":{"start":{"line":6,"column":0},"end":{"line":34,"column":2}},"2":{"start":{"line":15,"column":6},"end":{"line":17,"column":9}},"3":{"start":{"line":18,"column":6},"end":{"line":20,"column":9}},"4":{"start":{"line":23,"column":2},"end":{"line":32,"column":5}},"5":{"start":{"line":33,"column":2},"end":{"line":33,"column":23}}},"fnMap":{"0":{"name":"(anonymous_0)","decl":{"start":{"line":6,"column":17},"end":{"line":6,"column":18}},"loc":{"start":{"line":6,"column":43},"end":{"line":34,"column":1}},"line":6},"1":{"name":"(anonymous_1)","decl":{"start":{"line":13,"column":4},"end":{"line":13,"column":5}},"loc":{"start":{"line":13,"column":29},"end":{"line":21,"column":5}},"line":13}},"branchMap":{},"s":{"0":1,"1":1,"2":1,"3":1,"4":1,"5":1},"f":{"0":1,"1":1},"b":{},"inputSourceMap":{"version":3,"names":["Model","require","module","exports","sequelize","DataTypes","shoppingCarts","associate","models","belongsTo","user","foreignKey","ProductAttribute","init","buyer","UUID","product","INTEGER","quantity","totalpricePerProduct","cartStatus","modelName"],"sourceRoot":"/Users/denisniwemugisha/ecommerce-app-legends-bn/src/database/models/","sources":["shoppingcarts.js"],"sourcesContent":["'use strict';\nconst {\n  Model\n} = require('sequelize');\nmodule.exports = (sequelize, DataTypes) => {\n  class shoppingCarts extends Model {\n    /**\n     * Helper method for defining associations.\n     * This method is not a part of Sequelize lifecycle.\n     * The `models/index` file will call this method automatically.\n     */\n    static associate(models) {\n      // define association here\n      this.belongsTo(models.user, { foreignKey: 'buyer' });\n      this.belongsTo(models.ProductAttribute, { foreignKey: 'product' });\n    }\n  }\n  shoppingCarts.init({\n    buyer: DataTypes.UUID,\n    product: DataTypes.INTEGER,\n    quantity: DataTypes.INTEGER,\n    totalpricePerProduct:DataTypes.INTEGER,\n    cartStatus:DataTypes.INTEGER\n  }, {\n    sequelize,\n    modelName: 'shoppingCarts',\n  });\n  return shoppingCarts;\n};"],"mappings":"AAAA,YAAY;;AACZ,MAAM;EACJA;AACF,CAAC,GAAGC,OAAO,CAAC,WAAW,CAAC;AACxBC,MAAM,CAACC,OAAO,GAAG,CAACC,SAAS,EAAEC,SAAS,KAAK;EACzC,MAAMC,aAAa,SAASN,KAAK,CAAC;IAChC;AACJ;AACA;AACA;AACA;IACI,OAAOO,SAASA,CAACC,MAAM,EAAE;MACvB;MACA,IAAI,CAACC,SAAS,CAACD,MAAM,CAACE,IAAI,EAAE;QAAEC,UAAU,EAAE;MAAQ,CAAC,CAAC;MACpD,IAAI,CAACF,SAAS,CAACD,MAAM,CAACI,gBAAgB,EAAE;QAAED,UAAU,EAAE;MAAU,CAAC,CAAC;IACpE;EACF;EACAL,aAAa,CAACO,IAAI,CAAC;IACjBC,KAAK,EAAET,SAAS,CAACU,IAAI;IACrBC,OAAO,EAAEX,SAAS,CAACY,OAAO;IAC1BC,QAAQ,EAAEb,SAAS,CAACY,OAAO;IAC3BE,oBAAoB,EAACd,SAAS,CAACY,OAAO;IACtCG,UAAU,EAACf,SAAS,CAACY;EACvB,CAAC,EAAE;IACDb,SAAS;IACTiB,SAAS,EAAE;EACb,CAAC,CAAC;EACF,OAAOf,aAAa;AACtB,CAAC"},"_coverageSchema":"1a1c01bbd47fc00a2c39e90264f33305004495a9","hash":"5f94eee91a5a999a2f90606e939395faddff2e41","contentHash":"08064872c4400e53adaddb09cb578975df3963d711b9e1054dd9d21ec6da0480"},"/Users/denisniwemugisha/ecommerce-app-legends-bn/src/database/models/user.js":{"path":"/Users/denisniwemugisha/ecommerce-app-legends-bn/src/database/models/user.js","statementMap":{"0":{"start":{"line":5,"column":4},"end":{"line":5,"column":24}},"1":{"start":{"line":6,"column":0},"end":{"line":84,"column":2}},"2":{"start":{"line":15,"column":6},"end":{"line":17,"column":9}},"3":{"start":{"line":20,"column":2},"end":{"line":82,"column":5}},"4":{"start":{"line":83,"column":2},"end":{"line":83,"column":14}}},"fnMap":{"0":{"name":"(anonymous_0)","decl":{"start":{"line":6,"column":17},"end":{"line":6,"column":18}},"loc":{"start":{"line":6,"column":43},"end":{"line":84,"column":1}},"line":6},"1":{"name":"(anonymous_1)","decl":{"start":{"line":13,"column":4},"end":{"line":13,"column":5}},"loc":{"start":{"line":13,"column":29},"end":{"line":18,"column":5}},"line":13}},"branchMap":{},"s":{"0":1,"1":1,"2":1,"3":1,"4":1},"f":{"0":1,"1":1},"b":{},"inputSourceMap":{"version":3,"names":["Model","require","module","exports","sequelize","DataTypes","user","associate","models","belongsTo","role","foreignKey","init","id","type","UUID","primaryKey","allowNull","defaultValue","UUIDV4","firstname","STRING","validate","isAlpha","lastname","email","unique","isEmail","password","lastPasswordUpdate","DATE","NOW","phone","adress","dateofbirth","gender","status","roleId","INTEGER","modelName","tableName"],"sourceRoot":"/Users/denisniwemugisha/ecommerce-app-legends-bn/src/database/models/","sources":["user.js"],"sourcesContent":["'use strict';\nconst { Model } = require('sequelize');\nmodule.exports = (sequelize, DataTypes) => {\n  class user extends Model {\n    /**\n     * Helper method for defining associations.\n     * This method is not a part of Sequelize lifecycle.\n     * The `models/index` file will call this method automatically.\n     */\n    static associate(models) {\n      // define association here\n      user.belongsTo(models.role, { foreignKey: 'roleId' });\n    }\n  }\n  user.init(\n    {\n      id: {\n        type: DataTypes.UUID,\n        primaryKey: true,\n        allowNull: false,\n        defaultValue: require('sequelize').UUIDV4,\n      },\n      firstname: {\n        type: DataTypes.STRING,\n        allowNull: false,\n        validate: {\n          isAlpha: true,\n        },\n      },\n      lastname: {\n        type: DataTypes.STRING,\n        allowNull: false,\n        validate: {\n          isAlpha: true,\n        },\n      },\n      email: {\n        type: DataTypes.STRING,\n        allowNull: false,\n        unique: true,\n        validate: {\n          isEmail: true,\n        },\n      },\n      password: {\n        type: DataTypes.STRING,\n      },\n      lastPasswordUpdate: {\n        type: DataTypes.DATE,\n        defaultValue: DataTypes.NOW,\n      },\n      phone: {\n        type: DataTypes.STRING,\n        allowNull: false,\n      },\n      adress: {\n        type: DataTypes.STRING,\n      },\n      dateofbirth: {\n         type: DataTypes.STRING,\n      },\n      gender: {\n         type: DataTypes.STRING,\n      },\n      status: {\n        type: DataTypes.STRING,\n        allowNull: false,\n        defaultValue: 'active',\n      },\n      roleId: {\n        type: DataTypes.INTEGER,\n        allowNull: false,\n      },\n    },\n    {\n      sequelize,\n      modelName: 'user',\n      tableName: 'users',\n    }\n  );\n\n  return user;\n};\n"],"mappings":"AAAA,YAAY;;AACZ,MAAM;EAAEA;AAAM,CAAC,GAAGC,OAAO,CAAC,WAAW,CAAC;AACtCC,MAAM,CAACC,OAAO,GAAG,CAACC,SAAS,EAAEC,SAAS,KAAK;EACzC,MAAMC,IAAI,SAASN,KAAK,CAAC;IACvB;AACJ;AACA;AACA;AACA;IACI,OAAOO,SAASA,CAACC,MAAM,EAAE;MACvB;MACAF,IAAI,CAACG,SAAS,CAACD,MAAM,CAACE,IAAI,EAAE;QAAEC,UAAU,EAAE;MAAS,CAAC,CAAC;IACvD;EACF;EACAL,IAAI,CAACM,IAAI,CACP;IACEC,EAAE,EAAE;MACFC,IAAI,EAAET,SAAS,CAACU,IAAI;MACpBC,UAAU,EAAE,IAAI;MAChBC,SAAS,EAAE,KAAK;MAChBC,YAAY,EAAEjB,OAAO,CAAC,WAAW,CAAC,CAACkB;IACrC,CAAC;IACDC,SAAS,EAAE;MACTN,IAAI,EAAET,SAAS,CAACgB,MAAM;MACtBJ,SAAS,EAAE,KAAK;MAChBK,QAAQ,EAAE;QACRC,OAAO,EAAE;MACX;IACF,CAAC;IACDC,QAAQ,EAAE;MACRV,IAAI,EAAET,SAAS,CAACgB,MAAM;MACtBJ,SAAS,EAAE,KAAK;MAChBK,QAAQ,EAAE;QACRC,OAAO,EAAE;MACX;IACF,CAAC;IACDE,KAAK,EAAE;MACLX,IAAI,EAAET,SAAS,CAACgB,MAAM;MACtBJ,SAAS,EAAE,KAAK;MAChBS,MAAM,EAAE,IAAI;MACZJ,QAAQ,EAAE;QACRK,OAAO,EAAE;MACX;IACF,CAAC;IACDC,QAAQ,EAAE;MACRd,IAAI,EAAET,SAAS,CAACgB;IAClB,CAAC;IACDQ,kBAAkB,EAAE;MAClBf,IAAI,EAAET,SAAS,CAACyB,IAAI;MACpBZ,YAAY,EAAEb,SAAS,CAAC0B;IAC1B,CAAC;IACDC,KAAK,EAAE;MACLlB,IAAI,EAAET,SAAS,CAACgB,MAAM;MACtBJ,SAAS,EAAE;IACb,CAAC;IACDgB,MAAM,EAAE;MACNnB,IAAI,EAAET,SAAS,CAACgB;IAClB,CAAC;IACDa,WAAW,EAAE;MACVpB,IAAI,EAAET,SAAS,CAACgB;IACnB,CAAC;IACDc,MAAM,EAAE;MACLrB,IAAI,EAAET,SAAS,CAACgB;IACnB,CAAC;IACDe,MAAM,EAAE;MACNtB,IAAI,EAAET,SAAS,CAACgB,MAAM;MACtBJ,SAAS,EAAE,KAAK;MAChBC,YAAY,EAAE;IAChB,CAAC;IACDmB,MAAM,EAAE;MACNvB,IAAI,EAAET,SAAS,CAACiC,OAAO;MACvBrB,SAAS,EAAE;IACb;EACF,CAAC,EACD;IACEb,SAAS;IACTmC,SAAS,EAAE,MAAM;IACjBC,SAAS,EAAE;EACb,CAAC,CACF;EAED,OAAOlC,IAAI;AACb,CAAC"},"_coverageSchema":"1a1c01bbd47fc00a2c39e90264f33305004495a9","hash":"875da342362a36a86964052d107801fa618ae3d7","contentHash":"dc9cd103c278c46b511bfeaf26706de81dbf46cae339f1a778d19883c1414de9"},"/Users/denisniwemugisha/ecommerce-app-legends-bn/src/database/models/wishlist.js":{"path":"/Users/denisniwemugisha/ecommerce-app-legends-bn/src/database/models/wishlist.js","statementMap":{"0":{"start":{"line":5,"column":4},"end":{"line":5,"column":24}},"1":{"start":{"line":6,"column":0},"end":{"line":25,"column":2}},"2":{"start":{"line":17,"column":2},"end":{"line":23,"column":5}},"3":{"start":{"line":24,"column":2},"end":{"line":24,"column":18}}},"fnMap":{"0":{"name":"(anonymous_0)","decl":{"start":{"line":6,"column":17},"end":{"line":6,"column":18}},"loc":{"start":{"line":6,"column":43},"end":{"line":25,"column":1}},"line":6},"1":{"name":"(anonymous_1)","decl":{"start":{"line":13,"column":4},"end":{"line":13,"column":5}},"loc":{"start":{"line":13,"column":29},"end":{"line":15,"column":5}},"line":13}},"branchMap":{},"s":{"0":1,"1":1,"2":1,"3":1},"f":{"0":1,"1":1},"b":{},"inputSourceMap":{"version":3,"names":["Model","require","module","exports","sequelize","DataTypes","wishlist","associate","models","init","userId","STRING","productId","ARRAY","modelName"],"sourceRoot":"/Users/denisniwemugisha/ecommerce-app-legends-bn/src/database/models/","sources":["wishlist.js"],"sourcesContent":["'use strict';\nconst { Model } = require('sequelize');\nmodule.exports = (sequelize, DataTypes) => {\n  class wishlist extends Model {\n    /**\n     * Helper method for defining associations.\n     * This method is not a part of Sequelize lifecycle.\n     * The `models/index` file will call this method automatically.\n     */\n    static associate(models) {\n      // define association here\n    }\n  }\n  wishlist.init(\n    {\n      userId: DataTypes.STRING,\n      productId: DataTypes.ARRAY(DataTypes.STRING),\n    },\n    {\n      sequelize,\n      modelName: 'wishlist',\n    }\n  );\n  return wishlist;\n};\n"],"mappings":"AAAA,YAAY;;AACZ,MAAM;EAAEA;AAAM,CAAC,GAAGC,OAAO,CAAC,WAAW,CAAC;AACtCC,MAAM,CAACC,OAAO,GAAG,CAACC,SAAS,EAAEC,SAAS,KAAK;EACzC,MAAMC,QAAQ,SAASN,KAAK,CAAC;IAC3B;AACJ;AACA;AACA;AACA;IACI,OAAOO,SAASA,CAACC,MAAM,EAAE;MACvB;IAAA;EAEJ;EACAF,QAAQ,CAACG,IAAI,CACX;IACEC,MAAM,EAAEL,SAAS,CAACM,MAAM;IACxBC,SAAS,EAAEP,SAAS,CAACQ,KAAK,CAACR,SAAS,CAACM,MAAM;EAC7C,CAAC,EACD;IACEP,SAAS;IACTU,SAAS,EAAE;EACb,CAAC,CACF;EACD,OAAOR,QAAQ;AACjB,CAAC"},"_coverageSchema":"1a1c01bbd47fc00a2c39e90264f33305004495a9","hash":"a04a2c6a43e4457deb690f7e060494efe9ff55fc","contentHash":"942cd5c0adce9f3f6f9cfdc21aa514a29a5f38df08bb78a0d4eac0aca61b3d01"},"/Users/denisniwemugisha/ecommerce-app-legends-bn/src/index.js":{"path":"/Users/denisniwemugisha/ecommerce-app-legends-bn/src/index.js","statementMap":{"0":{"start":{"line":3,"column":0},"end":{"line":5,"column":3}},"1":{"start":{"line":6,"column":0},"end":{"line":6,"column":25}},"2":{"start":{"line":7,"column":15},"end":{"line":7,"column":57}},"3":{"start":{"line":8,"column":12},"end":{"line":8,"column":60}},"4":{"start":{"line":9,"column":19},"end":{"line":9,"column":80}},"5":{"start":{"line":10,"column":18},"end":{"line":10,"column":78}},"6":{"start":{"line":11,"column":20},"end":{"line":11,"column":89}},"7":{"start":{"line":12,"column":20},"end":{"line":12,"column":82}},"8":{"start":{"line":13,"column":16},"end":{"line":13,"column":77}},"9":{"start":{"line":14,"column":22},"end":{"line":14,"column":89}},"10":{"start":{"line":15,"column":16},"end":{"line":15,"column":77}},"11":{"start":{"line":16,"column":13},"end":{"line":16,"column":78}},"12":{"start":{"line":17,"column":20},"end":{"line":17,"column":83}},"13":{"start":{"line":18,"column":13},"end":{"line":18,"column":60}},"14":{"start":{"line":19,"column":15},"end":{"line":19,"column":57}},"15":{"start":{"line":20,"column":24},"end":{"line":20,"column":77}},"16":{"start":{"line":21,"column":29},"end":{"line":21,"column":87}},"17":{"start":{"line":22,"column":14},"end":{"line":22,"column":72}},"18":{"start":{"line":23,"column":26},"end":{"line":23,"column":101}},"19":{"start":{"line":24,"column":14},"end":{"line":24,"column":34}},"20":{"start":{"line":25,"column":12},"end":{"line":25,"column":51}},"21":{"start":{"line":26,"column":12},"end":{"line":26,"column":51}},"22":{"start":{"line":27,"column":39},"end":{"line":27,"column":93}},"23":{"start":{"line":28,"column":0},"end":{"line":38,"column":3}},"24":{"start":{"line":39,"column":12},"end":{"line":39,"column":35}},"25":{"start":{"line":40,"column":0},"end":{"line":40,"column":30}},"26":{"start":{"line":41,"column":0},"end":{"line":41,"column":33}},"27":{"start":{"line":42,"column":0},"end":{"line":42,"column":65}},"28":{"start":{"line":45,"column":0},"end":{"line":45,"column":28}},"29":{"start":{"line":46,"column":0},"end":{"line":46,"column":24}},"30":{"start":{"line":47,"column":0},"end":{"line":47,"column":37}},"31":{"start":{"line":48,"column":0},"end":{"line":48,"column":30}},"32":{"start":{"line":49,"column":0},"end":{"line":49,"column":31}},"33":{"start":{"line":50,"column":0},"end":{"line":50,"column":40}},"34":{"start":{"line":51,"column":0},"end":{"line":51,"column":47}},"35":{"start":{"line":52,"column":0},"end":{"line":52,"column":50}},"36":{"start":{"line":53,"column":0},"end":{"line":53,"column":33}},"37":{"start":{"line":54,"column":0},"end":{"line":54,"column":31}},"38":{"start":{"line":55,"column":0},"end":{"line":55,"column":27}},"39":{"start":{"line":56,"column":0},"end":{"line":56,"column":44}},"40":{"start":{"line":57,"column":0},"end":{"line":61,"column":3}},"41":{"start":{"line":58,"column":2},"end":{"line":60,"column":5}},"42":{"start":{"line":62,"column":13},"end":{"line":62,"column":37}},"43":{"start":{"line":63,"column":15},"end":{"line":63,"column":46}},"44":{"start":{"line":64,"column":11},"end":{"line":66,"column":2}},"45":{"start":{"line":67,"column":0},"end":{"line":72,"column":3}},"46":{"start":{"line":68,"column":2},"end":{"line":68,"column":40}},"47":{"start":{"line":69,"column":2},"end":{"line":71,"column":5}},"48":{"start":{"line":70,"column":4},"end":{"line":70,"column":34}},"49":{"start":{"line":73,"column":0},"end":{"line":73,"column":29}},"50":{"start":{"line":74,"column":0},"end":{"line":79,"column":3}},"51":{"start":{"line":77,"column":2},"end":{"line":77,"column":27}},"52":{"start":{"line":78,"column":2},"end":{"line":78,"column":75}},"53":{"start":{"line":78,"column":28},"end":{"line":78,"column":73}},"54":{"start":{"line":80,"column":15},"end":{"line":80,"column":18}},"55":{"start":{"line":81,"column":0},"end":{"line":81,"column":27}}},"fnMap":{"0":{"name":"_interopRequireDefault","decl":{"start":{"line":27,"column":9},"end":{"line":27,"column":31}},"loc":{"start":{"line":27,"column":37},"end":{"line":27,"column":95}},"line":27},"1":{"name":"(anonymous_1)","decl":{"start":{"line":57,"column":13},"end":{"line":57,"column":14}},"loc":{"start":{"line":57,"column":27},"end":{"line":61,"column":1}},"line":57},"2":{"name":"(anonymous_2)","decl":{"start":{"line":67,"column":20},"end":{"line":67,"column":21}},"loc":{"start":{"line":67,"column":30},"end":{"line":72,"column":1}},"line":67},"3":{"name":"(anonymous_3)","decl":{"start":{"line":69,"column":28},"end":{"line":69,"column":29}},"loc":{"start":{"line":69,"column":36},"end":{"line":71,"column":3}},"line":69},"4":{"name":"(anonymous_4)","decl":{"start":{"line":76,"column":8},"end":{"line":76,"column":9}},"loc":{"start":{"line":76,"column":20},"end":{"line":79,"column":1}},"line":76},"5":{"name":"(anonymous_5)","decl":{"start":{"line":78,"column":22},"end":{"line":78,"column":23}},"loc":{"start":{"line":78,"column":28},"end":{"line":78,"column":73}},"line":78}},"branchMap":{"0":{"loc":{"start":{"line":27,"column":46},"end":{"line":27,"column":92}},"type":"cond-expr","locations":[{"start":{"line":27,"column":70},"end":{"line":27,"column":73}},{"start":{"line":27,"column":76},"end":{"line":27,"column":92}}],"line":27},"1":{"loc":{"start":{"line":27,"column":46},"end":{"line":27,"column":67}},"type":"binary-expr","locations":[{"start":{"line":27,"column":46},"end":{"line":27,"column":49}},{"start":{"line":27,"column":53},"end":{"line":27,"column":67}}],"line":27},"2":{"loc":{"start":{"line":62,"column":13},"end":{"line":62,"column":37}},"type":"binary-expr","locations":[{"start":{"line":62,"column":13},"end":{"line":62,"column":29}},{"start":{"line":62,"column":33},"end":{"line":62,"column":37}}],"line":62}},"s":{"0":1,"1":1,"2":1,"3":1,"4":1,"5":1,"6":1,"7":1,"8":1,"9":1,"10":1,"11":1,"12":1,"13":1,"14":1,"15":1,"16":1,"17":1,"18":1,"19":1,"20":1,"21":1,"22":19,"23":1,"24":1,"25":1,"26":1,"27":1,"28":1,"29":1,"30":1,"31":1,"32":1,"33":1,"34":1,"35":1,"36":1,"37":1,"38":1,"39":1,"40":1,"41":1,"42":1,"43":1,"44":1,"45":1,"46":3,"47":3,"48":2,"49":1,"50":1,"51":1,"52":1,"53":1,"54":1,"55":1},"f":{"0":19,"1":1,"2":3,"3":2,"4":1,"5":1},"b":{"0":[13,6],"1":[19,19],"2":[1,0]},"inputSourceMap":{"version":3,"names":["_express","_interopRequireDefault","require","_root","_adminRoutes","_userRoutes","_google_oauth","_vendorRoutes","_category","_productsRoutes","_wishlist","_buyer","_couponRoutes","_index","_i18next","_i18nextFsBackend","_i18nextHttpMiddleware","_index2","_shoppingCartRoutes","_socket","_http","_cors","obj","__esModule","default","i18next","use","Backend","middleware","LanguageDetector","init","fallbackLng","backend","loadPath","interpolation","escapeValue","prefix","suffix","app","express","cors","json","handle","rootRouter","docs","CartRoutes","adminRouter","vendorRouter","userAuthRoutes","categoryRoutes","couponRoutes","productRoutes","google_auth","wishlistRoutes","buyerRoutes","all","req","res","status","error","t","PORT","process","env","server","http","createServer","io","Server","on","socket","console","log","data","emit","db","dbConnection","sequelize","sync","force","then","listen","_default","exports"],"sourceRoot":"/Users/denisniwemugisha/ecommerce-app-legends-bn/src/","sources":["index.js"],"sourcesContent":["import express from 'express';\nimport rootRouter from './routes/root';\nimport adminRouter from './routes/users/adminRoutes';\nimport userAuthRoutes from './routes/users/userRoutes';\nimport google_auth from './routes/users/google_oauth.routes'\nimport vendorRouter from './routes/users/vendorRoutes';\nimport categoryRoutes from './routes/products/category'\nimport productRoutes from './routes/products/productsRoutes'\nimport wishlistRoutes from './routes/products/wishlist';\nimport buyerRoutes from './routes/products/buyer.routes'\nimport couponRoutes from './routes/coupon/couponRoutes';\nimport docs from './docs/index';\nimport i18next from 'i18next';\nimport Backend from 'i18next-fs-backend';\nimport middleware from 'i18next-http-middleware';\nimport db from './database/models/index';\nimport CartRoutes from './routes/shoppingCart/shoppingCartRoutes';\nimport { Server } from \"socket.io\";\nimport http from \"http\";\nimport cors from \"cors\";\n\ni18next\n  .use(Backend)\n  .use(middleware.LanguageDetector)\n  .init({\n    fallbackLng: 'en',\n    backend: {\n      loadPath: './src/locales/{{lng}}/translation.json',\n    },\n    interpolation: {\n      escapeValue: false,\n      prefix: '{{',\n      suffix: '}}'\n    }\n  });\nconst app = express();\napp.use(cors());\napp.use(express.json());\napp.use(middleware.handle(i18next));\n\n// routes\napp.use('/', rootRouter);\napp.use(docs);\napp.use(CartRoutes);\napp.use(adminRouter);\napp.use(vendorRouter);\napp.use('/api/v1', userAuthRoutes);\napp.use('/api/v1/category', categoryRoutes);\napp.use('/api/v1/coupons', couponRoutes);\napp.use(productRoutes);\napp.use(google_auth)\napp.use(wishlistRoutes)\napp.use('/api/v1/products',buyerRoutes)\n\n\napp.all('*', (req, res) => {\n  res.status(404).json({ error: req.t('404_error') });\n});\n\nconst PORT = process.env.PORT || 4000;\nconst server = http.createServer(app);\n\nconst io = new Server(server, {\n  cors: true\n});\nio.on(\"connection\", (socket) => {\n  console.log(\"A client has connected\");\n  socket.on(\"notification\", (data) => {\n    io.emit(\"notification\", data);\n  });\n});\n\ndb.dbConnection;\ndb.sequelize.sync({ force: false }).then(async () => {\n  console.log('DB synced');\n  server.listen(PORT, () => console.log(`Server running on port ${PORT}`));\n});\n\nexport default app;\n"],"mappings":";;;;;;AAAA,IAAAA,QAAA,GAAAC,sBAAA,CAAAC,OAAA;AACA,IAAAC,KAAA,GAAAF,sBAAA,CAAAC,OAAA;AACA,IAAAE,YAAA,GAAAH,sBAAA,CAAAC,OAAA;AACA,IAAAG,WAAA,GAAAJ,sBAAA,CAAAC,OAAA;AACA,IAAAI,aAAA,GAAAL,sBAAA,CAAAC,OAAA;AACA,IAAAK,aAAA,GAAAN,sBAAA,CAAAC,OAAA;AACA,IAAAM,SAAA,GAAAP,sBAAA,CAAAC,OAAA;AACA,IAAAO,eAAA,GAAAR,sBAAA,CAAAC,OAAA;AACA,IAAAQ,SAAA,GAAAT,sBAAA,CAAAC,OAAA;AACA,IAAAS,MAAA,GAAAV,sBAAA,CAAAC,OAAA;AACA,IAAAU,aAAA,GAAAX,sBAAA,CAAAC,OAAA;AACA,IAAAW,MAAA,GAAAZ,sBAAA,CAAAC,OAAA;AACA,IAAAY,QAAA,GAAAb,sBAAA,CAAAC,OAAA;AACA,IAAAa,iBAAA,GAAAd,sBAAA,CAAAC,OAAA;AACA,IAAAc,sBAAA,GAAAf,sBAAA,CAAAC,OAAA;AACA,IAAAe,OAAA,GAAAhB,sBAAA,CAAAC,OAAA;AACA,IAAAgB,mBAAA,GAAAjB,sBAAA,CAAAC,OAAA;AACA,IAAAiB,OAAA,GAAAjB,OAAA;AACA,IAAAkB,KAAA,GAAAnB,sBAAA,CAAAC,OAAA;AACA,IAAAmB,KAAA,GAAApB,sBAAA,CAAAC,OAAA;AAAwB,SAAAD,uBAAAqB,GAAA,WAAAA,GAAA,IAAAA,GAAA,CAAAC,UAAA,GAAAD,GAAA,KAAAE,OAAA,EAAAF,GAAA;AAExBG,gBAAO,CACJC,GAAG,CAACC,yBAAO,CAAC,CACZD,GAAG,CAACE,8BAAU,CAACC,gBAAgB,CAAC,CAChCC,IAAI,CAAC;EACJC,WAAW,EAAE,IAAI;EACjBC,OAAO,EAAE;IACPC,QAAQ,EAAE;EACZ,CAAC;EACDC,aAAa,EAAE;IACbC,WAAW,EAAE,KAAK;IAClBC,MAAM,EAAE,IAAI;IACZC,MAAM,EAAE;EACV;AACF,CAAC,CAAC;AACJ,MAAMC,GAAG,GAAG,IAAAC,gBAAO,GAAE;AACrBD,GAAG,CAACZ,GAAG,CAAC,IAAAc,aAAI,GAAE,CAAC;AACfF,GAAG,CAACZ,GAAG,CAACa,gBAAO,CAACE,IAAI,EAAE,CAAC;AACvBH,GAAG,CAACZ,GAAG,CAACE,8BAAU,CAACc,MAAM,CAACjB,gBAAO,CAAC,CAAC;;AAEnC;AACAa,GAAG,CAACZ,GAAG,CAAC,GAAG,EAAEiB,aAAU,CAAC;AACxBL,GAAG,CAACZ,GAAG,CAACkB,cAAI,CAAC;AACbN,GAAG,CAACZ,GAAG,CAACmB,2BAAU,CAAC;AACnBP,GAAG,CAACZ,GAAG,CAACoB,oBAAW,CAAC;AACpBR,GAAG,CAACZ,GAAG,CAACqB,qBAAY,CAAC;AACrBT,GAAG,CAACZ,GAAG,CAAC,SAAS,EAAEsB,mBAAc,CAAC;AAClCV,GAAG,CAACZ,GAAG,CAAC,kBAAkB,EAAEuB,iBAAc,CAAC;AAC3CX,GAAG,CAACZ,GAAG,CAAC,iBAAiB,EAAEwB,qBAAY,CAAC;AACxCZ,GAAG,CAACZ,GAAG,CAACyB,uBAAa,CAAC;AACtBb,GAAG,CAACZ,GAAG,CAAC0B,qBAAW,CAAC;AACpBd,GAAG,CAACZ,GAAG,CAAC2B,iBAAc,CAAC;AACvBf,GAAG,CAACZ,GAAG,CAAC,kBAAkB,EAAC4B,cAAW,CAAC;AAGvChB,GAAG,CAACiB,GAAG,CAAC,GAAG,EAAE,CAACC,GAAG,EAAEC,GAAG,KAAK;EACzBA,GAAG,CAACC,MAAM,CAAC,GAAG,CAAC,CAACjB,IAAI,CAAC;IAAEkB,KAAK,EAAEH,GAAG,CAACI,CAAC,CAAC,WAAW;EAAE,CAAC,CAAC;AACrD,CAAC,CAAC;AAEF,MAAMC,IAAI,GAAGC,OAAO,CAACC,GAAG,CAACF,IAAI,IAAI,IAAI;AACrC,MAAMG,MAAM,GAAGC,aAAI,CAACC,YAAY,CAAC5B,GAAG,CAAC;AAErC,MAAM6B,EAAE,GAAG,IAAIC,cAAM,CAACJ,MAAM,EAAE;EAC5BxB,IAAI,EAAE;AACR,CAAC,CAAC;AACF2B,EAAE,CAACE,EAAE,CAAC,YAAY,EAAGC,MAAM,IAAK;EAC9BC,OAAO,CAACC,GAAG,CAAC,wBAAwB,CAAC;EACrCF,MAAM,CAACD,EAAE,CAAC,cAAc,EAAGI,IAAI,IAAK;IAClCN,EAAE,CAACO,IAAI,CAAC,cAAc,EAAED,IAAI,CAAC;EAC/B,CAAC,CAAC;AACJ,CAAC,CAAC;AAEFE,eAAE,CAACC,YAAY;AACfD,eAAE,CAACE,SAAS,CAACC,IAAI,CAAC;EAAEC,KAAK,EAAE;AAAM,CAAC,CAAC,CAACC,IAAI,CAAC,YAAY;EACnDT,OAAO,CAACC,GAAG,CAAC,WAAW,CAAC;EACxBR,MAAM,CAACiB,MAAM,CAACpB,IAAI,EAAE,MAAMU,OAAO,CAACC,GAAG,CAAE,0BAAyBX,IAAK,EAAC,CAAC,CAAC;AAC1E,CAAC,CAAC;AAAC,IAAAqB,QAAA,GAEY5C,GAAG;AAAA6C,OAAA,CAAA3D,OAAA,GAAA0D,QAAA"},"_coverageSchema":"1a1c01bbd47fc00a2c39e90264f33305004495a9","hash":"1ae9fe5f36189d49823ef548d3c47c2cb235f690","contentHash":"a07623ae33a283983f0faa4b032c68110e8cd9627d8ac90dd660e53ec1a6317b"},"/Users/denisniwemugisha/ecommerce-app-legends-bn/src/routes/root.js":{"path":"/Users/denisniwemugisha/ecommerce-app-legends-bn/src/routes/root.js","statementMap":{"0":{"start":{"line":3,"column":0},"end":{"line":5,"column":3}},"1":{"start":{"line":6,"column":0},"end":{"line":6,"column":25}},"2":{"start":{"line":7,"column":15},"end":{"line":7,"column":57}},"3":{"start":{"line":8,"column":22},"end":{"line":8,"column":86}},"4":{"start":{"line":9,"column":39},"end":{"line":9,"column":93}},"5":{"start":{"line":10,"column":15},"end":{"line":10,"column":40}},"6":{"start":{"line":11,"column":0},"end":{"line":11,"column":46}},"7":{"start":{"line":12,"column":15},"end":{"line":12,"column":21}},"8":{"start":{"line":13,"column":0},"end":{"line":13,"column":27}}},"fnMap":{"0":{"name":"_interopRequireDefault","decl":{"start":{"line":9,"column":9},"end":{"line":9,"column":31}},"loc":{"start":{"line":9,"column":37},"end":{"line":9,"column":95}},"line":9}},"branchMap":{"0":{"loc":{"start":{"line":9,"column":46},"end":{"line":9,"column":92}},"type":"cond-expr","locations":[{"start":{"line":9,"column":70},"end":{"line":9,"column":73}},{"start":{"line":9,"column":76},"end":{"line":9,"column":92}}],"line":9},"1":{"loc":{"start":{"line":9,"column":46},"end":{"line":9,"column":67}},"type":"binary-expr","locations":[{"start":{"line":9,"column":46},"end":{"line":9,"column":49}},{"start":{"line":9,"column":53},"end":{"line":9,"column":67}}],"line":9}},"s":{"0":1,"1":1,"2":1,"3":1,"4":2,"5":1,"6":1,"7":1,"8":1},"f":{"0":2},"b":{"0":[1,1],"1":[2,2]},"inputSourceMap":{"version":3,"names":["_express","_interopRequireDefault","require","_rootController","obj","__esModule","default","router","express","Router","get","rootController","root","_default","exports"],"sourceRoot":"/Users/denisniwemugisha/ecommerce-app-legends-bn/src/routes/","sources":["root.js"],"sourcesContent":["import express from 'express';\nimport rootController from '../controllers/rootController';\n\nconst router = express.Router();\n\nrouter.get('/', rootController.root);\n\nexport default router;\n"],"mappings":";;;;;;AAAA,IAAAA,QAAA,GAAAC,sBAAA,CAAAC,OAAA;AACA,IAAAC,eAAA,GAAAF,sBAAA,CAAAC,OAAA;AAA2D,SAAAD,uBAAAG,GAAA,WAAAA,GAAA,IAAAA,GAAA,CAAAC,UAAA,GAAAD,GAAA,KAAAE,OAAA,EAAAF,GAAA;AAE3D,MAAMG,MAAM,GAAGC,gBAAO,CAACC,MAAM,EAAE;AAE/BF,MAAM,CAACG,GAAG,CAAC,GAAG,EAAEC,uBAAc,CAACC,IAAI,CAAC;AAAC,IAAAC,QAAA,GAEtBN,MAAM;AAAAO,OAAA,CAAAR,OAAA,GAAAO,QAAA"},"_coverageSchema":"1a1c01bbd47fc00a2c39e90264f33305004495a9","hash":"4c22e9110d043f97df218ecf7cbb7616618bb208","contentHash":"59f36aef43d8561373d4b999d153d86e3602bb3b03f9a3a3ec4571246bfd14fd"},"/Users/denisniwemugisha/ecommerce-app-legends-bn/src/controllers/rootController.js":{"path":"/Users/denisniwemugisha/ecommerce-app-legends-bn/src/controllers/rootController.js","statementMap":{"0":{"start":{"line":3,"column":0},"end":{"line":5,"column":3}},"1":{"start":{"line":6,"column":0},"end":{"line":6,"column":25}},"2":{"start":{"line":7,"column":15},"end":{"line":11,"column":1}},"3":{"start":{"line":8,"column":22},"end":{"line":10,"column":4}},"4":{"start":{"line":12,"column":0},"end":{"line":12,"column":27}}},"fnMap":{"0":{"name":"(anonymous_0)","decl":{"start":{"line":8,"column":8},"end":{"line":8,"column":9}},"loc":{"start":{"line":8,"column":22},"end":{"line":10,"column":4}},"line":8}},"branchMap":{},"s":{"0":1,"1":1,"2":1,"3":1,"4":1},"f":{"0":1},"b":{},"inputSourceMap":{"version":3,"names":["root","req","res","status","json","message","t","exports","default","_default"],"sourceRoot":"/Users/denisniwemugisha/ecommerce-app-legends-bn/src/controllers/","sources":["rootController.js"],"sourcesContent":["export default {\n  root: (req, res) => res.status(200).json({ message: req.t('hello_message') }),\n};\n"],"mappings":";;;;;;eAAe;EACbA,IAAI,EAAEA,CAACC,GAAG,EAAEC,GAAG,KAAKA,GAAG,CAACC,MAAM,CAAC,GAAG,CAAC,CAACC,IAAI,CAAC;IAAEC,OAAO,EAAEJ,GAAG,CAACK,CAAC,CAAC,eAAe;EAAE,CAAC;AAC9E,CAAC;AAAAC,OAAA,CAAAC,OAAA,GAAAC,QAAA"},"_coverageSchema":"1a1c01bbd47fc00a2c39e90264f33305004495a9","hash":"725921ea88017eac4c3a7b84525d803d3e1faa33","contentHash":"29ce28bb3466c67e959a7b80a8eaaf1437439f813e5dabe9ad756f7695747a67"},"/Users/denisniwemugisha/ecommerce-app-legends-bn/src/routes/users/adminRoutes.js":{"path":"/Users/denisniwemugisha/ecommerce-app-legends-bn/src/routes/users/adminRoutes.js","statementMap":{"0":{"start":{"line":3,"column":0},"end":{"line":5,"column":3}},"1":{"start":{"line":6,"column":0},"end":{"line":6,"column":25}},"2":{"start":{"line":7,"column":15},"end":{"line":7,"column":57}},"3":{"start":{"line":8,"column":24},"end":{"line":8,"column":74}},"4":{"start":{"line":9,"column":12},"end":{"line":9,"column":44}},"5":{"start":{"line":10,"column":24},"end":{"line":10,"column":75}},"6":{"start":{"line":11,"column":19},"end":{"line":11,"column":64}},"7":{"start":{"line":12,"column":39},"end":{"line":12,"column":93}},"8":{"start":{"line":13,"column":15},"end":{"line":13,"column":40}},"9":{"start":{"line":14,"column":0},"end":{"line":14,"column":60}},"10":{"start":{"line":15,"column":0},"end":{"line":15,"column":63}},"11":{"start":{"line":16,"column":0},"end":{"line":16,"column":109}},"12":{"start":{"line":17,"column":0},"end":{"line":17,"column":115}},"13":{"start":{"line":18,"column":0},"end":{"line":18,"column":63}},"14":{"start":{"line":19,"column":0},"end":{"line":19,"column":116}},"15":{"start":{"line":20,"column":0},"end":{"line":20,"column":113}},"16":{"start":{"line":21,"column":0},"end":{"line":21,"column":111}},"17":{"start":{"line":22,"column":15},"end":{"line":22,"column":21}},"18":{"start":{"line":23,"column":0},"end":{"line":23,"column":27}}},"fnMap":{"0":{"name":"_interopRequireDefault","decl":{"start":{"line":12,"column":9},"end":{"line":12,"column":31}},"loc":{"start":{"line":12,"column":37},"end":{"line":12,"column":95}},"line":12}},"branchMap":{"0":{"loc":{"start":{"line":12,"column":46},"end":{"line":12,"column":92}},"type":"cond-expr","locations":[{"start":{"line":12,"column":70},"end":{"line":12,"column":73}},{"start":{"line":12,"column":76},"end":{"line":12,"column":92}}],"line":12},"1":{"loc":{"start":{"line":12,"column":46},"end":{"line":12,"column":67}},"type":"binary-expr","locations":[{"start":{"line":12,"column":46},"end":{"line":12,"column":49}},{"start":{"line":12,"column":53},"end":{"line":12,"column":67}}],"line":12}},"s":{"0":1,"1":1,"2":1,"3":1,"4":1,"5":1,"6":1,"7":1,"8":1,"9":1,"10":1,"11":1,"12":1,"13":1,"14":1,"15":1,"16":1,"17":1,"18":1},"f":{"0":1},"b":{"0":[0,1],"1":[1,1]},"inputSourceMap":{"version":3,"names":["_express","_interopRequireDefault","require","_loginControllers","_auth","_adminControllers","_user_status","obj","__esModule","default","router","express","Route
[...]
E;MAChC,IAAIG,OAAO,GAAG,EAAE;MAChB,IAAIC,QAAQ,GAAG,CAAC;MAChB,MAAMC,UAAU,GAAG,MAAM9G,eAAE,CAAC2F,KAAK,CAACzF,OAAO,CAAC;QACxCC,KAAK,EAAE;UACLyF,MAAM,EAAEpG,GAAG,CAACK,IAAI,CAACC,EAAE;UACnBY,MAAM,EAAE;QACV;MACF,CAAC,CAAC;MACFoG,UAAU,CAACJ,QAAQ,CAACxE,OAAO,CAAC,MAAOf,OAAO,IAAK;QAC7C,MAAM4F,MAAM,GAAG,MAAM/G,eAAE,CAACsG,YAAY,CAACpG,OAAO,CAAC;UAC3C8G,UAAU,EAAE,CACV,MAAM,EACN,MAAM,EACN,OAAO,EACP,UAAU,EACV,OAAO,EACP,WAAW,CACZ;UACD7G,KAAK,EAAE;YACLL,EAAE,EAAEqB;UACN;QACF,CAAC,CAAC;QACFyF,OAAO,CAACL,IAAI,CAACQ,MAAM,CAAC;QACpB;;QAEAF,QAAQ,EAAE;QACV,IAAIA,QAAQ,KAAKC,UAAU,CAACJ,QAAQ,CAACD,MAAM,EAAE;UACzCzG,eAAE,CAAC2F,KAAK,CAACzF,OAAO,CAAC;YACfC,KAAK,EAAE;cAAEyF,MAAM,EAAEhG,OAAO;cAAEc,MAAM,EAAE;YAAO;UAC3C,CAAC,CAAC,CAACmF,IAAI,CAAC,MAAOC,KAAK,IAAK;YACvBA,KAAK,CAACpF,MAAM,GAAG,UAAU;YACzB,OAAOoF,KAAK,CAACzE,IAAI,EAAE;UACrB,CAAC,CAAC;UACJ4F,sBAAO,CAACC,IAAI,CAAC,kBAAkB,EAAEN,OAAO,CAAC;UACzCnH,GAAG,CAACiB,MAAM,CAAC,GAAG,CAAC,CAACC,IAAI,CAAC;YACnBD,MAAM,EAAElB,GAAG,CAACoB,CAAC,CAAC,SAAS,CAAC;YACxBC,OAAO,EAAErB,GAAG,CAACoB,CAAC,CAAC,iBAAiB,CAAC;YACjCkB,IAAI,EAAE8E;UACR,CAAC,CAAC;QACJ;MACF,CAAC,CAAC;IACJ;EACF,CAAC,CAAC;AACJ,CAAC,CAAC;AACF;AAAA7E,OAAA,CAAAgE,YAAA,GAAAA,YAAA;AACA,MAAM3D,WAAW,GAAIC,SAAS,IAAK;EACjC,MAAM8E,aAAa,GAAG,IAAIC,IAAI,CAAC/E,SAAS,CAAC;EACzC,MAAMgF,WAAW,GAAG,IAAID,IAAI,EAAE;EAC9B,MAAME,YAAY,GAAGD,WAAW,CAACE,OAAO,EAAE,GAAGJ,aAAa,CAACI,OAAO,EAAE;EACpE,MAAMC,cAAc,GAAGF,YAAY,IAAI,EAAE,GAAG,EAAE,GAAG,EAAE,GAAG,IAAI,CAAC;EAC3D,MAAMG,wBAAwB,GAAGD,cAAc,IAAI,EAAE;EACrD,OAAOC,wBAAwB;AACjC,CAAC;AACD,MAAMjD,YAAY,GAAG,MAAAA,CAAOhF,GAAG,EAAEC,GAAG,KAAK;EACvC,MAAMI,IAAI,GAAGL,GAAG,CAACK,IAAI,CAACC,EAAE;EACxB,MAAM8B,IAAI,GAAG,MAAMC,YAAY,CAAChC,IAAI,CAAC;EACrC,IAAI,CAAC+B,IAAI,EAAE;IACTnC,GAAG,CAACiB,MAAM,CAAC,GAAG,CAAC,CAACC,IAAI,CAAC;MACnBD,MAAM,EAAElB,GAAG,CAACoB,CAAC,CAAC,MAAM,CAAC;MACrBC,OAAO,EAAErB,GAAG,CAACoB,CAAC,CAAC,oBAAoB;IACrC,CAAC,CAAC;EACJ;EACA,OAAOgB,IAAI;AACb,CAAC;;AAGD;;AAEO,MAAM8F,iBAAiB,GAAG,MAAAA,CAAOC,OAAO,EAAEvC,KAAK,EAAC3F,GAAG,KAAK;EAC7D,MAAMmI,OAAO,GAAG,MAAM5H,eAAE,CAAC2F,KAAK,CAACzF,OAAO,CAAC;IACrCC,KAAK,EAAE;MAAEyF,MAAM,EAAE+B;IAAQ;EAC3B,CAAC,CAAC;EACF;EACA,IAAIC,OAAO,CAAClH,MAAM,KAAK,UAAU,EAAE;IACjCjB,GAAG,CAACiB,MAAM,CAAC,GAAG,CAAC,CAACC,IAAI,CAAC;MAACE,OAAO,EAAC;IAA4B,CAAC,CAAC;EAC9D;EACA,IAAIgH,cAAc,GAAG,IAAI;EACzB,MAAMC,eAAe,GAAG,CAAC,CAAC,EAAE,CAAC,EAAE,CAAC,EAAE,CAAC,EAAE,CAAC,EAAE,CAAC,EAAE,CAAC,EAAE,CAAC,EAAE,CAAC,EAAE,CAAC,CAAC;EACtD,KAAK,IAAIC,CAAC,GAAG,CAAC,EAAEA,CAAC,IAAI,CAAC,EAAEA,CAAC,EAAE,EAAE;IAC3BF,cAAc,IAAIC,eAAe,CAACE,IAAI,CAACC,KAAK,CAACD,IAAI,CAACE,MAAM,EAAE,GAAGJ,eAAe,CAACrB,MAAM,CAClF,CAAC;EACJ;EACA;EACA,MAAM0B,WAAW,GAAG,MAAMnI,eAAE,CAAC2F,KAAK,CAACzF,OAAO,CAAC;IAC1CC,KAAK,EAAE;MAAEyF,MAAM,EAAE+B;IAAQ,CAAC;IAC1B7B,KAAK,EAAE,CAAC,CAAC,WAAW,EAAE,MAAM,CAAC;EAC9B,CAAC,CAAC;EACFqC,WAAW,CAACN,cAAc,GAAGA,cAAc;EAC3C,MAAMM,WAAW,CAAC9G,IAAI,EAAE;EACxB,MAAMsD,MAAM,GAAGwD,WAAW,CAACxD,MAAM;;EAEjC;EACA,MAAMyD,SAAS,GAAG;IAChBhD,KAAK;IACLiD,OAAO,EAAE,oBAAoB;IAC7BC,IAAI,EAAG;AACX;AACA;AACA;AACA;AACA;AACA;AACA,8LAA8L3D,MAAO;AACrM,0CAA0CkD,cAAe;AACzD;AACA,yGAAyGzD,OAAO,CAACC,GAAG,CAACkE,IAAK,6BAA4BV,cAAe;AACrK;AACA;AACA;AACA;AACA;AACA;AACA;EACE,CAAC;EACD;EACA,MAAM,IAAAW,kBAAS,EAACJ,SAAS,CAAC;AAC5B,CAAC;AAACrG,OAAA,CAAA2F,iBAAA,GAAAA,iBAAA"},"_coverageSchema":"1a1c01bbd47fc00a2c39e90264f33305004495a9","hash":"781b43314f42da9931d6f75a6c7c3a80c7855797","contentHash":"ff8de1b46976e60705776724a35d09f1f655b12d0c6feb10de6f434256ade49c"},"/Users/denisniwemugisha/ecommerce-app-legends-bn/src/controllers/shoppingCartController/updateCartController.js":{"path":"/Users/denisniwemugisha/ecommerce-app-legends-bn/src/controllers/shoppingCartController/updateCartController.js","statementMap":{"0":{"start":{"line":3,"column":0},"end":{"line":5,"column":3}},"1":{"start":{"line":6,"column":0},"end":{"line":6,"column":53}},"2":{"start":{"line":7,"column":14},"end":{"line":7,"column":70}},"3":{"start":{"line":8,"column":30},"end":{"line":8,"column":75}},"4":{"start":{"line":9,"column":23},"end":{"line":9,"column":61}},"5":{"start":{"line":10,"column":39},"end":{"line":10,"column":93}},"6":{"start":{"line":11,"column":19},"end":{"line":53,"column":2}},"7":{"start":{"line":15,"column":6},"end":{"line":15,"column":14}},"8":{"start":{"line":17,"column":18},"end":{"line":17,"column":29}},"9":{"start":{"line":18,"column":15},"end":{"line":18,"column":60}},"10":{"start":{"line":19,"column":2},"end":{"line":22,"column":5}},"11":{"start":{"line":19,"column":13},"end":{"line":22,"column":5}},"12":{"start":{"line":23,"column":19},"end":{"line":25,"column":4}},"13":{"start":{"line":24,"column":4},"end":{"line":24,"column":19}},"14":{"start":{"line":26,"column":23},"end":{"line":28,"column":4}},"15":{"start":{"line":27,"column":4},"end":{"line":27,"column":22}},"16":{"start":{"line":29,"column":19},"end":{"line":29,"column":77}},"17":{"start":{"line":30,"column":27},"end":{"line":30,"column":103}},"18":{"start":{"line":31,"column":2},"end":{"line":36,"column":3}},"19":{"start":{"line":32,"column":4},"end":{"line":35,"column":7}},"20":{"start":{"line":37,"column":22},"end":{"line":37,"column":66}},"21":{"start":{"line":38,"column":22},"end":{"line":41,"column":4}},"22":{"start":{"line":42,"column":18},"end":{"line":42,"column":63}},"23":{"start":{"line":43,"column":21},"end":{"line":43,"column":71}},"24":{"start":{"line":44,"column":2},"end":{"line":44,"column":41}},"25":{"start":{"line":45,"column":2},"end":{"line":52,"column":5}},"26":{"start":{"line":54,"column":0},"end":{"line":54,"column":32}},"27":{"start":{"line":55,"column":23},"end":{"line":83,"column":2}},"28":{"start":{"line":58,"column":6},"end":{"line":58,"column":14}},"29":{"start":{"line":59,"column":18},"end":{"line":59,"column":29}},"30":{"start":{"line":60,"column":15},"end":{"line":60,"column":60}},"31":{"start":{"line":61,"column":2},"end":{"line":64,"column":5}},"32":{"start":{"line":61,"column":13},"end":{"line":64,"column":5}},"33":{"start":{"line":65,"column":19},"end":{"line":67,"column":4}},"34":{"start":{"line":66,"column":4},"end":{"line":66,"column":19}},"35":{"start":{"line":68,"column":23},"end":{"line":70,"column":4}},"36":{"start":{"line":69,"column":4},"end":{"line":69,"column":22}},"37":{"start":{"line":71,"column":19},"end":{"line":71,"column":77}},"38":{"start":{"line":72,"column":22},"end":{"line":72,"column":46}},"39":{"start":{"line":73,"column":18},"end":{"line":73,"column":63}},"40":{"start":{"line":74,"column":21},"end":{"line":74,"column":71}},"41":{"start":{"line":75,"column":2},"end":{"line":82,"column":5}},"42":{"start":{"line":84,"column":0},"end":{"line":84,"column":40}}},"fnMap":{"0":{"name":"_interopRequireDefault","decl":{"start":{"line":10,"column":9},"end":{"line":10,"column":31}},"loc":{"start":{"line":10,"column":37},"end":{"line":10,"column":95}},"line":10},"1":{"name":"(anonymous_1)","decl":{"start":{"line":11,"column":61},"end":{"line":11,"column":62}},"loc":{"start":{"line":11,"column":81},"end":{"line":53,"column":1}},"line":11},"2":{"name":"(anonymous_2)","decl":{"start":{"line":23,"column":28},"end":{"line":23,"column":29}},"loc":{"start":{"line":23,"column":36},"end":{"line":25,"column":3}},"line":23},"3":{"name":"(anonymous_3)","decl":{"start":{"line":26,"column":37},"end":{"line":26,"column":38}},"loc":{"start":{"line":26,"column":45},"end":{"line":28,"column":3}},"line":26},"4":{"name":"(anonymous_4)","decl":{"start":{"line":55,"column":65},"end":{"line":55,"column":66}},"loc":{"start":{"line":55,"column":85},"end":{"line":83,"column":1}},"line":55},"5":{"name":"(anonymous_5)","decl":{"start":{"line":65,"column":28},"end":{"line":65,"column":29}},"loc":{"start":{"line":65,"column":36},"end":{"line":67,"column":3}},"line":65},"6":{"name":"(anonymous_6)","decl":{"start":{"line":68,"column":37},"end":{"line":68,"column":38}},"loc":{"start":{"line":68,"column":45},"end":{"line":70,"column":3}},"line":68}},"branchMap":{"0":{"loc":{"start":{"line":10,"column":46},"end":{"line":10,"column":92}},"type":"cond-expr","locations":[{"start":{"line":10,"column":70},"end":{"line":10,"column":73}},{"start":{"line":10,"column":76},"end":{"line":10,"column":92}}],"line":10},"1":{"loc":{"start":{"line":10,"column":46},"end":{"line":10,"column":67}},"type":"binary-expr","locations":[{"start":{"line":10,"column":46},"end":{"line":10,"column":49}},{"start":{"line":10,"column":53},"end":{"line":10,"column":67}}],"line":10},"2":{"loc":{"start":{"line":19,"column":2},"end":{"line":22,"column":5}},"type":"if","locations":[{"start":{"line":19,"column":2},"end":{"line":22,"column":5}},{"start":{"line":19,"column":2},"end":{"line":22,"column":5}}],"line":19},"3":{"loc":{"start":{"line":31,"column":2},"end":{"line":36,"column":3}},"type":"if","locations":[{"start":{"line":31,"column":2},"end":{"line":36,"column":3}},{"start":{"line":31,"column":2},"end":{"line":36,"column":3}}],"line":31},"4":{"loc":{"start":{"line":61,"column":2},"end":{"line":64,"column":5}},"type":"if","locations":[{"start":{"line":61,"column":2},"end":{"line":64,"column":5}},{"start":{"line":61,"column":2},"end":{"line":64,"column":5}}],"line":61}},"s":{"0":1,"1":1,"2":1,"3":1,"4":1,"5":1,"6":1,"7":0,"8":0,"9":0,"10":0,"11":0,"12":0,"13":0,"14":0,"15":0,"16":0,"17":0,"18":0,"19":0,"20":0,"21":0,"22":0,"23":0,"24":0,"25":0,"26":1,"27":1,"28":0,"29":0,"30":0,"31":0,"32":0,"33":0,"34":0,"35":0,"36":0,"37":0,"38":0,"39":0,"40":0,"41":0,"42":1},"f":{"0":1,"1":0,"2":0,"3":0,"4":0,"5":0,"6":0},"b":{"0":[0,1],"1":[1,1],"2":[0,0],"3":[0,0],"4":[0,0]},"inputSourceMap":{"version":3,"names":["_models","_interopRequireDefault","require","_handlingTryCatchBlocks","_getCartsHandler","obj","__esModule","default","updateCart","asyncWrapper","req","res","id","quantity","body","buyerId","user","cart","getCarts","status","json","t","message","cartData","map","item","itemToUpdate","find","cartItem","db","shoppingCarts","findByPk","productVariation","ProductAttribute","dataValues","product","totalAmount","price","updatedCart","update","totalpricePerProduct","newCart","totalPrice","CalculateTotalPrice","console","log","data","carts","exports","deleteCartItem","itemToDelete","deletedItem","destroy"],"sourceRoot":"/Users/denisniwemugisha/ecommerce-app-legends-bn/src/controllers/shoppingCartController/","sources":["updateCartController.js"],"sourcesContent":["import db from '../../database/models';\nimport { asyncWrapper } from '../../utils/handlingTryCatchBlocks';\nimport { getCarts, CalculateTotalPrice } from '../../utils/getCartsHandler';\n\nexport const updateCart = asyncWrapper(async (req, res) => {\n  const { id, quantity } = req.body;\n  // console.log('Hello id',id);\n  const buyerId = req.user.id;\n  const cart = await getCarts(buyerId)\n  if (!cart)\n    return res\n      .status(404)\n      .json({ status: req.t('fail'), message: req.t('not_found') });\n  const cartData = cart.map((item) => {\n    return item.id;\n  });\n  const itemToUpdate = cartData.find((item) => {\n    return item == id;\n  });\n  const cartItem = await db.shoppingCarts.findByPk(itemToUpdate);\n  const productVariation = await db.ProductAttribute.findByPk(\n    cartItem.dataValues.product\n  );\n  if (productVariation.dataValues.quantity < quantity) {\n    return res.status(404).json({\n      status: req.t('fail'),\n      message: req.t('exceeds_stock'),\n    });\n  }\n  const totalAmount = productVariation.dataValues.price * quantity;\n  const updatedCart = await cartItem.update({\n    quantity,\n    totalpricePerProduct: totalAmount,\n  });\n    const newCart = await getCarts(buyerId);\n  const totalPrice = CalculateTotalPrice(newCart);\n  console.log('Hello total', totalPrice);\n  res.status(201).json({\n    status: req.t('success'),\n    message: req.t('cart_item_updated'),\n    data: {carts:newCart, totalPrice},\n  });\n});\n\nexport const deleteCartItem = asyncWrapper(async (req, res) => {\n  const { id } = req.body;\n  const buyerId = req.user.id;\n  const cart = await getCarts(buyerId);\n  if (!cart)\n    return res\n      .status(404)\n      .json({ status: req.t('fail'), message: req.t('not_found') });\n  const cartData = cart.map((item) => {\n    return item.id;\n  });\n  const itemToDelete = cartData.find((item) => {\n    return item == id;\n  });\n  const cartItem = await db.shoppingCarts.findByPk(itemToDelete);\n    const deletedItem = await cartItem.destroy();\n    const newCart = await getCarts(buyerId);\n    const totalPrice = CalculateTotalPrice(newCart);\n    res.status(200).json({\n    status: req.t('success'),\n    message: req.t('cart_item_deleted'),\n    data: {carts:newCart, totalPrice},\n  });\n});\n\n\n"],"mappings":";;;;;;AAAA,IAAAA,OAAA,GAAAC,sBAAA,CAAAC,OAAA;AACA,IAAAC,uBAAA,GAAAD,OAAA;AACA,IAAAE,gBAAA,GAAAF,OAAA;AAA4E,SAAAD,uBAAAI,GAAA,WAAAA,GAAA,IAAAA,GAAA,CAAAC,UAAA,GAAAD,GAAA,KAAAE,OAAA,EAAAF,GAAA;AAErE,MAAMG,UAAU,GAAG,IAAAC,oCAAY,EAAC,OAAOC,GAAG,EAAEC,GAAG,KAAK;EACzD,MAAM;IAAEC,EAAE;IAAEC;EAAS,CAAC,GAAGH,GAAG,CAACI,IAAI;EACjC;EACA,MAAMC,OAAO,GAAGL,GAAG,CAACM,IAAI,CAACJ,EAAE;EAC3B,MAAMK,IAAI,GAAG,MAAM,IAAAC,yBAAQ,EAACH,OAAO,CAAC;EACpC,IAAI,CAACE,IAAI,EACP,OAAON,GAAG,CACPQ,MAAM,CAAC,GAAG,CAAC,CACXC,IAAI,CAAC;IAAED,MAAM,EAAET,GAAG,CAACW,CAAC,CAAC,MAAM,CAAC;IAAEC,OAAO,EAAEZ,GAAG,CAACW,CAAC,CAAC,WAAW;EAAE,CAAC,CAAC;EACjE,MAAME,QAAQ,GAAGN,IAAI,CAACO,GAAG,CAAEC,IAAI,IAAK;IAClC,OAAOA,IAAI,CAACb,EAAE;EAChB,CAAC,CAAC;EACF,MAAMc,YAAY,GAAGH,QAAQ,CAACI,IAAI,CAAEF,IAAI,IAAK;IAC3C,OAAOA,IAAI,IAAIb,EAAE;EACnB,CAAC,CAAC;EACF,MAAMgB,QAAQ,GAAG,MAAMC,eAAE,CAACC,aAAa,CAACC,QAAQ,CAACL,YAAY,CAAC;EAC9D,MAAMM,gBAAgB,GAAG,MAAMH,eAAE,CAACI,gBAAgB,CAACF,QAAQ,CACzDH,QAAQ,CAACM,UAAU,CAACC,OAAO,CAC5B;EACD,IAAIH,gBAAgB,CAACE,UAAU,CAACrB,QAAQ,GAAGA,QAAQ,EAAE;IACnD,OAAOF,GAAG,CAACQ,MAAM,CAAC,GAAG,CAAC,CAACC,IAAI,CAAC;MAC1BD,MAAM,EAAET,GAAG,CAACW,CAAC,CAAC,MAAM,CAAC;MACrBC,OAAO,EAAEZ,GAAG,CAACW,CAAC,CAAC,eAAe;IAChC,CAAC,CAAC;EACJ;EACA,MAAMe,WAAW,GAAGJ,gBAAgB,CAACE,UAAU,CAACG,KAAK,GAAGxB,QAAQ;EAChE,MAAMyB,WAAW,GAAG,MAAMV,QAAQ,CAACW,MAAM,CAAC;IACxC1B,QAAQ;IACR2B,oBAAoB,EAAEJ;EACxB,CAAC,CAAC;EACA,MAAMK,OAAO,GAAG,MAAM,IAAAvB,yBAAQ,EAACH,OAAO,CAAC;EACzC,MAAM2B,UAAU,GAAG,IAAAC,oCAAmB,EAACF,OAAO,CAAC;EAC/CG,OAAO,CAACC,GAAG,CAAC,aAAa,EAAEH,UAAU,CAAC;EACtC/B,GAAG,CAACQ,MAAM,CAAC,GAAG,CAAC,CAACC,IAAI,CAAC;IACnBD,MAAM,EAAET,GAAG,CAACW,CAAC,CAAC,SAAS,CAAC;IACxBC,OAAO,EAAEZ,GAAG,CAACW,CAAC,CAAC,mBAAmB,CAAC;IACnCyB,IAAI,EAAE;MAACC,KAAK,EAACN,OAAO;MAAEC;IAAU;EAClC,CAAC,CAAC;AACJ,CAAC,CAAC;AAACM,OAAA,CAAAxC,UAAA,GAAAA,UAAA;AAEI,MAAMyC,cAAc,GAAG,IAAAxC,oCAAY,EAAC,OAAOC,GAAG,EAAEC,GAAG,KAAK;EAC7D,MAAM;IAAEC;EAAG,CAAC,GAAGF,GAAG,CAACI,IAAI;EACvB,MAAMC,OAAO,GAAGL,GAAG,CAACM,IAAI,CAACJ,EAAE;EAC3B,MAAMK,IAAI,GAAG,MAAM,IAAAC,yBAAQ,EAACH,OAAO,CAAC;EACpC,IAAI,CAACE,IAAI,EACP,OAAON,GAAG,CACPQ,MAAM,CAAC,GAAG,CAAC,CACXC,IAAI,CAAC;IAAED,MAAM,EAAET,GAAG,CAACW,CAAC,CAAC,MAAM,CAAC;IAAEC,OAAO,EAAEZ,GAAG,CAACW,CAAC,CAAC,WAAW;EAAE,CAAC,CAAC;EACjE,MAAME,QAAQ,GAAGN,IAAI,CAACO,GAAG,CAAEC,IAAI,IAAK;IAClC,OAAOA,IAAI,CAACb,EAAE;EAChB,CAAC,CAAC;EACF,MAAMsC,YAAY,GAAG3B,QAAQ,CAACI,IAAI,CAAEF,IAAI,IAAK;IAC3C,OAAOA,IAAI,IAAIb,EAAE;EACnB,CAAC,CAAC;EACF,MAAMgB,QAAQ,GAAG,MAAMC,eAAE,CAACC,aAAa,CAACC,QAAQ,CAACmB,YAAY,CAAC;EAC5D,MAAMC,WAAW,GAAG,MAAMvB,QAAQ,CAACwB,OAAO,EAAE;EAC5C,MAAMX,OAAO,GAAG,MAAM,IAAAvB,yBAAQ,EAACH,OAAO,CAAC;EACvC,MAAM2B,UAAU,GAAG,IAAAC,oCAAmB,EAACF,OAAO,CAAC;EAC/C9B,GAAG,CAACQ,MAAM,CAAC,GAAG,CAAC,CAACC,IAAI,CAAC;IACrBD,MAAM,EAAET,GAAG,CAACW,CAAC,CAAC,SAAS,CAAC;IACxBC,OAAO,EAAEZ,GAAG,CAACW,CAAC,CAAC,mBAAmB,CAAC;IACnCyB,IAAI,EAAE;MAACC,KAAK,EAACN,OAAO;MAAEC;IAAU;EAClC,CAAC,CAAC;AACJ,CAAC,CAAC;AAACM,OAAA,CAAAC,cAAA,GAAAA,cAAA"},"_coverageSchema":"1a1c01bbd47fc00a2c39e90264f33305004495a9","hash":"59f8a77a275a8d9753ef7dcea1e8e187e7fe3c85","contentHash":"715c437370169ab25a8cc1d3e4e41f1dce66cda0d2d1c78a6561dd8c68d7145f"},"/Users/denisniwemugisha/ecommerce-app-legends-bn/src/utils/getCartsHandler.js":{"path":"/Users/denisniwemugisha/ecommerce-app-legends-bn/src/utils/getCartsHandler.js","statementMap":{"0":{"start":{"line":3,"column":0},"end":{"line":5,"column":3}},"1":{"start":{"line":6,"column":0},"end":{"line":6,"column":56}},"2":{"start":{"line":7,"column":14},"end":{"line":7,"column":67}},"3":{"start":{"line":8,"column":39},"end":{"line":8,"column":93}},"4":{"start":{"line":9,"column":17},"end":{"line":16,"column":1}},"5":{"start":{"line":10,"column":16},"end":{"line":14,"column":4}},"6":{"start":{"line":15,"column":2},"end":{"line":15,"column":15}},"7":{"start":{"line":17,"column":0},"end":{"line":17,"column":28}},"8":{"start":{"line":18,"column":28},"end":{"line":23,"column":1}},"9":{"start":{"line":19,"column":21},"end":{"line":21,"column":31}},"10":{"start":{"line":20,"column":4},"end":{"line":20,"column":37}},"11":{"start":{"line":21,"column":22},"end":{"line":21,"column":27}},"12":{"start":{"line":22,"column":2},"end":{"line":22,"column":20}},"13":{"start":{"line":24,"column":0},"end":{"line":24,"column":50}}},"fnMap":{"0":{"name":"_interopRequireDefault","decl":{"start":{"line":8,"column":9},"end":{"line":8,"column":31}},"loc":{"start":{"line":8,"column":37},"end":{"line":8,"column":95}},"line":8},"1":{"name":"(anonymous_1)","decl":{"start":{"line":9,"column":17},"end":{"line":9,"column":18}},"loc":{"start":{"line":9,"column":34},"end":{"line":16,"column":1}},"line":9},"2":{"name":"(anonymous_2)","decl":{"start":{"line":18,"column":28},"end":{"line":18,"column":29}},"loc":{"start":{"line":18,"column":36},"end":{"line":23,"column":1}},"line":18},"3":{"name":"(anonymous_3)","decl":{"start":{"line":19,"column":30},"end":{"line":19,"column":31}},"loc":{"start":{"line":19,"column":38},"end":{"line":21,"column":3}},"line":19},"4":{"name":"(anonymous_4)","decl":{"start":{"line":21,"column":12},"end":{"line":21,"column":13}},"loc":{"start":{"line":21,"column":22},"end":{"line":21,"column":27}},"line":21}},"branchMap":{"0":{"loc":{"start":{"line":8,"column":46},"end":{"line":8,"column":92}},"type":"cond-expr","locations":[{"start":{"line":8,"column":70},"end":{"line":8,"column":73}},{"start":{"line":8,"column":76},"end":{"line":8,"column":92}}],"line":8},"1":{"loc":{"start":{"line":8,"column":46},"end":{"line":8,"column":67}},"type":"binary-expr","locations":[{"start":{"line":8,"column":46},"end":{"line":8,"column":49}},{"start":{"line":8,"column":53},"end":{"line":8,"column":67}}],"line":8}},"s":{"0":1,"1":1,"2":1,"3":1,"4":1,"5":0,"6":0,"7":1,"8":1,"9":0,"10":0,"11":0,"12":0,"13":1},"f":{"0":1,"1":0,"2":0,"3":0,"4":0},"b":{"0":[0,1],"1":[1,1]},"inputSourceMap":{"version":3,"names":["_models","_interopRequireDefault","require","obj","__esModule","default","getCarts","buyerId","carts","db","shoppingCarts","findAll","where","buyer","exports","CalculateTotalPrice","cart","totalPrice","map","item","totalpricePerProduct","reduce","a","b"],"sourceRoot":"/Users/denisniwemugisha/ecommerce-app-legends-bn/src/utils/","sources":["getCartsHandler.js"],"sourcesContent":["import db from '../database/models';\nexport const getCarts = async (buyerId) => {\n  const carts = await db.shoppingCarts.findAll({ where: { buyer: buyerId } });\n  return carts;\n};\nexport const CalculateTotalPrice = (cart) => {\n  const totalPrice = cart\n    .map((item) => {\n      return item.totalpricePerProduct;\n    })\n    .reduce((a, b) => a + b, 0);\n  return totalPrice;\n};"],"mappings":";;;;;;AAAA,IAAAA,OAAA,GAAAC,sBAAA,CAAAC,OAAA;AAAoC,SAAAD,uBAAAE,GAAA,WAAAA,GAAA,IAAAA,GAAA,CAAAC,UAAA,GAAAD,GAAA,KAAAE,OAAA,EAAAF,GAAA;AAC7B,MAAMG,QAAQ,GAAG,MAAOC,OAAO,IAAK;EACzC,MAAMC,KAAK,GAAG,MAAMC,eAAE,CAACC,aAAa,CAACC,OAAO,CAAC;IAAEC,KAAK,EAAE;MAAEC,KAAK,EAAEN;IAAQ;EAAE,CAAC,CAAC;EAC3E,OAAOC,KAAK;AACd,CAAC;AAACM,OAAA,CAAAR,QAAA,GAAAA,QAAA;AACK,MAAMS,mBAAmB,GAAIC,IAAI,IAAK;EAC3C,MAAMC,UAAU,GAAGD,IAAI,CACpBE,GAAG,CAAEC,IAAI,IAAK;IACb,OAAOA,IAAI,CAACC,oBAAoB;EAClC,CAAC,CAAC,CACDC,MAAM,CAAC,CAACC,CAAC,EAAEC,CAAC,KAAKD,CAAC,GAAGC,CAAC,EAAE,CAAC,CAAC;EAC7B,OAAON,UAAU;AACnB,CAAC;AAACH,OAAA,CAAAC,mBAAA,GAAAA,mBAAA"},"_coverageSchema":"1a1c01bbd47fc00a2c39e90264f33305004495a9","hash":"ec39c853c2724789b2f8358e12107fb861cfeb20","contentHash":"589d48777bd05afd8dab2cdb0a9ba56f3389a197952ec03ac830090d31680556"}}